2025-04-13 09:34:01,431 - root - INFO - 使用修正后的ID格式成功连接频道: 「被复制的频道-1」
2025-04-13 09:34:01,023 - root - INFO - 尝试修正频道ID格式: 2530080525 -> -1002530080525
2025-04-13 09:34:01,022 - root - INFO - 使用修正后的ID格式成功连接频道: 「TH Code 💸」
2025-04-13 09:34:00,888 - root - INFO - 尝试修正频道ID格式: 2232583800 -> -1002232583800
2025-04-13 09:34:00,888 - root - INFO - 使用修正后的ID格式成功连接频道: 「ミSIKKIM WITH UBAI 彡」
2025-04-13 09:34:00,765 - root - INFO - 尝试修正频道ID格式: 2302062901 -> -1002302062901
2025-04-13 09:34:00,765 - root - INFO - 使用修正后的ID格式成功连接频道: 「茶楼 #深圳榜」
2025-04-13 09:34:00,641 - root - INFO - 尝试修正频道ID格式: 1700781143 -> -1001700781143
2025-04-13 09:34:00,637 - root - INFO - 使用修正后的ID格式成功连接频道: 「SZ 娱乐资源」
2025-04-13 09:34:00,514 - root - INFO - 尝试修正频道ID格式: 2200871867 -> -1002200871867
2025-04-13 09:34:00,514 - root - INFO - 使用修正后的ID格式成功连接频道: 「深圳最全动态榜」
2025-04-13 09:34:00,374 - root - INFO - 尝试修正频道ID格式: 2285829348 -> -1002285829348
2025-04-13 09:34:00,372 - root - INFO - 使用修正后的ID格式成功连接频道: 「深圳修车911」
2025-04-13 09:34:00,245 - root - INFO - 尝试修正频道ID格式: 1400271705 -> -1001400271705
2025-04-13 09:34:00,245 - root - INFO - 使用修正后的ID格式成功连接频道: 「深圳榨汁大队选妃区」
2025-04-13 09:34:00,122 - root - INFO - 尝试修正频道ID格式: 1514377668 -> -1001514377668
2025-04-13 09:34:00,122 - root - INFO - 使用修正后的ID格式成功连接频道: 「深圳玩乐资源约炮女神榜」
2025-04-13 09:33:59,993 - root - INFO - 尝试修正频道ID格式: 2250735569 -> -1002250735569
2025-04-13 09:33:59,993 - root - INFO - 使用修正后的ID格式成功连接频道: 「深圳修车大队」
2025-04-13 09:33:59,866 - root - INFO - 尝试修正频道ID格式: 1598335961 -> -1001598335961
2025-04-13 09:33:59,866 - root - INFO - 原始SOURCE_CHANNELS长度: 16
2025-04-13 09:33:59,861 - root - WARNING - 手动加入方法: 在Telegram客户端中使用搜索功能或邀请链接加入这些频道
2025-04-13 09:33:59,861 - root - WARNING - 有些频道无法自动加入，请手动加入这些频道后再运行程序
2025-04-13 09:33:59,861 - root - INFO - ✅ 已是频道成员: 深圳五陵修车大队
2025-04-13 09:33:59,861 - root - INFO - ❌ 加入失败，请手动加入: https://t.me/+aQE-8OfxAx5lODk0
2025-04-13 09:33:59,861 - root - INFO - ✅ 已从记录中恢复: 深圳榨汁选妃区（备用）
2025-04-13 09:33:59,861 - root - INFO - ✅ 已从记录中恢复: 深圳茶楼#罗湖区
2025-04-13 09:33:59,861 - root - INFO - ✅ 已从记录中恢复: 深圳红粉佳人老师优选榜
2025-04-13 09:33:59,861 - root - INFO - ✅ 已从记录中恢复: 深圳桃花榜
2025-04-13 09:33:59,859 - root - INFO - ✅ 已从记录中恢复: 深圳月下花影频道
2025-04-13 09:33:59,855 - root - INFO - ✅ 已从记录中恢复: 被复制的频道-1
2025-04-13 09:33:59,855 - root - INFO - ✅ 已从记录中恢复: TH Code 💸
2025-04-13 09:33:59,855 - root - INFO - ✅ 已从记录中恢复: ミSIKKIM WITH UBAI 彡
2025-04-13 09:33:59,855 - root - INFO - ✅ 已从记录中恢复: 茶楼 #深圳榜
2025-04-13 09:33:59,855 - root - INFO - ✅ 已从记录中恢复: SZ 娱乐资源
2025-04-13 09:33:59,851 - root - INFO - ✅ 已从记录中恢复: 深圳最全动态榜
2025-04-13 09:33:59,851 - root - INFO - ✅ 已从记录中恢复: 深圳修车911
2025-04-13 09:33:59,851 - root - INFO - ✅ 已从记录中恢复: 深圳榨汁大队选妃区
2025-04-13 09:33:59,851 - root - INFO - ✅ 已从记录中恢复: 深圳玩乐资源约炮女神榜
2025-04-13 09:33:59,851 - root - INFO - ✅ 已从记录中恢复: 深圳修车大队
2025-04-13 09:33:59,851 - root - INFO - 频道加入结果摘要:
2025-04-13 09:33:59,849 - root - INFO - 已更新频道记录文件，共 16 个频道链接
2025-04-13 09:33:59,849 - root - INFO - 已保存 16 个已加入频道的记录
2025-04-13 09:33:42,757 - root - INFO - 模拟在频道停留 17.1 秒
2025-04-13 09:33:42,757 - root - INFO - 决定此次访问频道 深圳五陵修车大队 时不调用任何API，仅模拟浏览
2025-04-13 09:33:42,751 - root - INFO - 开始真实浏览频道: 深圳五陵修车大队 (ID: 2334178019)
2025-04-13 09:33:42,750 - root - INFO - 对已加入频道进行简单浏览...
2025-04-13 09:33:42,749 - root - INFO - 检测到已经是频道成员，无需重复加入: 深圳五陵修车大队
2025-04-13 09:32:39,321 - root - INFO - [2/2] 等待 63.2 秒后尝试加入下一个频道...
2025-04-13 09:32:39,321 - root - WARNING - 加入频道失败，所有尝试方式均未成功: https://t.me/+aQE-8OfxAx5lODk0
2025-04-13 09:32:39,319 - root - ERROR - 第二种方式也失败了: Cannot get entity from a channel (or group) that you are not part of. Join the group and retry
2025-04-13 09:32:39,182 - root - INFO - 尝试使用第二种方式加入: 使用完整链接直接获取实体
2025-04-13 09:32:39,178 - root - ERROR - 第一种方式加入失败: You have successfully requested to join this chat or channel (caused by ImportChatInviteRequest)
2025-04-13 09:32:39,045 - root - INFO - 向Telegram API发送ImportChatInviteRequest，哈希值: 'aQE-8OfxAx5lODk0'
2025-04-13 09:32:37,014 - root - INFO - 尝试通过邀请链接加入: https://t.me/+aQE-8OfxAx5lODk0
2025-04-13 09:32:37,013 - root - INFO - 从/+格式链接提取哈希值: aQE-8OfxAx5lODk0
2025-04-13 09:32:37,009 - root - INFO - 正在提取邀请哈希，链接: https://t.me/+aQE-8OfxAx5lODk0
2025-04-13 09:32:37,009 - root - INFO - 检测到频道链接: https://t.me/+aQE-8OfxAx5lODk0
2025-04-13 09:32:37,009 - root - INFO - 频道 https://t.me/+aQE-8OfxAx5lODk0 可能尚未加入，将尝试加入: Cannot get entity from a channel (or group) that you are not part of. Join the group and retry
2025-04-13 09:31:23,279 - root - INFO - [1/2] 等待 73.6 秒后尝试加入下一个频道...
2025-04-13 09:31:23,279 - root - INFO - 准备加入 2 个频道，将模拟人类操作速度...
2025-04-13 09:31:23,275 - root - INFO - 已从记录中恢复频道: 深圳榨汁选妃区（备用） (ID: 2312735206)
2025-04-13 09:31:23,024 - root - INFO - 跳过已记录加入的频道: https://t.me/zhazhishenzhenxf
2025-04-13 09:31:23,024 - root - INFO - 已从记录中恢复频道: 深圳茶楼#罗湖区 (ID: 1768965746)
2025-04-13 09:31:22,866 - root - INFO - 跳过已记录加入的频道: https://t.me/SZCLLHW
2025-04-13 09:31:22,866 - root - INFO - 已从记录中恢复频道: 深圳红粉佳人老师优选榜 (ID: 1594740623)
2025-04-13 09:31:22,736 - root - INFO - 跳过已记录加入的频道: https://t.me/futianyf
2025-04-13 09:31:22,736 - root - INFO - 已从记录中恢复频道: 深圳桃花榜 (ID: 2294786000)
2025-04-13 09:31:22,594 - root - INFO - 跳过已记录加入的频道: https://t.me/szplumsomm
2025-04-13 09:31:22,594 - root - INFO - 已从记录中恢复频道: 深圳月下花影频道 (ID: 1715805805)
2025-04-13 09:31:22,464 - root - INFO - 跳过已记录加入的频道: https://t.me/cdxiyin123
2025-04-13 09:31:22,464 - root - INFO - 已从记录中恢复频道: 被复制的频道-1 (ID: 2530080525)
2025-04-13 09:31:22,332 - root - INFO - 跳过已记录加入的频道: https://t.me/beifuzhicopy
2025-04-13 09:31:22,331 - root - INFO - 已从记录中恢复频道: TH Code 💸 (ID: 2232583800)
2025-04-13 09:31:22,195 - root - INFO - 跳过已记录加入的频道: https://t.me/THCODEOFFICIAL
2025-04-13 09:31:22,195 - root - INFO - 已从记录中恢复频道: ミSIKKIM WITH UBAI 彡 (ID: 2302062901)
2025-04-13 09:31:22,070 - root - INFO - 跳过已记录加入的频道: https://t.me/diuwin2001
2025-04-13 09:31:22,070 - root - INFO - 已从记录中恢复频道: 茶楼 #深圳榜 (ID: 1700781143)
2025-04-13 09:31:21,938 - root - INFO - 跳过已记录加入的频道: https://t.me/+Hwxl-3cepmkzZmFl
2025-04-13 09:31:21,937 - root - INFO - 已从记录中恢复频道: SZ 娱乐资源 (ID: 2200871867)
2025-04-13 09:31:21,809 - root - INFO - 跳过已记录加入的频道: https://t.me/szylzy1
2025-04-13 09:31:21,809 - root - INFO - 已从记录中恢复频道: 深圳最全动态榜 (ID: 2285829348)
2025-04-13 09:31:21,681 - root - INFO - 跳过已记录加入的频道: https://t.me/szzqdt
2025-04-13 09:31:21,681 - root - INFO - 已从记录中恢复频道: 深圳修车911 (ID: 1400271705)
2025-04-13 09:31:21,534 - root - INFO - 跳过已记录加入的频道: https://t.me/kanni66
2025-04-13 09:31:21,530 - root - INFO - 已从记录中恢复频道: 深圳榨汁大队选妃区 (ID: 1514377668)
2025-04-13 09:31:21,388 - root - INFO - 跳过已记录加入的频道: https://t.me/+VZlJUUemo4xjOTUx
2025-04-13 09:31:21,388 - root - INFO - 已从记录中恢复频道: 深圳玩乐资源约炮女神榜 (ID: 2250735569)
2025-04-13 09:31:21,263 - root - INFO - 跳过已记录加入的频道: https://t.me/ahakha
2025-04-13 09:31:21,263 - root - INFO - 已从记录中恢复频道: 深圳修车大队 (ID: 1598335961)
2025-04-13 09:31:21,129 - root - INFO - 跳过已记录加入的频道: https://t.me/+yXL4uZgD7p1jZGZl
2025-04-13 09:31:21,129 - root - INFO - 尝试自动加入配置的源频道...
2025-04-13 09:31:21,129 - root - INFO - 已加载 15 个已加入频道的记录
2025-04-13 09:31:21,125 - root - INFO - 登录成功!
2025-04-13 09:31:20,235 - telethon.network.mtprotosender - INFO - Connection to 91.108.56.183:443/TcpFull complete!
2025-04-13 09:31:20,232 - telethon.network.mtprotosender - INFO - Connecting to 91.108.56.183:443/TcpFull...
2025-04-13 09:31:20,232 - root - INFO - 使用已有会话登录...
2025-04-13 09:31:20,228 - root - INFO - ==================================================
2025-04-13 09:31:20,228 - root - INFO - 高级转发机器人启动 - 2025-04-13 09:31:20
2025-04-13 09:31:20,226 - root - INFO - ==================================================
2025-04-13 09:31:00,805 - telethon.network.mtprotosender - INFO - Disconnecting from 91.108.56.183:443/TcpFull...
2025-04-13 09:31:00,807 - telethon.network.mtprotosender - INFO - Disconnection from 91.108.56.183:443/TcpFull complete!
