2025-04-18 22:45:49,134 - root - INFO - 保存消息计数数据并退出...
2025-04-18 22:45:49,134 - telethon.network.mtprotosender - INFO - Disconnection from 91.108.56.155:443/TcpFull complete!
2025-04-18 22:45:49,133 - telethon.network.mtprotosender - INFO - Disconnecting from 91.108.56.155:443/TcpFull...
2025-04-18 22:43:13,426 - root - INFO - 跳过重复消息，联系人: @Xiag6868，计数器已更新为: 1
2025-04-18 22:43:13,425 - root - INFO - 已更新联系人 @Xiag6868 的重复计数器为 1
2025-04-18 22:43:10,165 - root - INFO - 检测到重复联系人: @Xiag6868，当前计数器值: 0
2025-04-18 22:43:07,564 - root - INFO - 消息 (ID: 61) 完整文本内容: 位置：宝安 西乡
名字：小鱼

私聊：@Xiag6868
频道：@Xiag999
双向机器人：@LXaaa798bot
位置：宝安 西乡
名字：小鱼

私聊：@Xiag6868
频道：@Xiag999
双向机器人：@LXaaa798bot
位置：宝安 西乡
名字：小鱼

私聊：@Xiag6868
频道：@Xiag999
双向机器人：@LXaaa798bot
2025-04-18 22:43:07,564 - root - INFO - 收到来自频道「被复制的群组-1」的新消息: 61
2025-04-18 22:43:07,564 - root - INFO - 处理新消息，当前处理状态: 空闲
2025-04-18 22:42:51,617 - root - INFO - 转发后短暂暂停 2.5 秒
2025-04-18 22:42:51,617 - root - INFO - 消息记录已保存到MySQL数据库，联系人: @Xiag6868
2025-04-18 22:42:51,617 - root - INFO - 已将消息记录保存到MySQL (ID: 3)
2025-04-18 22:42:48,652 - root - INFO - 处理后的消息文本长度: 原始179字符 -> 处理后61字符
2025-04-18 22:42:48,651 - root - INFO - 下次可转发时间: 22:52:48
2025-04-18 22:42:48,649 - root - INFO - 已启动 10 分钟冷却时间，下次可转发时间: 22:52:48
2025-04-18 22:42:48,648 - root - INFO - 今日已转发 1/300 条消息，剩余配额: 299 条
2025-04-18 22:42:48,648 - root - INFO - 已转发媒体消息 (ID: 60) 到目标频道，新消息ID: 1418
2025-04-18 22:42:46,852 - root - INFO - 模拟媒体上传准备时间: 1.6秒
2025-04-18 22:42:46,851 - root - INFO - 处理来自「被复制的群组-1」的媒体消息
2025-04-18 22:42:43,132 - root - INFO - 模拟转发前的思考/处理时间: 3.7秒
2025-04-18 22:42:32,448 - root - INFO - 根据消息类型和长度，模拟真实阅读延迟: 10.7秒
2025-04-18 22:42:32,448 - root - INFO - 首次转发消息，无需等待冷却时间
2025-04-18 22:42:32,447 - root - INFO - 消息 (ID: 60) 包含媒体且文本包含关键词，将进行转发
2025-04-18 22:42:32,447 - root - INFO - 找到关键词匹配: '私聊'
2025-04-18 22:42:32,447 - root - INFO - 重复消息计数达到阈值 (4)，将允许转发并重置计数器
2025-04-18 22:42:32,446 - root - INFO - 已更新联系人 @Xiag6868 的重复计数器为 0
2025-04-18 22:42:30,116 - root - INFO - 检测到重复联系人: @Xiag6868，当前计数器值: 3
2025-04-18 22:42:27,636 - root - INFO - 消息 (ID: 60) 完整文本内容: 位置：宝安 西乡
名字：小鱼

私聊：@Xiag6868
频道：@Xiag999
双向机器人：@LXaaa798bot
位置：宝安 西乡
名字：小鱼

私聊：@Xiag6868
频道：@Xiag999
双向机器人：@LXaaa798bot
位置：宝安 西乡
名字：小鱼

私聊：@Xiag6868
频道：@Xiag999
双向机器人：@LXaaa798bot
2025-04-18 22:42:27,636 - root - INFO - 收到来自频道「被复制的群组-1」的新消息: 60
2025-04-18 22:42:27,635 - root - INFO - 处理新消息，当前处理状态: 空闲
2025-04-18 22:42:21,317 - root - INFO - 跳过重复消息，联系人: @Xiag6868，计数器已更新为: 3
2025-04-18 22:42:21,316 - root - INFO - 已更新联系人 @Xiag6868 的重复计数器为 3
2025-04-18 22:42:18,894 - root - INFO - 检测到重复联系人: @Xiag6868，当前计数器值: 2
2025-04-18 22:42:16,754 - root - INFO - 消息 (ID: 59) 完整文本内容: 位置：宝安 西乡
名字：小鱼

私聊：@Xiag6868
频道：@Xiag999
双向机器人：@LXaaa798bot
位置：宝安 西乡
名字：小鱼

私聊：@Xiag6868
频道：@Xiag999
双向机器人：@LXaaa798bot
位置：宝安 西乡
名字：小鱼

私聊：@Xiag6868
频道：@Xiag999
双向机器人：@LXaaa798bot
2025-04-18 22:42:16,754 - root - INFO - 收到来自频道「被复制的群组-1」的新消息: 59
2025-04-18 22:42:16,753 - root - INFO - 处理新消息，当前处理状态: 空闲
2025-04-18 22:42:04,137 - root - INFO - 跳过重复消息，联系人: @Xiag6868，计数器已更新为: 2
2025-04-18 22:42:04,136 - root - INFO - 已更新联系人 @Xiag6868 的重复计数器为 2
2025-04-18 22:42:00,681 - root - INFO - 检测到重复联系人: @Xiag6868，当前计数器值: 1
2025-04-18 22:41:57,889 - root - INFO - 消息 (ID: 58) 完整文本内容: 位置：宝安 西乡
名字：小鱼

私聊：@Xiag6868
频道：@Xiag999
双向机器人：@LXaaa798bot
位置：宝安 西乡
名字：小鱼

私聊：@Xiag6868
频道：@Xiag999
双向机器人：@LXaaa798bot
位置：宝安 西乡
名字：小鱼

私聊：@Xiag6868
频道：@Xiag999
双向机器人：@LXaaa798bot
2025-04-18 22:41:57,889 - root - INFO - 收到来自频道「被复制的群组-1」的新消息: 58
2025-04-18 22:41:57,888 - root - INFO - 处理新消息，当前处理状态: 空闲
2025-04-18 22:41:29,436 - root - INFO - 每日消息配额: 300条，今日已发送: 0条，剩余: 300条
2025-04-18 22:41:29,436 - root - INFO - 目标频道: -1001915427892
2025-04-18 22:41:29,435 - root - INFO - 监控的频道: [<telethon.tl.types.Channel object at 0x000001CE1AB06A10>, <telethon.tl.types.Channel object at 0x000001CE1AB06C50>, <telethon.tl.types.Channel object at 0x000001CE1AB06590>]
2025-04-18 22:41:29,435 - root - INFO - 高级转发机器人已启动，正在监控频道...
2025-04-18 22:41:29,435 - root - INFO - ========================
2025-04-18 22:41:29,435 - root - INFO - 3. 「被复制的群组-1」
2025-04-18 22:41:29,435 - root - INFO - 2. 「深圳修车大队」
2025-04-18 22:41:29,434 - root - INFO - 1. 「深圳最全动态榜」
2025-04-18 22:41:29,434 - root - INFO - === 开始监控以下频道 ===
2025-04-18 22:41:29,434 - root - INFO - 已发送测试消息到目标频道，连接正常
2025-04-18 22:41:29,256 - root - INFO - 已连接到目标频道: 「👩🏻‍🦰深圳乐逍遥楼凤频道」
2025-04-18 22:41:29,036 - root - INFO - 尝试连接目标频道: -1001915427892
2025-04-18 22:41:29,035 - root - INFO - 使用修正后的ID格式成功连接频道: 「被复制的群组-1」
2025-04-18 22:41:28,927 - root - INFO - 尝试修正频道ID格式: 2559453784 -> -1002559453784
2025-04-18 22:41:28,926 - root - INFO - 使用修正后的ID格式成功连接频道: 「深圳修车大队」
2025-04-18 22:41:28,813 - root - INFO - 尝试修正频道ID格式: 1598335961 -> -1001598335961
2025-04-18 22:41:28,812 - root - INFO - 使用修正后的ID格式成功连接频道: 「深圳最全动态榜」
2025-04-18 22:41:28,701 - root - INFO - 尝试修正频道ID格式: 2285829348 -> -1002285829348
2025-04-18 22:41:28,701 - root - INFO - 原始SOURCE_CHANNELS长度: 3
2025-04-18 22:41:28,700 - root - INFO - ✅ 已从记录中恢复: 被复制的群组-1
2025-04-18 22:41:28,700 - root - INFO - ✅ 已从记录中恢复: 深圳修车大队
2025-04-18 22:41:28,700 - root - INFO - ✅ 已从记录中恢复: 深圳最全动态榜
2025-04-18 22:41:28,700 - root - INFO - 频道加入结果摘要:
2025-04-18 22:41:28,700 - root - INFO - 准备加入 0 个频道，将模拟人类操作速度...
2025-04-18 22:41:28,699 - root - INFO - 已从记录中恢复频道: 「被复制的群组-1」
2025-04-18 22:41:28,583 - root - INFO - 跳过已记录加入的频道: https://t.me/beifuzhiqunzu
2025-04-18 22:41:28,583 - root - INFO - 已从记录中恢复频道: 「深圳修车大队」
2025-04-18 22:41:28,465 - root - INFO - 跳过已记录加入的频道: https://t.me/+yXL4uZgD7p1jZGZl
2025-04-18 22:41:28,464 - root - INFO - 已从记录中恢复频道: 「深圳最全动态榜」
2025-04-18 22:41:28,345 - root - INFO - 跳过已记录加入的频道: https://t.me/szzqdt
2025-04-18 22:41:28,345 - root - INFO - 尝试自动加入配置的源频道...
2025-04-18 22:41:28,345 - root - INFO - 已加载 3 个已加入频道的记录
2025-04-18 22:41:28,344 - root - INFO - 登录成功!
2025-04-18 22:41:27,601 - telethon.network.mtprotosender - INFO - Connection to 91.108.56.155:443/TcpFull complete!
2025-04-18 22:41:27,599 - telethon.network.mtprotosender - INFO - Connecting to 91.108.56.155:443/TcpFull...
2025-04-18 22:41:27,598 - root - INFO - 上次运行的消息计数为: 0 (日期: 2025-04-18)，已忽略并重置为0
2025-04-18 22:41:27,598 - root - INFO - 程序重启后重置今日消息计数: 0/300
2025-04-18 22:41:27,597 - root - INFO - 初始化转发时间为 None，确保启动时无冷却限制
2025-04-18 22:41:27,597 - root - INFO - 使用已有会话登录...
2025-04-18 22:41:27,595 - root - INFO - ==================================================
2025-04-18 22:41:27,594 - root - INFO - 高级转发机器人启动 - 2025-04-18 22:41:27
2025-04-18 22:41:27,594 - root - INFO - ==================================================
2025-04-18 22:41:25,915 - root - INFO - 保存消息计数数据并退出...
2025-04-18 22:41:25,915 - telethon.network.mtprotosender - INFO - Disconnection from 91.108.56.155:443/TcpFull complete!
2025-04-18 22:41:25,913 - telethon.network.mtprotosender - INFO - Disconnecting from 91.108.56.155:443/TcpFull...
2025-04-18 22:40:30,117 - root - ERROR - 处理消息时出错: '<' not supported between instances of 'str' and 'int'
2025-04-18 22:40:30,116 - root - INFO - 检测到重复联系人: @Xiag6868，当前计数器值: 1
2025-04-18 22:40:28,016 - root - INFO - 消息 (ID: 57) 完整文本内容: 位置：宝安 西乡
名字：小鱼

私聊：@Xiag6868
频道：@Xiag999
双向机器人：@LXaaa798bot
位置：宝安 西乡
名字：小鱼

私聊：@Xiag6868
频道：@Xiag999
双向机器人：@LXaaa798bot
位置：宝安 西乡
名字：小鱼

私聊：@Xiag6868
频道：@Xiag999
双向机器人：@LXaaa798bot
2025-04-18 22:40:28,016 - root - INFO - 收到来自频道「被复制的群组-1」的新消息: 57
2025-04-18 22:40:28,015 - root - INFO - 处理新消息，当前处理状态: 空闲
2025-04-18 22:40:07,205 - root - INFO - 跳过重复消息，联系人: @Xiag6868，计数器已更新为: 1
2025-04-18 22:40:07,205 - root - INFO - 已更新联系人 @Xiag6868 的重复计数器为 1
2025-04-18 22:40:04,838 - root - INFO - 检测到重复联系人: @Xiag6868，当前计数器值: 0
2025-04-18 22:40:02,668 - root - INFO - 消息 (ID: 56) 完整文本内容: 位置：宝安 西乡
名字：小鱼

私聊：@Xiag6868
频道：@Xiag999
双向机器人：@LXaaa798bot
位置：宝安 西乡
名字：小鱼

私聊：@Xiag6868
频道：@Xiag999
双向机器人：@LXaaa798bot
位置：宝安 西乡
名字：小鱼

私聊：@Xiag6868
频道：@Xiag999
双向机器人：@LXaaa798bot
2025-04-18 22:40:02,668 - root - INFO - 收到来自频道「被复制的群组-1」的新消息: 56
2025-04-18 22:40:02,667 - root - INFO - 处理新消息，当前处理状态: 空闲
2025-04-18 22:39:55,898 - root - INFO - 每日消息配额: 300条，今日已发送: 0条，剩余: 300条
2025-04-18 22:39:55,898 - root - INFO - 目标频道: -1001915427892
2025-04-18 22:39:55,898 - root - INFO - 监控的频道: [<telethon.tl.types.Channel object at 0x00000213CC7AEFD0>, <telethon.tl.types.Channel object at 0x00000213CC7AF210>, <telethon.tl.types.Channel object at 0x00000213CC7AF510>]
2025-04-18 22:39:55,898 - root - INFO - 高级转发机器人已启动，正在监控频道...
2025-04-18 22:39:55,897 - root - INFO - ========================
2025-04-18 22:39:55,897 - root - INFO - 3. 「被复制的群组-1」
2025-04-18 22:39:55,897 - root - INFO - 2. 「深圳修车大队」
2025-04-18 22:39:55,897 - root - INFO - 1. 「深圳最全动态榜」
2025-04-18 22:39:55,897 - root - INFO - === 开始监控以下频道 ===
2025-04-18 22:39:55,896 - root - INFO - 已发送测试消息到目标频道，连接正常
2025-04-18 22:39:55,720 - root - INFO - 已连接到目标频道: 「👩🏻‍🦰深圳乐逍遥楼凤频道」
2025-04-18 22:39:55,470 - root - INFO - 尝试连接目标频道: -1001915427892
2025-04-18 22:39:55,470 - root - INFO - 使用修正后的ID格式成功连接频道: 「被复制的群组-1」
2025-04-18 22:39:55,312 - root - INFO - 尝试修正频道ID格式: 2559453784 -> -1002559453784
2025-04-18 22:39:55,312 - root - INFO - 使用修正后的ID格式成功连接频道: 「深圳修车大队」
2025-04-18 22:39:55,201 - root - INFO - 尝试修正频道ID格式: 1598335961 -> -1001598335961
2025-04-18 22:39:55,200 - root - INFO - 使用修正后的ID格式成功连接频道: 「深圳最全动态榜」
2025-04-18 22:39:55,090 - root - INFO - 尝试修正频道ID格式: 2285829348 -> -1002285829348
2025-04-18 22:39:55,090 - root - INFO - 原始SOURCE_CHANNELS长度: 3
2025-04-18 22:39:55,090 - root - INFO - ✅ 已从记录中恢复: 被复制的群组-1
2025-04-18 22:39:55,089 - root - INFO - ✅ 已从记录中恢复: 深圳修车大队
2025-04-18 22:39:55,089 - root - INFO - ✅ 已从记录中恢复: 深圳最全动态榜
2025-04-18 22:39:55,089 - root - INFO - 频道加入结果摘要:
2025-04-18 22:39:55,089 - root - INFO - 准备加入 0 个频道，将模拟人类操作速度...
2025-04-18 22:39:55,089 - root - INFO - 已从记录中恢复频道: 「被复制的群组-1」
2025-04-18 22:39:54,975 - root - INFO - 跳过已记录加入的频道: https://t.me/beifuzhiqunzu
2025-04-18 22:39:54,975 - root - INFO - 已从记录中恢复频道: 「深圳修车大队」
2025-04-18 22:39:54,859 - root - INFO - 跳过已记录加入的频道: https://t.me/+yXL4uZgD7p1jZGZl
2025-04-18 22:39:54,859 - root - INFO - 已从记录中恢复频道: 「深圳最全动态榜」
2025-04-18 22:39:54,742 - root - INFO - 跳过已记录加入的频道: https://t.me/szzqdt
2025-04-18 22:39:54,742 - root - INFO - 尝试自动加入配置的源频道...
2025-04-18 22:39:54,742 - root - INFO - 已加载 3 个已加入频道的记录
2025-04-18 22:39:54,742 - root - INFO - 登录成功!
2025-04-18 22:39:54,013 - telethon.network.mtprotosender - INFO - Connection to 91.108.56.155:443/TcpFull complete!
2025-04-18 22:39:54,011 - telethon.network.mtprotosender - INFO - Connecting to 91.108.56.155:443/TcpFull...
2025-04-18 22:39:54,010 - root - INFO - 上次运行的消息计数为: 0 (日期: 2025-04-18)，已忽略并重置为0
2025-04-18 22:39:54,009 - root - INFO - 程序重启后重置今日消息计数: 0/300
2025-04-18 22:39:54,009 - root - INFO - 初始化转发时间为 None，确保启动时无冷却限制
2025-04-18 22:39:54,009 - root - INFO - 使用已有会话登录...
2025-04-18 22:39:54,005 - root - INFO - ==================================================
2025-04-18 22:39:54,005 - root - INFO - 高级转发机器人启动 - 2025-04-18 22:39:54
2025-04-18 22:39:54,005 - root - INFO - ==================================================
2025-04-18 22:39:51,692 - root - INFO - 保存消息计数数据并退出...
2025-04-18 22:39:51,691 - telethon.network.mtprotosender - INFO - Disconnection from 91.108.56.155:443/TcpFull complete!
2025-04-18 22:39:51,690 - telethon.network.mtprotosender - INFO - Disconnecting from 91.108.56.155:443/TcpFull...
2025-04-18 22:38:29,906 - root - ERROR - 处理消息时出错: '<' not supported between instances of 'NoneType' and 'int'
2025-04-18 22:38:29,906 - root - INFO - 检测到重复联系人: @Xiag6868，当前计数器值: None
2025-04-18 22:38:27,061 - root - INFO - 消息 (ID: 55) 完整文本内容: 位置：宝安 西乡
名字：小鱼

私聊：@Xiag6868
频道：@Xiag999
双向机器人：@LXaaa798bot
位置：宝安 西乡
名字：小鱼

私聊：@Xiag6868
频道：@Xiag999
双向机器人：@LXaaa798bot
位置：宝安 西乡
名字：小鱼

私聊：@Xiag6868
频道：@Xiag999
双向机器人：@LXaaa798bot
2025-04-18 22:38:27,060 - root - INFO - 收到来自频道「被复制的群组-1」的新消息: 55
2025-04-18 22:38:27,060 - root - INFO - 处理新消息，当前处理状态: 空闲
2025-04-18 22:38:20,825 - root - INFO - 每日消息配额: 300条，今日已发送: 0条，剩余: 300条
2025-04-18 22:38:20,825 - root - INFO - 目标频道: -1001915427892
2025-04-18 22:38:20,825 - root - INFO - 监控的频道: [<telethon.tl.types.Channel object at 0x000002708D89ACD0>, <telethon.tl.types.Channel object at 0x000002708D89AF10>, <telethon.tl.types.Channel object at 0x000002708D899F50>]
2025-04-18 22:38:20,825 - root - INFO - 高级转发机器人已启动，正在监控频道...
2025-04-18 22:38:20,825 - root - INFO - ========================
2025-04-18 22:38:20,825 - root - INFO - 3. 「被复制的群组-1」
2025-04-18 22:38:20,825 - root - INFO - 2. 「深圳修车大队」
2025-04-18 22:38:20,825 - root - INFO - 1. 「深圳最全动态榜」
2025-04-18 22:38:20,824 - root - INFO - === 开始监控以下频道 ===
2025-04-18 22:38:20,824 - root - INFO - 已发送测试消息到目标频道，连接正常
2025-04-18 22:38:20,538 - root - INFO - 已连接到目标频道: 「👩🏻‍🦰深圳乐逍遥楼凤频道」
2025-04-18 22:38:19,596 - root - INFO - 尝试连接目标频道: -1001915427892
2025-04-18 22:38:19,595 - root - INFO - 使用修正后的ID格式成功连接频道: 「被复制的群组-1」
2025-04-18 22:38:19,198 - root - INFO - 尝试修正频道ID格式: 2559453784 -> -1002559453784
2025-04-18 22:38:19,197 - root - INFO - 使用修正后的ID格式成功连接频道: 「深圳修车大队」
2025-04-18 22:38:18,485 - root - INFO - 尝试修正频道ID格式: 1598335961 -> -1001598335961
2025-04-18 22:38:18,485 - root - INFO - 使用修正后的ID格式成功连接频道: 「深圳最全动态榜」
2025-04-18 22:38:18,307 - root - INFO - 尝试修正频道ID格式: 2285829348 -> -1002285829348
2025-04-18 22:38:18,307 - root - INFO - 原始SOURCE_CHANNELS长度: 3
2025-04-18 22:38:18,307 - root - INFO - ✅ 已从记录中恢复: 被复制的群组-1
2025-04-18 22:38:18,307 - root - INFO - ✅ 已从记录中恢复: 深圳修车大队
2025-04-18 22:38:18,307 - root - INFO - ✅ 已从记录中恢复: 深圳最全动态榜
2025-04-18 22:38:18,307 - root - INFO - 频道加入结果摘要:
2025-04-18 22:38:18,307 - root - INFO - 准备加入 0 个频道，将模拟人类操作速度...
2025-04-18 22:38:18,306 - root - INFO - 已从记录中恢复频道: 「被复制的群组-1」
2025-04-18 22:38:17,787 - root - INFO - 跳过已记录加入的频道: https://t.me/beifuzhiqunzu
2025-04-18 22:38:17,786 - root - INFO - 已从记录中恢复频道: 「深圳修车大队」
2025-04-18 22:38:17,569 - root - INFO - 跳过已记录加入的频道: https://t.me/+yXL4uZgD7p1jZGZl
2025-04-18 22:38:17,569 - root - INFO - 已从记录中恢复频道: 「深圳最全动态榜」
2025-04-18 22:38:17,368 - root - INFO - 跳过已记录加入的频道: https://t.me/szzqdt
2025-04-18 22:38:17,368 - root - INFO - 尝试自动加入配置的源频道...
2025-04-18 22:38:17,368 - root - INFO - 已加载 3 个已加入频道的记录
2025-04-18 22:38:17,367 - root - INFO - 登录成功!
2025-04-18 22:38:13,704 - telethon.network.mtprotosender - INFO - Connection to 91.108.56.155:443/TcpFull complete!
2025-04-18 22:38:13,703 - telethon.network.mtprotosender - INFO - Connecting to 91.108.56.155:443/TcpFull...
2025-04-18 22:38:13,703 - root - INFO - 上次运行的消息计数为: 1 (日期: 2025-04-18)，已忽略并重置为0
2025-04-18 22:38:13,702 - root - INFO - 程序重启后重置今日消息计数: 0/300
2025-04-18 22:38:13,702 - root - INFO - 初始化转发时间为 None，确保启动时无冷却限制
2025-04-18 22:38:13,702 - root - INFO - 使用已有会话登录...
2025-04-18 22:38:13,699 - root - INFO - ==================================================
2025-04-18 22:38:13,698 - root - INFO - 高级转发机器人启动 - 2025-04-18 22:38:13
2025-04-18 22:38:13,698 - root - INFO - ==================================================
2025-04-18 22:37:55,284 - root - INFO - 保存消息计数数据并退出...
2025-04-18 22:37:55,283 - telethon.network.mtprotosender - INFO - Disconnection from 91.108.56.155:443/TcpFull complete!
2025-04-18 22:37:55,283 - telethon.network.mtprotosender - INFO - Disconnecting from 91.108.56.155:443/TcpFull...
2025-04-18 22:33:43,008 - telethon.client.updates - INFO - Got difference for account updates
2025-04-18 22:19:37,524 - root - INFO - 转发后短暂暂停 1.2 秒
2025-04-18 22:19:37,524 - root - INFO - 消息记录已保存到MySQL数据库，联系人: @Xiag6868
2025-04-18 22:19:37,523 - root - INFO - 已将消息记录保存到MySQL (ID: 2)
2025-04-18 22:19:34,834 - root - INFO - 处理后的消息文本长度: 原始179字符 -> 处理后61字符
2025-04-18 22:19:34,834 - root - INFO - 下次可转发时间: 22:29:34
2025-04-18 22:19:34,834 - root - INFO - 已启动 10 分钟冷却时间，下次可转发时间: 22:29:34
2025-04-18 22:19:34,834 - root - INFO - 今日已转发 1/300 条消息，剩余配额: 299 条
2025-04-18 22:19:34,834 - root - INFO - 已转发媒体消息 (ID: 54) 到目标频道，新消息ID: 1414
2025-04-18 22:19:33,619 - root - INFO - 模拟媒体上传准备时间: 1.0秒
2025-04-18 22:19:33,618 - root - INFO - 处理来自「被复制的群组-1」的媒体消息
2025-04-18 22:19:31,118 - root - INFO - 模拟转发前的思考/处理时间: 2.5秒
2025-04-18 22:19:23,051 - root - INFO - 根据消息类型和长度，模拟真实阅读延迟: 8.1秒
2025-04-18 22:19:23,050 - root - INFO - 首次转发消息，无需等待冷却时间
2025-04-18 22:19:23,050 - root - INFO - 消息 (ID: 54) 包含媒体且文本包含关键词，将进行转发
2025-04-18 22:19:23,050 - root - INFO - 找到关键词匹配: '私聊'
2025-04-18 22:19:23,050 - root - INFO - 消息 (ID: 54) 完整文本内容: 位置：宝安 西乡
名字：小鱼

私聊：@Xiag6868
频道：@Xiag999
双向机器人：@LXaaa798bot
位置：宝安 西乡
名字：小鱼

私聊：@Xiag6868
频道：@Xiag999
双向机器人：@LXaaa798bot
位置：宝安 西乡
名字：小鱼

私聊：@Xiag6868
频道：@Xiag999
双向机器人：@LXaaa798bot
2025-04-18 22:19:23,049 - root - INFO - 收到来自频道「被复制的群组-1」的新消息: 54
2025-04-18 22:19:23,047 - root - INFO - 处理新消息，当前处理状态: 空闲
2025-04-18 22:18:44,390 - root - INFO - 每日消息配额: 300条，今日已发送: 0条，剩余: 300条
2025-04-18 22:18:44,390 - root - INFO - 目标频道: -1001915427892
2025-04-18 22:18:44,390 - root - INFO - 监控的频道: [<telethon.tl.types.Channel object at 0x0000023231869D50>, <telethon.tl.types.Channel object at 0x000002323186A050>, <telethon.tl.types.Channel object at 0x0000023231869810>]
2025-04-18 22:18:44,390 - root - INFO - 高级转发机器人已启动，正在监控频道...
2025-04-18 22:18:44,390 - root - INFO - ========================
2025-04-18 22:18:44,390 - root - INFO - 3. 「被复制的群组-1」
2025-04-18 22:18:44,390 - root - INFO - 2. 「深圳修车大队」
2025-04-18 22:18:44,390 - root - INFO - 1. 「深圳最全动态榜」
2025-04-18 22:18:44,390 - root - INFO - === 开始监控以下频道 ===
2025-04-18 22:18:44,390 - root - INFO - 已发送测试消息到目标频道，连接正常
2025-04-18 22:18:44,173 - root - INFO - 已连接到目标频道: 「👩🏻‍🦰深圳乐逍遥楼凤频道」
2025-04-18 22:18:43,935 - root - INFO - 尝试连接目标频道: -1001915427892
2025-04-18 22:18:43,935 - root - INFO - 使用修正后的ID格式成功连接频道: 「被复制的群组-1」
2025-04-18 22:18:43,777 - root - INFO - 尝试修正频道ID格式: 2559453784 -> -1002559453784
2025-04-18 22:18:43,777 - root - INFO - 使用修正后的ID格式成功连接频道: 「深圳修车大队」
2025-04-18 22:18:43,626 - root - INFO - 尝试修正频道ID格式: 1598335961 -> -1001598335961
2025-04-18 22:18:43,626 - root - INFO - 使用修正后的ID格式成功连接频道: 「深圳最全动态榜」
2025-04-18 22:18:43,477 - root - INFO - 尝试修正频道ID格式: 2285829348 -> -1002285829348
2025-04-18 22:18:43,477 - root - INFO - 原始SOURCE_CHANNELS长度: 3
2025-04-18 22:18:43,477 - root - INFO - ✅ 已从记录中恢复: 被复制的群组-1
2025-04-18 22:18:43,477 - root - INFO - ✅ 已从记录中恢复: 深圳修车大队
2025-04-18 22:18:43,477 - root - INFO - ✅ 已从记录中恢复: 深圳最全动态榜
2025-04-18 22:18:43,476 - root - INFO - 频道加入结果摘要:
2025-04-18 22:18:43,476 - root - INFO - 准备加入 0 个频道，将模拟人类操作速度...
2025-04-18 22:18:43,476 - root - INFO - 已从记录中恢复频道: 「被复制的群组-1」
2025-04-18 22:18:43,328 - root - INFO - 跳过已记录加入的频道: https://t.me/beifuzhiqunzu
2025-04-18 22:18:43,327 - root - INFO - 已从记录中恢复频道: 「深圳修车大队」
2025-04-18 22:18:43,184 - root - INFO - 跳过已记录加入的频道: https://t.me/+yXL4uZgD7p1jZGZl
2025-04-18 22:18:43,183 - root - INFO - 已从记录中恢复频道: 「深圳最全动态榜」
2025-04-18 22:18:43,025 - root - INFO - 跳过已记录加入的频道: https://t.me/szzqdt
2025-04-18 22:18:43,024 - root - INFO - 尝试自动加入配置的源频道...
2025-04-18 22:18:43,023 - root - INFO - 已加载 3 个已加入频道的记录
2025-04-18 22:18:43,021 - root - INFO - 登录成功!
2025-04-18 22:18:42,206 - telethon.network.mtprotosender - INFO - Connection to 91.108.56.155:443/TcpFull complete!
2025-04-18 22:18:42,204 - telethon.network.mtprotosender - INFO - Connecting to 91.108.56.155:443/TcpFull...
2025-04-18 22:18:42,204 - root - INFO - 上次运行的消息计数为: 1 (日期: 2025-04-18)，已忽略并重置为0
2025-04-18 22:18:42,204 - root - INFO - 程序重启后重置今日消息计数: 0/300
2025-04-18 22:18:42,203 - root - INFO - 初始化转发时间为 None，确保启动时无冷却限制
2025-04-18 22:18:42,200 - root - INFO - 使用已有会话登录...
2025-04-18 22:18:42,200 - root - INFO - ==================================================
2025-04-18 22:18:42,200 - root - INFO - 高级转发机器人启动 - 2025-04-18 22:18:42
2025-04-18 22:18:42,199 - root - INFO - ==================================================
2025-04-18 22:18:40,292 - root - INFO - 保存消息计数数据并退出...
2025-04-18 22:18:40,292 - telethon.network.mtprotosender - INFO - Disconnection from 91.108.56.155:443/TcpFull complete!
2025-04-18 22:18:40,291 - telethon.network.mtprotosender - INFO - Disconnecting from 91.108.56.155:443/TcpFull...
2025-04-18 22:09:24,654 - root - INFO - 转发后短暂暂停 1.5 秒
2025-04-18 22:09:24,654 - root - INFO - 消息记录已保存到MySQL数据库，联系人: @Xiag6868
2025-04-18 22:09:24,653 - root - INFO - 已将消息记录保存到MySQL (ID: 1)
2025-04-18 22:09:21,717 - root - INFO - 处理后的消息文本长度: 原始179字符 -> 处理后61字符
2025-04-18 22:09:21,716 - root - INFO - 下次可转发时间: 22:20:21
2025-04-18 22:09:21,715 - root - INFO - 已启动 11 分钟冷却时间，下次可转发时间: 22:20:21
2025-04-18 22:09:21,715 - root - INFO - 今日已转发 1/300 条消息，剩余配额: 299 条
2025-04-18 22:09:21,715 - root - INFO - 已转发媒体消息 (ID: 53) 到目标频道，新消息ID: 1412
2025-04-18 22:09:20,899 - root - INFO - 模拟媒体上传准备时间: 0.6秒
2025-04-18 22:09:20,899 - root - INFO - 处理来自「被复制的群组-1」的媒体消息
2025-04-18 22:09:19,242 - root - INFO - 模拟转发前的思考/处理时间: 1.6秒
2025-04-18 22:09:10,816 - root - INFO - 根据消息类型和长度，模拟真实阅读延迟: 8.4秒
2025-04-18 22:09:10,815 - root - INFO - 首次转发消息，无需等待冷却时间
2025-04-18 22:09:10,815 - root - INFO - 消息 (ID: 53) 包含媒体且文本包含关键词，将进行转发
2025-04-18 22:09:10,815 - root - INFO - 找到关键词匹配: '私聊'
2025-04-18 22:09:10,814 - root - INFO - 消息 (ID: 53) 完整文本内容: 位置：宝安 西乡
名字：小鱼

私聊：@Xiag6868
频道：@Xiag999
双向机器人：@LXaaa798bot
位置：宝安 西乡
名字：小鱼

私聊：@Xiag6868
频道：@Xiag999
双向机器人：@LXaaa798bot
位置：宝安 西乡
名字：小鱼

私聊：@Xiag6868
频道：@Xiag999
双向机器人：@LXaaa798bot
2025-04-18 22:09:10,814 - root - INFO - 收到来自频道「被复制的群组-1」的新消息: 53
2025-04-18 22:09:10,813 - root - INFO - 处理新消息，当前处理状态: 空闲
2025-04-18 22:08:58,006 - root - INFO - 每日消息配额: 300条，今日已发送: 0条，剩余: 300条
2025-04-18 22:08:58,006 - root - INFO - 目标频道: -1001915427892
2025-04-18 22:08:58,006 - root - INFO - 监控的频道: [<telethon.tl.types.Channel object at 0x000001E0D7EC9C10>, <telethon.tl.types.Channel object at 0x000001E0D7EC9E50>, <telethon.tl.types.Channel object at 0x000001E0D7EC93D0>]
2025-04-18 22:08:58,006 - root - INFO - 高级转发机器人已启动，正在监控频道...
2025-04-18 22:08:58,005 - root - INFO - ========================
2025-04-18 22:08:58,005 - root - INFO - 3. 「被复制的群组-1」
2025-04-18 22:08:58,005 - root - INFO - 2. 「深圳修车大队」
2025-04-18 22:08:58,005 - root - INFO - 1. 「深圳最全动态榜」
2025-04-18 22:08:58,005 - root - INFO - === 开始监控以下频道 ===
2025-04-18 22:08:58,004 - root - INFO - 已发送测试消息到目标频道，连接正常
2025-04-18 22:08:57,824 - root - INFO - 已连接到目标频道: 「👩🏻‍🦰深圳乐逍遥楼凤频道」
2025-04-18 22:08:57,588 - root - INFO - 尝试连接目标频道: -1001915427892
2025-04-18 22:08:57,585 - root - INFO - 使用修正后的ID格式成功连接频道: 「被复制的群组-1」
2025-04-18 22:08:57,472 - root - INFO - 尝试修正频道ID格式: 2559453784 -> -1002559453784
2025-04-18 22:08:57,472 - root - INFO - 使用修正后的ID格式成功连接频道: 「深圳修车大队」
2025-04-18 22:08:57,361 - root - INFO - 尝试修正频道ID格式: 1598335961 -> -1001598335961
2025-04-18 22:08:57,361 - root - INFO - 使用修正后的ID格式成功连接频道: 「深圳最全动态榜」
2025-04-18 22:08:57,249 - root - INFO - 尝试修正频道ID格式: 2285829348 -> -1002285829348
2025-04-18 22:08:57,249 - root - INFO - 原始SOURCE_CHANNELS长度: 3
2025-04-18 22:08:57,249 - root - INFO - ✅ 已从记录中恢复: 被复制的群组-1
2025-04-18 22:08:57,249 - root - INFO - ✅ 已从记录中恢复: 深圳修车大队
2025-04-18 22:08:57,249 - root - INFO - ✅ 已从记录中恢复: 深圳最全动态榜
2025-04-18 22:08:57,249 - root - INFO - 频道加入结果摘要:
2025-04-18 22:08:57,249 - root - INFO - 准备加入 0 个频道，将模拟人类操作速度...
2025-04-18 22:08:57,249 - root - INFO - 已从记录中恢复频道: 「被复制的群组-1」
2025-04-18 22:08:57,125 - root - INFO - 跳过已记录加入的频道: https://t.me/beifuzhiqunzu
2025-04-18 22:08:57,125 - root - INFO - 已从记录中恢复频道: 「深圳修车大队」
2025-04-18 22:08:57,003 - root - INFO - 跳过已记录加入的频道: https://t.me/+yXL4uZgD7p1jZGZl
2025-04-18 22:08:57,003 - root - INFO - 已从记录中恢复频道: 「深圳最全动态榜」
2025-04-18 22:08:56,885 - root - INFO - 跳过已记录加入的频道: https://t.me/szzqdt
2025-04-18 22:08:56,885 - root - INFO - 尝试自动加入配置的源频道...
2025-04-18 22:08:56,885 - root - INFO - 已加载 3 个已加入频道的记录
2025-04-18 22:08:56,885 - root - INFO - 登录成功!
2025-04-18 22:08:56,164 - telethon.network.mtprotosender - INFO - Connection to 91.108.56.155:443/TcpFull complete!
2025-04-18 22:08:56,162 - telethon.network.mtprotosender - INFO - Connecting to 91.108.56.155:443/TcpFull...
2025-04-18 22:08:56,161 - root - INFO - 上次运行的消息计数为: 1 (日期: 2025-04-18)，已忽略并重置为0
2025-04-18 22:08:56,161 - root - INFO - 程序重启后重置今日消息计数: 0/300
2025-04-18 22:08:56,161 - root - INFO - 初始化转发时间为 None，确保启动时无冷却限制
2025-04-18 22:08:56,156 - root - INFO - 使用已有会话登录...
2025-04-18 22:08:56,156 - root - INFO - ==================================================
2025-04-18 22:08:56,156 - root - INFO - 高级转发机器人启动 - 2025-04-18 22:08:56
2025-04-18 22:08:56,152 - root - INFO - ==================================================
2025-04-18 22:08:53,527 - root - INFO - 保存消息计数数据并退出...
2025-04-18 22:08:53,526 - telethon.network.mtprotosender - INFO - Disconnection from 91.108.56.155:443/TcpFull complete!
2025-04-18 22:08:53,525 - telethon.network.mtprotosender - INFO - Disconnecting from 91.108.56.155:443/TcpFull...
2025-04-18 22:02:37,587 - root - INFO - 转发后短暂暂停 1.0 秒
2025-04-18 22:02:37,586 - root - INFO - 消息记录已保存到MySQL数据库，联系人: @Xiag6868
2025-04-18 22:02:37,586 - root - ERROR - MySQL数据库连接失败: (1049, "Unknown database 'telegram_forwarder'")
2025-04-18 22:02:36,244 - root - INFO - 处理后的消息文本长度: 原始179字符 -> 处理后61字符
2025-04-18 22:02:36,243 - root - INFO - 下次可转发时间: 22:16:36
2025-04-18 22:02:36,240 - root - INFO - 已启动 14 分钟冷却时间，下次可转发时间: 22:16:36
2025-04-18 22:02:36,240 - root - INFO - 今日已转发 1/300 条消息，剩余配额: 299 条
2025-04-18 22:02:36,240 - root - INFO - 已转发媒体消息 (ID: 52) 到目标频道，新消息ID: 1410
2025-04-18 22:02:34,493 - root - INFO - 模拟媒体上传准备时间: 1.5秒
2025-04-18 22:02:34,493 - root - INFO - 处理来自「被复制的群组-1」的媒体消息
2025-04-18 22:02:30,695 - root - INFO - 模拟转发前的思考/处理时间: 3.8秒
2025-04-18 22:02:24,075 - root - INFO - 根据消息类型和长度，模拟真实阅读延迟: 6.6秒
2025-04-18 22:02:24,075 - root - INFO - 首次转发消息，无需等待冷却时间
2025-04-18 22:02:24,075 - root - INFO - 消息 (ID: 52) 包含媒体且文本包含关键词，将进行转发
2025-04-18 22:02:24,074 - root - INFO - 找到关键词匹配: '私聊'
2025-04-18 22:02:24,073 - root - INFO - 消息 (ID: 52) 完整文本内容: 位置：宝安 西乡
名字：小鱼

私聊：@Xiag6868
频道：@Xiag999
双向机器人：@LXaaa798bot
位置：宝安 西乡
名字：小鱼

私聊：@Xiag6868
频道：@Xiag999
双向机器人：@LXaaa798bot
位置：宝安 西乡
名字：小鱼

私聊：@Xiag6868
频道：@Xiag999
双向机器人：@LXaaa798bot
2025-04-18 22:02:24,073 - root - INFO - 收到来自频道「被复制的群组-1」的新消息: 52
2025-04-18 22:02:24,073 - root - INFO - 处理新消息，当前处理状态: 空闲
2025-04-18 22:02:14,882 - root - INFO - 每日消息配额: 300条，今日已发送: 0条，剩余: 300条
2025-04-18 22:02:14,882 - root - INFO - 目标频道: -1001915427892
2025-04-18 22:02:14,882 - root - INFO - 监控的频道: [<telethon.tl.types.Channel object at 0x000001D86FEB1AD0>, <telethon.tl.types.Channel object at 0x000001D86FEB1D10>, <telethon.tl.types.Channel object at 0x000001D86FEB1250>]
2025-04-18 22:02:14,882 - root - INFO - 高级转发机器人已启动，正在监控频道...
2025-04-18 22:02:14,881 - root - INFO - ========================
2025-04-18 22:02:14,881 - root - INFO - 3. 「被复制的群组-1」
2025-04-18 22:02:14,881 - root - INFO - 2. 「深圳修车大队」
2025-04-18 22:02:14,881 - root - INFO - 1. 「深圳最全动态榜」
2025-04-18 22:02:14,881 - root - INFO - === 开始监控以下频道 ===
2025-04-18 22:02:14,880 - root - INFO - 已发送测试消息到目标频道，连接正常
2025-04-18 22:02:14,474 - root - INFO - 已连接到目标频道: 「👩🏻‍🦰深圳乐逍遥楼凤频道」
2025-04-18 22:02:14,120 - root - INFO - 尝试连接目标频道: -1001915427892
2025-04-18 22:02:14,120 - root - INFO - 使用修正后的ID格式成功连接频道: 「被复制的群组-1」
2025-04-18 22:02:13,923 - root - INFO - 尝试修正频道ID格式: 2559453784 -> -1002559453784
2025-04-18 22:02:13,923 - root - INFO - 使用修正后的ID格式成功连接频道: 「深圳修车大队」
2025-04-18 22:02:13,712 - root - INFO - 尝试修正频道ID格式: 1598335961 -> -1001598335961
2025-04-18 22:02:13,711 - root - INFO - 使用修正后的ID格式成功连接频道: 「深圳最全动态榜」
2025-04-18 22:02:13,512 - root - INFO - 尝试修正频道ID格式: 2285829348 -> -1002285829348
2025-04-18 22:02:13,512 - root - INFO - 原始SOURCE_CHANNELS长度: 3
2025-04-18 22:02:13,512 - root - INFO - ✅ 已从记录中恢复: 被复制的群组-1
2025-04-18 22:02:13,512 - root - INFO - ✅ 已从记录中恢复: 深圳修车大队
2025-04-18 22:02:13,512 - root - INFO - ✅ 已从记录中恢复: 深圳最全动态榜
2025-04-18 22:02:13,512 - root - INFO - 频道加入结果摘要:
2025-04-18 22:02:13,512 - root - INFO - 准备加入 0 个频道，将模拟人类操作速度...
2025-04-18 22:02:13,512 - root - INFO - 已从记录中恢复频道: 「被复制的群组-1」
2025-04-18 22:02:13,381 - root - INFO - 跳过已记录加入的频道: https://t.me/beifuzhiqunzu
2025-04-18 22:02:13,380 - root - INFO - 已从记录中恢复频道: 「深圳修车大队」
2025-04-18 22:02:13,250 - root - INFO - 跳过已记录加入的频道: https://t.me/+yXL4uZgD7p1jZGZl
2025-04-18 22:02:13,250 - root - INFO - 已从记录中恢复频道: 「深圳最全动态榜」
2025-04-18 22:02:13,110 - root - INFO - 跳过已记录加入的频道: https://t.me/szzqdt
2025-04-18 22:02:13,110 - root - INFO - 尝试自动加入配置的源频道...
2025-04-18 22:02:13,110 - root - INFO - 已加载 3 个已加入频道的记录
2025-04-18 22:02:13,109 - root - INFO - 登录成功!
2025-04-18 22:02:12,271 - telethon.network.mtprotosender - INFO - Connection to 91.108.56.155:443/TcpFull complete!
2025-04-18 22:02:12,268 - telethon.network.mtprotosender - INFO - Connecting to 91.108.56.155:443/TcpFull...
2025-04-18 22:02:12,268 - root - INFO - 上次运行的消息计数为: 4 (日期: 2025-04-18)，已忽略并重置为0
2025-04-18 22:02:12,268 - root - INFO - 程序重启后重置今日消息计数: 0/300
2025-04-18 22:02:12,268 - root - INFO - 初始化转发时间为 None，确保启动时无冷却限制
2025-04-18 22:02:12,268 - root - INFO - 使用已有会话登录...
2025-04-18 22:02:12,266 - root - INFO - ==================================================
2025-04-18 22:02:12,265 - root - INFO - 高级转发机器人启动 - 2025-04-18 22:02:12
2025-04-18 22:02:12,265 - root - INFO - ==================================================
2025-04-18 22:02:10,416 - root - INFO - 保存消息计数数据和哈希值并退出...
2025-04-18 22:02:10,416 - telethon.network.mtprotosender - INFO - Disconnection from 91.108.56.155:443/TcpFull complete!
2025-04-18 22:02:10,414 - telethon.network.mtprotosender - INFO - Disconnecting from 91.108.56.155:443/TcpFull...
2025-04-18 21:47:24,931 - root - INFO - 消息处理完成，等待 1.7 秒...
2025-04-18 21:47:24,931 - root - INFO - 消息记录已保存到MySQL数据库，联系人: @onsinsj886
2025-04-18 21:47:24,930 - root - INFO - 已将消息记录保存到MySQL (ID: 5)
2025-04-18 21:47:24,924 - root - INFO - 处理后的消息文本长度: 原始230字符 -> 处理后230字符
2025-04-18 21:47:24,923 - root - INFO - 下次可转发时间: 21:54:24
2025-04-18 21:47:24,923 - root - INFO - 已启动 7 分钟冷却时间，下次可转发时间: 21:54:24
2025-04-18 21:47:24,922 - root - INFO - 今日已转发 4/300 条消息，剩余配额: 296 条
2025-04-18 21:47:24,922 - root - INFO - 已转发媒体消息 (ID: 150998) 到目标频道，新消息ID: 1408
2025-04-18 21:47:22,853 - root - INFO - 模拟媒体上传准备时间: 1.8秒
2025-04-18 21:47:22,852 - root - INFO - 处理来自「深圳最全动态榜」的媒体消息
2025-04-18 21:47:20,400 - root - INFO - 模拟转发前的思考/处理时间: 2.4秒
2025-04-18 21:47:12,035 - root - INFO - 已有消息正在处理中，跳过此消息 (ID: 151006)
2025-04-18 21:47:12,035 - root - INFO - 处理新消息，当前处理状态: 正在处理中
2025-04-18 21:47:12,035 - root - INFO - 已有消息正在处理中，跳过此消息 (ID: 151005)
2025-04-18 21:47:12,035 - root - INFO - 处理新消息，当前处理状态: 正在处理中
2025-04-18 21:47:12,035 - root - INFO - 已有消息正在处理中，跳过此消息 (ID: 151004)
2025-04-18 21:47:12,034 - root - INFO - 处理新消息，当前处理状态: 正在处理中
2025-04-18 21:47:12,034 - root - INFO - 已有消息正在处理中，跳过此消息 (ID: 151003)
2025-04-18 21:47:12,034 - root - INFO - 处理新消息，当前处理状态: 正在处理中
2025-04-18 21:47:12,034 - root - INFO - 已有消息正在处理中，跳过此消息 (ID: 151002)
2025-04-18 21:47:12,034 - root - INFO - 处理新消息，当前处理状态: 正在处理中
2025-04-18 21:47:12,034 - root - INFO - 已有消息正在处理中，跳过此消息 (ID: 151001)
2025-04-18 21:47:12,034 - root - INFO - 处理新消息，当前处理状态: 正在处理中
2025-04-18 21:47:12,034 - root - INFO - 已有消息正在处理中，跳过此消息 (ID: 151000)
2025-04-18 21:47:12,033 - root - INFO - 处理新消息，当前处理状态: 正在处理中
2025-04-18 21:47:12,033 - root - INFO - 已有消息正在处理中，跳过此消息 (ID: 150999)
2025-04-18 21:47:12,033 - root - INFO - 处理新消息，当前处理状态: 正在处理中
2025-04-18 21:47:12,033 - root - INFO - 根据消息类型和长度，模拟真实阅读延迟: 8.4秒
2025-04-18 21:47:12,033 - root - INFO - 消息 (ID: 150998) 包含媒体且文本包含关键词，将进行转发
2025-04-18 21:47:12,033 - root - INFO - 找到关键词匹配: '私聊'
2025-04-18 21:47:12,032 - root - INFO - 消息 (ID: 150998) 完整文本内容: 『20250320201003』
🆔艺名： 芊一
📍地址:   #深圳 #龙岗
💲价格：#800p #1450pp 
🚀私聊:  @onsinsj886
『20250320201003』
🆔艺名： 芊一
📍地址:   #深圳 #龙岗
💲价格：#800p #1450pp 
🚀私聊:  @onsinsj886
『20250320201003』
🆔艺名： 芊一
📍地址:   #深圳 #龙岗
💲价格：#800p #1450pp 
🚀私聊:  @onsinsj886
2025-04-18 21:47:12,032 - root - INFO - 收到来自频道「深圳最全动态榜」的新消息: 150998
2025-04-18 21:47:12,032 - root - INFO - 处理新消息，当前处理状态: 空闲
2025-04-18 21:47:12,031 - telethon.client.updates - INFO - Got difference for channel 2285829348 updates
2025-04-18 21:47:11,884 - telethon.client.updates - INFO - Got difference for account updates
2025-04-18 21:37:34,581 - root - INFO - 消息处理完成，等待 1.8 秒...
2025-04-18 21:37:34,581 - root - INFO - 消息记录已保存到MySQL数据库，联系人: @xixi2091
2025-04-18 21:37:34,581 - root - INFO - 已将消息记录保存到MySQL (ID: 4)
2025-04-18 21:37:34,565 - root - INFO - 处理后的消息文本长度: 原始245字符 -> 处理后245字符
2025-04-18 21:37:34,565 - root - INFO - 下次可转发时间: 21:45:34
2025-04-18 21:37:34,564 - root - INFO - 已启动 8 分钟冷却时间，下次可转发时间: 21:45:34
2025-04-18 21:37:34,564 - root - INFO - 今日已转发 3/300 条消息，剩余配额: 297 条
2025-04-18 21:37:34,563 - root - INFO - 已转发媒体消息 (ID: 150991) 到目标频道，新消息ID: 1407
2025-04-18 21:37:33,034 - root - INFO - 模拟媒体上传准备时间: 1.2秒
2025-04-18 21:37:33,034 - root - INFO - 处理来自「深圳最全动态榜」的媒体消息
2025-04-18 21:37:31,264 - root - INFO - 模拟转发前的思考/处理时间: 1.8秒
2025-04-18 21:37:24,335 - root - INFO - 根据消息类型和长度，模拟真实阅读延迟: 6.9秒
2025-04-18 21:32:12,354 - telethon.client.updates - INFO - Got difference for channel 1943453523 updates
2025-04-18 21:32:11,895 - root - INFO - 已有消息正在处理中，跳过此消息 (ID: 150997)
2025-04-18 21:32:11,895 - root - INFO - 处理新消息，当前处理状态: 正在处理中
2025-04-18 21:17:10,831 - root - INFO - ==================================================
2025-04-18 21:17:10,832 - root - INFO - 高级转发机器人启动 - 2025-04-18 21:17:10
2025-04-18 21:17:10,833 - root - INFO - ==================================================
2025-04-18 21:17:10,838 - root - INFO - 使用已有会话登录...
2025-04-18 21:17:10,838 - root - INFO - 初始化转发时间为 None，确保启动时无冷却限制
2025-04-18 21:17:10,838 - root - INFO - 程序重启后重置今日消息计数: 0/300
2025-04-18 21:17:10,839 - root - INFO - 上次运行的消息计数为: 1 (日期: 2025-04-18)，已忽略并重置为0
2025-04-18 21:17:10,839 - root - INFO - 已加载 3 个消息哈希值
2025-04-18 21:17:10,840 - telethon.network.mtprotosender - INFO - Connecting to 91.108.56.155:443/TcpFull...
2025-04-18 21:17:10,841 - telethon.network.mtprotosender - INFO - Connection to 91.108.56.155:443/TcpFull complete!
2025-04-18 21:17:11,573 - root - INFO - 登录成功!
2025-04-18 21:17:11,573 - root - INFO - 已加载 3 个已加入频道的记录
2025-04-18 21:17:11,574 - root - INFO - 尝试自动加入配置的源频道...
2025-04-18 21:17:11,574 - root - INFO - 跳过已记录加入的频道: https://t.me/szzqdt
2025-04-18 21:17:11,685 - root - INFO - 已从记录中恢复频道: 「深圳最全动态榜」
2025-04-18 21:17:11,686 - root - INFO - 跳过已记录加入的频道: https://t.me/+yXL4uZgD7p1jZGZl
2025-04-18 21:17:11,805 - root - INFO - 已从记录中恢复频道: 「深圳修车大队」
2025-04-18 21:17:11,805 - root - INFO - 跳过已记录加入的频道: https://t.me/beifuzhiqunzu
2025-04-18 21:17:11,918 - root - INFO - 已从记录中恢复频道: 「被复制的群组-1」
2025-04-18 21:17:11,918 - root - INFO - 准备加入 0 个频道，将模拟人类操作速度...
2025-04-18 21:17:11,925 - root - INFO - 频道加入结果摘要:
2025-04-18 21:17:11,926 - root - INFO - ✅ 已从记录中恢复: 深圳最全动态榜
2025-04-18 21:17:11,926 - root - INFO - ✅ 已从记录中恢复: 深圳修车大队
2025-04-18 21:17:11,926 - root - INFO - ✅ 已从记录中恢复: 被复制的群组-1
2025-04-18 21:17:11,926 - root - INFO - 原始SOURCE_CHANNELS长度: 3
2025-04-18 21:17:11,927 - root - INFO - 尝试修正频道ID格式: 2285829348 -> -1002285829348
2025-04-18 21:17:12,036 - root - INFO - 使用修正后的ID格式成功连接频道: 「深圳最全动态榜」
2025-04-18 21:17:12,037 - root - INFO - 尝试修正频道ID格式: 1598335961 -> -1001598335961
2025-04-18 21:17:12,155 - root - INFO - 使用修正后的ID格式成功连接频道: 「深圳修车大队」
2025-04-18 21:17:12,155 - root - INFO - 尝试修正频道ID格式: 2559453784 -> -1002559453784
2025-04-18 21:17:12,281 - root - INFO - 使用修正后的ID格式成功连接频道: 「被复制的群组-1」
2025-04-18 21:17:12,281 - root - INFO - 尝试连接目标频道: -1001915427892
2025-04-18 21:17:12,504 - root - INFO - 已连接到目标频道: 「👩🏻‍🦰深圳乐逍遥楼凤频道」
2025-04-18 21:17:12,676 - root - INFO - 已发送测试消息到目标频道，连接正常
2025-04-18 21:17:12,677 - root - INFO - === 开始监控以下频道 ===
2025-04-18 21:17:12,677 - root - INFO - 1. 「深圳最全动态榜」
2025-04-18 21:17:12,677 - root - INFO - 2. 「深圳修车大队」
2025-04-18 21:17:12,677 - root - INFO - 3. 「被复制的群组-1」
2025-04-18 21:17:12,678 - root - INFO - ========================
2025-04-18 21:17:12,678 - root - INFO - 高级转发机器人已启动，正在监控频道...
2025-04-18 21:17:12,678 - root - INFO - 监控的频道: [<telethon.tl.types.Channel object at 0x000002E093B36C50>, <telethon.tl.types.Channel object at 0x000002E093B36E90>, <telethon.tl.types.Channel object at 0x000002E093B36890>]
2025-04-18 21:17:12,678 - root - INFO - 目标频道: -1001915427892
2025-04-18 21:17:12,678 - root - INFO - 每日消息配额: 300条，今日已发送: 0条，剩余: 300条
2025-04-18 21:17:34,266 - root - INFO - 处理新消息，当前处理状态: 空闲
2025-04-18 21:17:34,267 - root - INFO - 收到来自频道「被复制的群组-1」的新消息: 50
2025-04-18 21:17:34,267 - root - INFO - 消息 (ID: 50) 完整文本内容: 位置：宝安 西乡
名字：小鱼

私聊：@Xiag6868
频道：http://t.me/zonz3366
双向机器人：@LXaaa798bot
位置：宝安 西乡
名字：小鱼

私聊：@Xiag6868
频道：http://t.me/zonz3366
双向机器人：@LXaaa798bot
位置：宝安 西乡
名字：小鱼

私聊：@Xiag6868
频道：http://t.me/zonz3366
双向机器人：@LXaaa798bot
2025-04-18 21:17:34,268 - root - INFO - 找到关键词匹配: '私聊'
2025-04-18 21:17:34,268 - root - INFO - 消息 (ID: 50) 包含媒体且文本包含关键词，将进行转发
2025-04-18 21:17:34,269 - root - INFO - 首次转发消息，无需等待冷却时间
2025-04-18 21:17:34,269 - root - INFO - 模拟人类分心行为，暂停 21.1 秒
2025-04-18 21:17:34,269 - root - INFO - 根据消息类型和长度，模拟真实阅读延迟: 30.8秒
2025-04-18 21:18:05,036 - root - INFO - 模拟转发前的思考/处理时间: 2.3秒
2025-04-18 21:18:07,290 - root - INFO - 处理来自「被复制的群组-1」的媒体消息
2025-04-18 21:18:07,290 - root - INFO - 模拟媒体上传准备时间: 1.4秒
2025-04-18 21:18:08,882 - root - INFO - 已转发媒体消息 (ID: 50) 到目标频道，新消息ID: 1405
2025-04-18 21:18:08,882 - root - INFO - 今日已转发 1/300 条消息，剩余配额: 299 条
2025-04-18 21:18:08,883 - root - INFO - 已启动 10 分钟冷却时间，下次可转发时间: 21:28:08
2025-04-18 21:18:08,884 - root - INFO - 下次可转发时间: 21:28:08
2025-04-18 21:18:08,884 - root - INFO - 处理后的消息文本长度: 原始215字符 -> 处理后73字符
2025-04-18 21:18:08,917 - root - INFO - 已将消息记录保存到MySQL (ID: 2)
2025-04-18 21:18:08,918 - root - INFO - 消息记录已保存到MySQL数据库，联系人: @Xiag6868
2025-04-18 21:18:08,919 - root - INFO - 消息处理完成，等待 2.2 秒...
2025-04-18 21:19:51,767 - root - INFO - 处理新消息，当前处理状态: 空闲
2025-04-18 21:19:51,767 - root - INFO - 收到来自频道「被复制的群组-1」的新消息: 51
2025-04-18 21:19:51,767 - root - INFO - 消息 (ID: 51) 完整文本内容: 位置：宝安 西乡
名字：小鱼

私聊：@Xiag6868
频道：@Xiag999
双向机器人：@LXaaa798bot
位置：宝安 西乡
名字：小鱼

私聊：@Xiag6868
频道：@Xiag999
双向机器人：@LXaaa798bot
位置：宝安 西乡
名字：小鱼

私聊：@Xiag6868
频道：@Xiag999
双向机器人：@LXaaa798bot
2025-04-18 21:19:51,769 - root - INFO - 找到关键词匹配: '私聊'
2025-04-18 21:19:51,769 - root - INFO - 消息 (ID: 51) 包含媒体且文本包含关键词，将进行转发
2025-04-18 21:19:51,770 - root - INFO - 冷却时间未到，还需等待 8.3 分钟后才能转发此消息
2025-04-18 21:19:51,770 - root - INFO - 消息 (ID: 51) 将在 8.3 分钟后尝试转发
2025-04-18 21:28:08,902 - root - INFO - 根据消息类型和长度，模拟真实阅读延迟: 10.4秒
2025-04-18 21:28:19,320 - root - INFO - 模拟转发前的思考/处理时间: 3.1秒
2025-04-18 21:28:22,421 - root - INFO - 处理来自「被复制的群组-1」的媒体消息
2025-04-18 21:28:22,422 - root - INFO - 模拟媒体上传准备时间: 1.7秒
2025-04-18 21:28:24,337 - root - INFO - 已转发媒体消息 (ID: 51) 到目标频道，新消息ID: 1406
2025-04-18 21:28:24,337 - root - INFO - 今日已转发 2/300 条消息，剩余配额: 298 条
2025-04-18 21:28:24,337 - root - INFO - 已启动 9 分钟冷却时间，下次可转发时间: 21:37:24
2025-04-18 21:28:24,338 - root - INFO - 下次可转发时间: 21:37:24
2025-04-18 21:28:24,340 - root - INFO - 处理后的消息文本长度: 原始179字符 -> 处理后61字符
2025-04-18 21:28:24,348 - root - INFO - 已将消息记录保存到MySQL (ID: 3)
2025-04-18 21:28:24,349 - root - INFO - 消息记录已保存到MySQL数据库，联系人: @Xiag6868
2025-04-18 21:28:24,350 - root - INFO - 消息处理完成，等待 2.0 秒...
2025-04-18 21:32:11,685 - telethon.client.updates - INFO - Got difference for account updates
2025-04-18 21:32:11,885 - telethon.client.updates - INFO - Got difference for channel 2285829348 updates
2025-04-18 21:32:11,886 - root - INFO - 处理新消息，当前处理状态: 空闲
2025-04-18 21:32:11,886 - root - INFO - 收到来自频道「深圳最全动态榜」的新消息: 150991
2025-04-18 21:32:11,886 - root - INFO - 消息 (ID: 150991) 完整文本内容: 『20250317185027』
🆔艺名： 小可
📍地址：#深圳 #龙岗
💲价格：#1300p #2300pp
🚀私聊：@xixi2091 @xiaokk3331
『20250317185027』
🆔艺名： 小可
📍地址：#深圳 #龙岗
💲价格：#1300p #2300pp
🚀私聊：@xixi2091 @xiaokk3331
『20250317185027』
🆔艺名： 小可
📍地址：#深圳 #龙岗
💲价格：#1300p #2300pp
🚀私聊：@xixi2091 @xiaokk3331
2025-04-18 21:32:11,886 - root - INFO - 找到关键词匹配: '私聊'
2025-04-18 21:32:11,886 - root - INFO - 消息 (ID: 150991) 包含媒体且文本包含关键词，将进行转发
2025-04-18 21:32:11,886 - root - INFO - 冷却时间未到，还需等待 5.2 分钟后才能转发此消息
2025-04-18 21:32:11,886 - root - INFO - 消息 (ID: 150991) 将在 5.2 分钟后尝试转发
2025-04-18 21:32:11,886 - root - INFO - 处理新消息，当前处理状态: 正在处理中
2025-04-18 21:32:11,886 - root - INFO - 已有消息正在处理中，跳过此消息 (ID: 150992)
2025-04-18 21:32:11,894 - root - INFO - 处理新消息，当前处理状态: 正在处理中
2025-04-18 21:32:11,895 - root - INFO - 已有消息正在处理中，跳过此消息 (ID: 150993)
2025-04-18 21:32:11,895 - root - INFO - 处理新消息，当前处理状态: 正在处理中
2025-04-18 21:32:11,895 - root - INFO - 已有消息正在处理中，跳过此消息 (ID: 150994)
2025-04-18 21:32:11,895 - root - INFO - 处理新消息，当前处理状态: 正在处理中
2025-04-18 21:32:11,895 - root - INFO - 已有消息正在处理中，跳过此消息 (ID: 150995)
2025-04-18 21:32:11,895 - root - INFO - 处理新消息，当前处理状态: 正在处理中
2025-04-18 21:32:11,895 - root - INFO - 已有消息正在处理中，跳过此消息 (ID: 150996)
2025-04-18 21:17:08,839 - root - INFO - 保存消息计数数据和哈希值并退出...
2025-04-18 21:17:08,838 - telethon.network.mtprotosender - INFO - Disconnection from 91.108.56.155:443/TcpFull complete!
2025-04-18 21:17:08,836 - telethon.network.mtprotosender - INFO - Disconnecting from 91.108.56.155:443/TcpFull...
2025-04-18 21:13:30,950 - root - INFO - 消息处理完成，等待 1.2 秒...
2025-04-18 21:13:30,950 - root - INFO - 消息记录已保存到MySQL数据库，联系人: @Xiag6868
2025-04-18 21:13:30,949 - root - INFO - 已将消息记录保存到MySQL (ID: 1)
2025-04-18 21:13:30,922 - root - INFO - 下次可转发时间: 21:33:30
2025-04-18 21:13:30,920 - root - INFO - 已启动 20 分钟冷却时间，下次可转发时间: 21:33:30
2025-04-18 21:13:30,919 - root - INFO - 今日已转发 1/300 条消息，剩余配额: 299 条
2025-04-18 21:13:30,918 - root - INFO - 已转发媒体消息 (ID: 49) 到目标频道，新消息ID: 1403
2025-04-18 21:13:29,446 - root - INFO - 模拟媒体上传准备时间: 1.2秒
2025-04-18 21:13:29,445 - root - INFO - 处理来自「被复制的群组-1」的媒体消息
2025-04-18 21:13:27,074 - root - INFO - 模拟转发前的思考/处理时间: 2.4秒
2025-04-18 21:13:17,174 - root - INFO - 根据消息类型和长度，模拟真实阅读延迟: 9.9秒
2025-04-18 21:13:17,173 - root - INFO - 首次转发消息，无需等待冷却时间
2025-04-18 21:13:17,173 - root - INFO - 消息 (ID: 49) 包含媒体且文本包含关键词，将进行转发
2025-04-18 21:13:17,173 - root - INFO - 找到关键词匹配: '私聊'
2025-04-18 21:13:17,171 - root - INFO - 消息 (ID: 49) 完整文本内容: 位置：宝安 西乡
名字：小鱼

私聊：@Xiag6868
频道：http://t.me/zonz3366
双向机器人：@LXaaa798bot
位置：宝安 西乡
名字：小鱼

私聊：@Xiag6868
频道：http://t.me/zonz3366
双向机器人：@LXaaa798bot
位置：宝安 西乡
名字：小鱼

私聊：@Xiag6868
频道：http://t.me/zonz3366
双向机器人：@LXaaa798bot
2025-04-18 21:13:17,170 - root - INFO - 收到来自频道「被复制的群组-1」的新消息: 49
2025-04-18 21:13:17,170 - root - INFO - 处理新消息，当前处理状态: 空闲
2025-04-18 21:12:45,441 - root - INFO - 每日消息配额: 300条，今日已发送: 0条，剩余: 300条
2025-04-18 21:12:45,441 - root - INFO - 目标频道: -1001915427892
2025-04-18 21:12:45,440 - root - INFO - 监控的频道: [<telethon.tl.types.Channel object at 0x0000011D93FE6510>, <telethon.tl.types.Channel object at 0x0000011D93FE6750>, <telethon.tl.types.Channel object at 0x0000011D93FE6A50>]
2025-04-18 21:12:45,440 - root - INFO - 高级转发机器人已启动，正在监控频道...
2025-04-18 21:12:45,435 - root - INFO - ========================
2025-04-18 21:12:45,435 - root - INFO - 3. 「被复制的群组-1」
2025-04-18 21:12:45,433 - root - INFO - 2. 「深圳修车大队」
2025-04-18 21:12:45,432 - root - INFO - 1. 「深圳最全动态榜」
2025-04-18 21:12:45,432 - root - INFO - === 开始监控以下频道 ===
2025-04-18 21:12:45,432 - root - INFO - 已发送测试消息到目标频道，连接正常
2025-04-18 21:12:45,258 - root - INFO - 已连接到目标频道: 「👩🏻‍🦰深圳乐逍遥楼凤频道」
2025-04-18 21:12:45,027 - root - INFO - 尝试连接目标频道: -1001915427892
2025-04-18 21:12:45,027 - root - INFO - 使用修正后的ID格式成功连接频道: 「被复制的群组-1」
2025-04-18 21:12:44,921 - root - INFO - 尝试修正频道ID格式: 2559453784 -> -1002559453784
2025-04-18 21:12:44,919 - root - INFO - 使用修正后的ID格式成功连接频道: 「深圳修车大队」
2025-04-18 21:12:44,812 - root - INFO - 尝试修正频道ID格式: 1598335961 -> -1001598335961
2025-04-18 21:12:44,811 - root - INFO - 使用修正后的ID格式成功连接频道: 「深圳最全动态榜」
2025-04-18 21:12:44,706 - root - INFO - 尝试修正频道ID格式: 2285829348 -> -1002285829348
2025-04-18 21:12:44,706 - root - INFO - 原始SOURCE_CHANNELS长度: 3
2025-04-18 21:12:44,706 - root - INFO - ✅ 已从记录中恢复: 被复制的群组-1
2025-04-18 21:12:44,706 - root - INFO - ✅ 已从记录中恢复: 深圳修车大队
2025-04-18 21:12:44,706 - root - INFO - ✅ 已从记录中恢复: 深圳最全动态榜
2025-04-18 21:12:44,705 - root - INFO - 频道加入结果摘要:
2025-04-18 21:12:44,705 - root - INFO - 准备加入 0 个频道，将模拟人类操作速度...
2025-04-18 21:12:44,705 - root - INFO - 已从记录中恢复频道: 「被复制的群组-1」
2025-04-18 21:12:44,593 - root - INFO - 跳过已记录加入的频道: https://t.me/beifuzhiqunzu
2025-04-18 21:12:44,593 - root - INFO - 已从记录中恢复频道: 「深圳修车大队」
2025-04-18 21:12:44,477 - root - INFO - 跳过已记录加入的频道: https://t.me/+yXL4uZgD7p1jZGZl
2025-04-18 21:12:44,476 - root - INFO - 已从记录中恢复频道: 「深圳最全动态榜」
2025-04-18 21:12:44,361 - root - INFO - 跳过已记录加入的频道: https://t.me/szzqdt
2025-04-18 21:12:44,360 - root - INFO - 尝试自动加入配置的源频道...
2025-04-18 21:12:44,360 - root - INFO - 已加载 3 个已加入频道的记录
2025-04-18 21:12:44,359 - root - INFO - 登录成功!
2025-04-18 21:12:43,682 - telethon.network.mtprotosender - INFO - Connection to 91.108.56.155:443/TcpFull complete!
2025-04-18 21:12:43,681 - telethon.network.mtprotosender - INFO - Connecting to 91.108.56.155:443/TcpFull...
2025-04-18 21:12:43,680 - root - INFO - 已加载 2 个消息哈希值
2025-04-18 21:12:43,680 - root - INFO - 上次运行的消息计数为: 1 (日期: 2025-04-18)，已忽略并重置为0
2025-04-18 21:12:43,679 - root - INFO - 程序重启后重置今日消息计数: 0/300
2025-04-18 21:12:43,679 - root - INFO - 初始化转发时间为 None，确保启动时无冷却限制
2025-04-18 21:12:43,678 - root - INFO - 使用已有会话登录...
2025-04-18 21:12:43,675 - root - INFO - ==================================================
2025-04-18 21:12:43,675 - root - INFO - 高级转发机器人启动 - 2025-04-18 21:12:43
2025-04-18 21:12:43,674 - root - INFO - ==================================================
2025-04-18 21:12:40,131 - root - INFO - 保存消息计数数据和哈希值并退出...
2025-04-18 21:12:40,130 - telethon.network.mtprotosender - INFO - Disconnection from 91.108.56.155:443/TcpFull complete!
2025-04-18 21:12:40,129 - telethon.network.mtprotosender - INFO - Disconnecting from 91.108.56.155:443/TcpFull...
2025-04-18 21:01:04,776 - root - INFO - 消息处理完成，等待 1.9 秒...
2025-04-18 21:01:04,776 - root - INFO - 下次可转发时间: 21:16:04
2025-04-18 21:01:04,775 - root - INFO - 已启动 15 分钟冷却时间，下次可转发时间: 21:16:04
2025-04-18 21:01:04,775 - root - INFO - 今日已转发 1/300 条消息，剩余配额: 299 条
2025-04-18 21:01:04,774 - root - INFO - 已转发媒体消息 (ID: 48) 到目标频道，新消息ID: 1401
2025-04-18 21:01:03,783 - root - INFO - 模拟媒体上传准备时间: 0.7秒
2025-04-18 21:01:03,783 - root - INFO - 处理来自「被复制的群组-1」的媒体消息
2025-04-18 21:01:00,291 - root - INFO - 模拟转发前的思考/处理时间: 3.5秒
2025-04-18 21:00:54,494 - root - INFO - 根据消息类型和长度，模拟真实阅读延迟: 5.8秒
2025-04-18 21:00:54,487 - root - INFO - 首次转发消息，无需等待冷却时间
2025-04-18 21:00:54,487 - root - INFO - 消息 (ID: 48) 包含媒体且文本包含关键词，将进行转发
2025-04-18 21:00:54,487 - root - INFO - 找到关键词匹配: '私聊'
2025-04-18 21:00:54,486 - root - INFO - 消息 (ID: 48) 完整文本内容: 位置：宝安 西乡
名字：小鱼

私聊：@Xiag6868
频道：http://t.me/zonz3366
双向机器人：@LXaaa798bot
位置：宝安 西乡
名字：小鱼

私聊：@Xiag6868
频道：http://t.me/zonz3366
双向机器人：@LXaaa798bot
位置：宝安 西乡
名字：小鱼

私聊：@Xiag6868
频道：http://t.me/zonz3366
双向机器人：@LXaaa798bot
2025-04-18 21:00:54,485 - root - INFO - 收到来自频道「被复制的群组-1」的新消息: 48
2025-04-18 21:00:54,485 - root - INFO - 处理新消息，当前处理状态: 空闲
2025-04-18 21:00:39,897 - root - INFO - 每日消息配额: 300条，今日已发送: 0条，剩余: 300条
2025-04-18 21:00:39,897 - root - INFO - 目标频道: -1001915427892
2025-04-18 21:00:39,897 - root - INFO - 监控的频道: [<telethon.tl.types.Channel object at 0x000001CC7569F2D0>, <telethon.tl.types.Channel object at 0x000001CC7569F4D0>, <telethon.tl.types.Channel object at 0x000001CC7569E350>]
2025-04-18 21:00:39,897 - root - INFO - 高级转发机器人已启动，正在监控频道...
2025-04-18 21:00:39,897 - root - INFO - ========================
2025-04-18 21:00:39,896 - root - INFO - 3. 「被复制的群组-1」
2025-04-18 21:00:39,896 - root - INFO - 2. 「深圳修车大队」
2025-04-18 21:00:39,896 - root - INFO - 1. 「深圳最全动态榜」
2025-04-18 21:00:39,896 - root - INFO - === 开始监控以下频道 ===
2025-04-18 21:00:39,896 - root - INFO - 已发送测试消息到目标频道，连接正常
2025-04-18 21:00:39,667 - root - INFO - 已连接到目标频道: 「👩🏻‍🦰深圳乐逍遥楼凤频道」
2025-04-18 21:00:39,388 - root - INFO - 尝试连接目标频道: -1001915427892
2025-04-18 21:00:39,387 - root - INFO - 使用修正后的ID格式成功连接频道: 「被复制的群组-1」
2025-04-18 21:00:39,282 - root - INFO - 尝试修正频道ID格式: 2559453784 -> -1002559453784
2025-04-18 21:00:39,281 - root - INFO - 使用修正后的ID格式成功连接频道: 「深圳修车大队」
2025-04-18 21:00:39,156 - root - INFO - 尝试修正频道ID格式: 1598335961 -> -1001598335961
2025-04-18 21:00:39,156 - root - INFO - 使用修正后的ID格式成功连接频道: 「深圳最全动态榜」
2025-04-18 21:00:39,050 - root - INFO - 尝试修正频道ID格式: 2285829348 -> -1002285829348
2025-04-18 21:00:39,050 - root - INFO - 原始SOURCE_CHANNELS长度: 3
2025-04-18 21:00:39,050 - root - INFO - ✅ 已从记录中恢复: 被复制的群组-1
2025-04-18 21:00:39,050 - root - INFO - ✅ 已从记录中恢复: 深圳修车大队
2025-04-18 21:00:39,049 - root - INFO - ✅ 已从记录中恢复: 深圳最全动态榜
2025-04-18 21:00:39,049 - root - INFO - 频道加入结果摘要:
2025-04-18 21:00:39,049 - root - INFO - 准备加入 0 个频道，将模拟人类操作速度...
2025-04-18 21:00:39,048 - root - INFO - 已从记录中恢复频道: 「被复制的群组-1」
2025-04-18 21:00:38,903 - root - INFO - 跳过已记录加入的频道: https://t.me/beifuzhiqunzu
2025-04-18 21:00:38,902 - root - INFO - 已从记录中恢复频道: 「深圳修车大队」
2025-04-18 21:00:38,781 - root - INFO - 跳过已记录加入的频道: https://t.me/+yXL4uZgD7p1jZGZl
2025-04-18 21:00:38,781 - root - INFO - 已从记录中恢复频道: 「深圳最全动态榜」
2025-04-18 21:00:38,656 - root - INFO - 跳过已记录加入的频道: https://t.me/szzqdt
2025-04-18 21:00:38,655 - root - INFO - 尝试自动加入配置的源频道...
2025-04-18 21:00:38,655 - root - INFO - 已加载 3 个已加入频道的记录
2025-04-18 21:00:38,654 - root - INFO - 登录成功!
2025-04-18 21:00:37,933 - telethon.network.mtprotosender - INFO - Connection to 91.108.56.155:443/TcpFull complete!
2025-04-18 21:00:37,932 - telethon.network.mtprotosender - INFO - Connecting to 91.108.56.155:443/TcpFull...
2025-04-18 21:00:37,931 - root - INFO - 已加载 1 个消息哈希值
2025-04-18 21:00:37,931 - root - INFO - 上次运行的消息计数为: 1 (日期: 2025-04-17)，已忽略并重置为0
2025-04-18 21:00:37,930 - root - INFO - 程序重启后重置今日消息计数: 0/300
2025-04-18 21:00:37,929 - root - INFO - 初始化转发时间为 None，确保启动时无冷却限制
2025-04-18 21:00:37,929 - root - INFO - 使用已有会话登录...
2025-04-18 21:00:37,925 - root - INFO - ==================================================
2025-04-18 21:00:37,925 - root - INFO - 高级转发机器人启动 - 2025-04-18 21:00:37
2025-04-18 21:00:37,924 - root - INFO - ==================================================
