2025-04-14 23:31:09,968 - root - ERROR - 3. 您有权限在该频道发送消息
2025-04-14 23:31:09,967 - root - ERROR - 2. 频道ID正确
2025-04-14 23:31:09,967 - root - ERROR - 1. 您已经使用当前账号加入了该频道
2025-04-14 23:31:09,967 - root - ERROR - 请确保:
2025-04-14 23:31:09,967 - root - ERROR - 无法获取目标频道: Could not find the input entity for PeerChannel(channel_id=1915427892) (PeerChannel). Please read https://docs.telethon.dev/en/stable/concepts/entities.html to find out more details.
2025-04-14 23:31:09,825 - root - INFO - 尝试连接目标频道: -1001915427892
2025-04-14 23:31:09,824 - root - INFO - 使用修正后的ID格式成功连接频道: 「被复制的群组-1」
2025-04-14 23:31:09,706 - root - INFO - 尝试修正频道ID格式: 2559453784 -> -1002559453784
2025-04-14 23:31:09,706 - root - INFO - 使用修正后的ID格式成功连接频道: 「深圳修车大队」
2025-04-14 23:31:09,583 - root - INFO - 尝试修正频道ID格式: 1598335961 -> -1001598335961
2025-04-14 23:31:09,583 - root - INFO - 使用修正后的ID格式成功连接频道: 「深圳最全动态榜」
2025-04-14 23:31:09,461 - root - INFO - 尝试修正频道ID格式: 2285829348 -> -1002285829348
2025-04-14 23:31:09,461 - root - INFO - 原始SOURCE_CHANNELS长度: 3
2025-04-14 23:31:09,461 - root - INFO - ✅ 已从记录中恢复: 被复制的群组-1
2025-04-14 23:31:09,461 - root - INFO - ✅ 已从记录中恢复: 深圳修车大队
2025-04-14 23:31:09,461 - root - INFO - ✅ 已从记录中恢复: 深圳最全动态榜
2025-04-14 23:31:09,461 - root - INFO - 频道加入结果摘要:
2025-04-14 23:31:09,461 - root - INFO - 准备加入 0 个频道，将模拟人类操作速度...
2025-04-14 23:31:09,460 - root - INFO - 已从记录中恢复频道: 「被复制的群组-1」
2025-04-14 23:31:09,336 - root - INFO - 跳过已记录加入的频道: https://t.me/beifuzhiqunzu
2025-04-14 23:31:09,336 - root - INFO - 已从记录中恢复频道: 「深圳修车大队」
2025-04-14 23:31:09,201 - root - INFO - 跳过已记录加入的频道: https://t.me/+yXL4uZgD7p1jZGZl
2025-04-14 23:31:09,200 - root - INFO - 已从记录中恢复频道: 「深圳最全动态榜」
2025-04-14 23:31:09,065 - root - INFO - 跳过已记录加入的频道: https://t.me/szzqdt
2025-04-14 23:31:09,064 - root - INFO - 尝试自动加入配置的源频道...
2025-04-14 23:31:09,064 - root - INFO - 已加载 3 个已加入频道的记录
2025-04-14 23:31:09,064 - root - INFO - 登录成功!
2025-04-14 23:31:08,278 - telethon.network.mtprotosender - INFO - Connection to 91.108.56.183:443/TcpFull complete!
2025-04-14 23:31:08,276 - telethon.network.mtprotosender - INFO - Connecting to 91.108.56.183:443/TcpFull...
2025-04-14 23:31:08,275 - root - INFO - 上次运行的消息计数为: 2 (日期: 2025-04-13)，已忽略并重置为0
2025-04-14 23:31:08,274 - root - INFO - 程序重启后重置今日消息计数: 0/50
2025-04-14 23:31:08,274 - root - INFO - 使用已有会话登录...
2025-04-14 23:31:08,270 - root - INFO - ==================================================
2025-04-14 23:31:08,270 - root - INFO - 高级转发机器人启动 - 2025-04-14 23:31:08
2025-04-14 23:31:08,270 - root - INFO - ==================================================
