2025-04-15 23:27:38,006 - root - INFO - 保存消息计数数据并退出...
2025-04-15 23:27:38,005 - telethon.network.mtprotosender - INFO - Disconnection from 91.108.56.183:443/TcpFull complete!
2025-04-15 23:27:38,004 - telethon.network.mtprotosender - INFO - Disconnecting from 91.108.56.183:443/TcpFull...
2025-04-15 23:24:32,330 - root - INFO - 消息处理完成，等待 1.3 秒...
2025-04-15 23:24:32,330 - root - INFO - 下次可转发时间: 23:35:32
2025-04-15 23:24:32,329 - root - INFO - 已启动 11 分钟冷却时间，下次可转发时间: 23:35:32
2025-04-15 23:24:32,329 - root - INFO - 今日已转发 4/100 条消息，剩余配额: 96 条
2025-04-15 23:24:32,328 - root - INFO - 已转发媒体消息 (ID: 149038) 到目标频道，新消息ID: 1248
2025-04-15 23:24:31,359 - root - INFO - 模拟媒体上传准备时间: 0.7秒
2025-04-15 23:24:31,358 - root - INFO - 处理来自「深圳最全动态榜」的媒体消息
2025-04-15 23:24:28,998 - root - INFO - 模拟转发前的思考/处理时间: 2.4秒
2025-04-15 23:24:15,236 - root - INFO - 已有消息正在处理中，跳过此消息 (ID: 149045)
2025-04-15 23:24:15,234 - root - INFO - 处理新消息，当前处理状态: 正在处理中
2025-04-15 23:24:15,233 - telethon.client.updates - INFO - Got difference for channel 2285829348 updates
2025-04-15 23:24:13,891 - root - INFO - 已有消息正在处理中，跳过此消息 (ID: 4245984)
2025-04-15 23:24:13,891 - root - INFO - 处理新消息，当前处理状态: 正在处理中
2025-04-15 23:24:13,890 - telethon.client.updates - INFO - Got difference for channel 1598335961 updates
2025-04-15 23:24:12,789 - root - INFO - 根据消息类型和长度，模拟真实阅读延迟: 16.2秒
2025-04-15 23:24:06,263 - root - INFO - 已有消息正在处理中，跳过此消息 (ID: 4245983)
2025-04-15 23:24:06,263 - root - INFO - 处理新消息，当前处理状态: 正在处理中
2025-04-15 23:24:06,263 - root - INFO - 已有消息正在处理中，跳过此消息 (ID: 4245982)
2025-04-15 23:24:06,263 - root - INFO - 处理新消息，当前处理状态: 正在处理中
2025-04-15 23:24:06,263 - root - INFO - 已有消息正在处理中，跳过此消息 (ID: 4245981)
2025-04-15 23:24:06,263 - root - INFO - 处理新消息，当前处理状态: 正在处理中
2025-04-15 23:24:06,261 - root - INFO - 已有消息正在处理中，跳过此消息 (ID: 4245980)
2025-04-15 23:24:06,261 - root - INFO - 处理新消息，当前处理状态: 正在处理中
2025-04-15 23:24:06,261 - root - INFO - 已有消息正在处理中，跳过此消息 (ID: 4245977)
2025-04-15 23:24:06,261 - root - INFO - 处理新消息，当前处理状态: 正在处理中
2025-04-15 23:24:06,243 - telethon.client.updates - INFO - Got difference for channel 1598335961 updates
2025-04-15 23:22:39,800 - telethon.client.updates - INFO - Got difference for channel 1598335961 updates
2025-04-15 23:22:28,808 - root - INFO - 已有消息正在处理中，跳过此消息 (ID: 4245975)
2025-04-15 23:22:28,808 - root - INFO - 处理新消息，当前处理状态: 正在处理中
2025-04-15 23:22:28,808 - root - INFO - 已有消息正在处理中，跳过此消息 (ID: 4245974)
2025-04-15 23:22:28,808 - root - INFO - 处理新消息，当前处理状态: 正在处理中
2025-04-15 23:22:28,807 - telethon.client.updates - INFO - Got difference for channel 1598335961 updates
2025-04-15 23:22:06,375 - telethon.client.updates - INFO - Got difference for channel 1598335961 updates
2025-04-15 23:22:02,842 - root - INFO - 已有消息正在处理中，跳过此消息 (ID: 4245972)
2025-04-15 23:22:02,842 - root - INFO - 处理新消息，当前处理状态: 正在处理中
2025-04-15 23:22:02,840 - telethon.client.updates - INFO - Got difference for channel 1598335961 updates
2025-04-15 23:22:01,382 - telethon.client.updates - INFO - Got difference for channel 1598335961 updates
2025-04-15 23:21:43,205 - root - INFO - 已有消息正在处理中，跳过此消息 (ID: 149044)
2025-04-15 23:21:43,205 - root - INFO - 处理新消息，当前处理状态: 正在处理中
2025-04-15 23:21:43,205 - root - INFO - 已有消息正在处理中，跳过此消息 (ID: 149043)
2025-04-15 23:21:43,204 - root - INFO - 处理新消息，当前处理状态: 正在处理中
2025-04-15 23:21:43,204 - root - INFO - 已有消息正在处理中，跳过此消息 (ID: 149042)
2025-04-15 23:21:43,204 - root - INFO - 处理新消息，当前处理状态: 正在处理中
2025-04-15 23:21:43,204 - root - INFO - 已有消息正在处理中，跳过此消息 (ID: 149041)
2025-04-15 23:21:43,204 - root - INFO - 处理新消息，当前处理状态: 正在处理中
2025-04-15 23:21:43,204 - root - INFO - 已有消息正在处理中，跳过此消息 (ID: 149040)
2025-04-15 23:21:43,203 - root - INFO - 处理新消息，当前处理状态: 正在处理中
2025-04-15 23:21:43,203 - root - INFO - 已有消息正在处理中，跳过此消息 (ID: 149039)
2025-04-15 23:21:43,203 - root - INFO - 处理新消息，当前处理状态: 正在处理中
2025-04-15 23:21:43,203 - root - INFO - 消息 (ID: 149038) 将在 2.5 分钟后尝试转发
2025-04-15 23:21:43,202 - root - INFO - 冷却时间未到，还需等待 2.5 分钟后才能转发此消息
2025-04-15 23:21:43,202 - root - INFO - 消息 (ID: 149038) 包含媒体且文本包含关键词，将进行转发
2025-04-15 23:21:43,202 - root - INFO - 找到关键词匹配: '私聊'
2025-04-15 23:21:43,200 - root - INFO - 消息 (ID: 149038) 完整文本内容: 『20250317185027』
🆔艺名： 小可
📍地址：#深圳 #龙岗
💲价格：#1300p #2300pp
🚀私聊：@xixi2091 @xiaokk3331
『20250317185027』
🆔艺名： 小可
📍地址：#深圳 #龙岗
💲价格：#1300p #2300pp
🚀私聊：@xixi2091 @xiaokk3331
『20250317185027』
🆔艺名： 小可
📍地址：#深圳 #龙岗
💲价格：#1300p #2300pp
🚀私聊：@xixi2091 @xiaokk3331
2025-04-15 23:21:43,200 - root - INFO - 收到来自频道「深圳最全动态榜」的新消息: 149038
2025-04-15 23:21:43,200 - root - INFO - 处理新消息，当前处理状态: 空闲
2025-04-15 23:21:43,199 - telethon.client.updates - INFO - Got difference for channel 2285829348 updates
2025-04-15 23:16:12,787 - root - INFO - 消息处理完成，等待 1.9 秒...
2025-04-15 23:16:12,787 - root - INFO - 下次可转发时间: 23:24:12
2025-04-15 23:16:12,785 - root - INFO - 已启动 8 分钟冷却时间，下次可转发时间: 23:24:12
2025-04-15 23:16:12,785 - root - INFO - 今日已转发 3/100 条消息，剩余配额: 97 条
2025-04-15 23:16:12,784 - root - INFO - 已转发媒体消息 (ID: 149033) 到目标频道，新消息ID: 1247
2025-04-15 22:51:42,495 - root - INFO - 已有消息正在处理中，跳过此消息 (ID: 4245728)
2025-04-15 22:51:42,496 - root - INFO - 处理新消息，当前处理状态: 正在处理中
2025-04-15 22:51:42,496 - root - INFO - 已有消息正在处理中，跳过此消息 (ID: 4245729)
2025-04-15 22:51:42,497 - root - INFO - 处理新消息，当前处理状态: 正在处理中
2025-04-15 22:51:42,497 - root - INFO - 已有消息正在处理中，跳过此消息 (ID: 4245730)
2025-04-15 22:51:42,498 - root - INFO - 处理新消息，当前处理状态: 正在处理中
2025-04-15 22:51:42,498 - root - INFO - 已有消息正在处理中，跳过此消息 (ID: 4245731)
2025-04-15 22:51:42,499 - root - INFO - 处理新消息，当前处理状态: 正在处理中
2025-04-15 22:51:42,499 - root - INFO - 已有消息正在处理中，跳过此消息 (ID: 4245732)
2025-04-15 22:51:42,499 - root - INFO - 处理新消息，当前处理状态: 正在处理中
2025-04-15 22:51:42,500 - root - INFO - 已有消息正在处理中，跳过此消息 (ID: 4245733)
2025-04-15 22:51:42,500 - root - INFO - 处理新消息，当前处理状态: 正在处理中
2025-04-15 22:51:42,500 - root - INFO - 已有消息正在处理中，跳过此消息 (ID: 4245734)
2025-04-15 22:51:42,501 - root - INFO - 处理新消息，当前处理状态: 正在处理中
2025-04-15 22:51:42,501 - root - INFO - 已有消息正在处理中，跳过此消息 (ID: 4245735)
2025-04-15 22:51:42,502 - root - INFO - 处理新消息，当前处理状态: 正在处理中
2025-04-15 22:51:42,502 - root - INFO - 已有消息正在处理中，跳过此消息 (ID: 4245736)
2025-04-15 22:51:42,502 - root - INFO - 处理新消息，当前处理状态: 正在处理中
2025-04-15 22:51:42,502 - root - INFO - 已有消息正在处理中，跳过此消息 (ID: 4245737)
2025-04-15 22:51:42,503 - root - INFO - 处理新消息，当前处理状态: 正在处理中
2025-04-15 22:51:42,503 - root - INFO - 已有消息正在处理中，跳过此消息 (ID: 4245738)
2025-04-15 22:51:42,503 - root - INFO - 处理新消息，当前处理状态: 正在处理中
2025-04-15 22:51:42,503 - root - INFO - 已有消息正在处理中，跳过此消息 (ID: 4245739)
2025-04-15 22:51:42,503 - root - INFO - 处理新消息，当前处理状态: 正在处理中
2025-04-15 22:51:42,504 - root - INFO - 已有消息正在处理中，跳过此消息 (ID: 4245740)
2025-04-15 22:51:42,504 - root - INFO - 处理新消息，当前处理状态: 正在处理中
2025-04-15 22:51:42,504 - root - INFO - 已有消息正在处理中，跳过此消息 (ID: 4245741)
2025-04-15 22:51:42,504 - root - INFO - 处理新消息，当前处理状态: 正在处理中
2025-04-15 22:51:42,504 - root - INFO - 已有消息正在处理中，跳过此消息 (ID: 4245742)
2025-04-15 22:51:42,505 - root - INFO - 处理新消息，当前处理状态: 正在处理中
2025-04-15 22:51:42,505 - root - INFO - 已有消息正在处理中，跳过此消息 (ID: 4245743)
2025-04-15 22:51:42,505 - root - INFO - 处理新消息，当前处理状态: 正在处理中
2025-04-15 22:51:42,506 - root - INFO - 已有消息正在处理中，跳过此消息 (ID: 4245744)
2025-04-15 22:51:42,506 - root - INFO - 处理新消息，当前处理状态: 正在处理中
2025-04-15 22:51:42,506 - root - INFO - 已有消息正在处理中，跳过此消息 (ID: 4245745)
2025-04-15 22:51:42,507 - root - INFO - 处理新消息，当前处理状态: 正在处理中
2025-04-15 22:51:42,507 - root - INFO - 已有消息正在处理中，跳过此消息 (ID: 4245746)
2025-04-15 22:51:42,508 - root - INFO - 处理新消息，当前处理状态: 正在处理中
2025-04-15 22:51:42,508 - root - INFO - 已有消息正在处理中，跳过此消息 (ID: 4245747)
2025-04-15 22:51:42,509 - root - INFO - 处理新消息，当前处理状态: 正在处理中
2025-04-15 22:51:42,509 - root - INFO - 已有消息正在处理中，跳过此消息 (ID: 4245748)
2025-04-15 22:51:42,509 - root - INFO - 处理新消息，当前处理状态: 正在处理中
2025-04-15 22:51:42,510 - root - INFO - 已有消息正在处理中，跳过此消息 (ID: 4245749)
2025-04-15 22:51:42,510 - root - INFO - 处理新消息，当前处理状态: 正在处理中
2025-04-15 22:51:42,510 - root - INFO - 已有消息正在处理中，跳过此消息 (ID: 4245750)
2025-04-15 22:51:42,510 - root - INFO - 处理新消息，当前处理状态: 正在处理中
2025-04-15 22:51:42,510 - root - INFO - 已有消息正在处理中，跳过此消息 (ID: 4245751)
2025-04-15 22:51:42,510 - root - INFO - 处理新消息，当前处理状态: 正在处理中
2025-04-15 22:51:42,511 - root - INFO - 已有消息正在处理中，跳过此消息 (ID: 4245752)
2025-04-15 22:51:52,744 - root - INFO - 模拟转发前的思考/处理时间: 2.7秒
2025-04-15 22:51:55,475 - root - INFO - 处理来自「深圳最全动态榜」的媒体消息
2025-04-15 22:51:55,476 - root - INFO - 模拟媒体上传准备时间: 0.6秒
2025-04-15 22:51:56,272 - root - INFO - 已转发媒体消息 (ID: 149029) 到目标频道，新消息ID: 1245
2025-04-15 22:51:56,272 - root - INFO - 今日已转发 1/100 条消息，剩余配额: 99 条
2025-04-15 22:51:56,273 - root - INFO - 已启动 12 分钟冷却时间，下次可转发时间: 23:03:56
2025-04-15 22:51:56,274 - root - INFO - 下次可转发时间: 23:03:56
2025-04-15 22:51:56,275 - root - INFO - 消息处理完成，等待 1.0 秒...
2025-04-15 23:06:42,379 - telethon.client.updates - INFO - Got difference for account updates
2025-04-15 23:06:42,825 - telethon.client.updates - INFO - Got difference for channel 2285829348 updates
2025-04-15 23:06:42,826 - root - INFO - 处理新消息，当前处理状态: 空闲
2025-04-15 23:06:42,826 - root - INFO - 收到来自频道「深圳最全动态榜」的新消息: 149030
2025-04-15 23:06:42,827 - root - INFO - 消息 (ID: 149030) 完整文本内容: 『20250315161911』
🆔艺名： 小 7
📍地址：#深圳 #龙华
💲价格：#900p #1600pp
🚀私聊： @xiaoxin520i
『20250315161911』
🆔艺名： 小 7
📍地址：#深圳 #龙华
💲价格：#900p #1600pp
🚀私聊： @xiaoxin520i
『20250315161911』
🆔艺名： 小 7
📍地址：#深圳 #龙华
💲价格：#900p #1600pp
🚀私聊： @xiaoxin520i
2025-04-15 23:06:42,830 - root - INFO - 找到关键词匹配: '私聊'
2025-04-15 23:06:42,830 - root - INFO - 消息 (ID: 149030) 包含媒体且文本包含关键词，将进行转发
2025-04-15 23:06:42,831 - root - INFO - 模拟人类分心行为，暂停 34.0 秒
2025-04-15 23:06:42,831 - root - INFO - 根据消息类型和长度，模拟真实阅读延迟: 58.1秒
2025-04-15 23:06:42,831 - root - INFO - 处理新消息，当前处理状态: 正在处理中
2025-04-15 23:06:42,832 - root - INFO - 已有消息正在处理中，跳过此消息 (ID: 149031)
2025-04-15 23:06:42,832 - root - INFO - 处理新消息，当前处理状态: 正在处理中
2025-04-15 23:06:42,832 - root - INFO - 已有消息正在处理中，跳过此消息 (ID: 149032)
2025-04-15 23:07:40,904 - root - INFO - 模拟转发前的思考/处理时间: 3.8秒
2025-04-15 23:07:44,711 - root - INFO - 处理来自「深圳最全动态榜」的媒体消息
2025-04-15 23:07:44,712 - root - INFO - 模拟媒体上传准备时间: 0.8秒
2025-04-15 23:07:45,786 - root - INFO - 已转发媒体消息 (ID: 149030) 到目标频道，新消息ID: 1246
2025-04-15 23:07:45,786 - root - INFO - 今日已转发 2/100 条消息，剩余配额: 98 条
2025-04-15 23:07:45,787 - root - INFO - 已启动 8 分钟冷却时间，下次可转发时间: 23:15:45
2025-04-15 23:07:45,788 - root - INFO - 下次可转发时间: 23:15:45
2025-04-15 23:07:45,788 - root - INFO - 消息处理完成，等待 1.1 秒...
2025-04-15 23:08:29,198 - telethon.client.updates - INFO - Got difference for channel 2285829348 updates
2025-04-15 23:08:29,198 - root - INFO - 处理新消息，当前处理状态: 空闲
2025-04-15 23:08:29,199 - root - INFO - 收到来自频道「深圳最全动态榜」的新消息: 149033
2025-04-15 23:08:29,199 - root - INFO - 消息 (ID: 149033) 完整文本内容: 『20250316200001』
🆔艺名： 梦瑶
📍地址：#深圳 #龙岗
💲价格：#900p #1600pp
🚀私聊：@yaomm666
『20250316200001』
🆔艺名： 梦瑶
📍地址：#深圳 #龙岗
💲价格：#900p #1600pp
🚀私聊：@yaomm666
『20250316200001』
🆔艺名： 梦瑶
📍地址：#深圳 #龙岗
💲价格：#900p #1600pp
🚀私聊：@yaomm666
2025-04-15 23:08:29,200 - root - INFO - 找到关键词匹配: '私聊'
2025-04-15 23:08:29,200 - root - INFO - 消息 (ID: 149033) 包含媒体且文本包含关键词，将进行转发
2025-04-15 23:08:29,200 - root - INFO - 冷却时间未到，还需等待 7.3 分钟后才能转发此消息
2025-04-15 23:08:29,200 - root - INFO - 消息 (ID: 149033) 将在 7.3 分钟后尝试转发
2025-04-15 23:08:29,200 - root - INFO - 处理新消息，当前处理状态: 正在处理中
2025-04-15 23:08:29,201 - root - INFO - 已有消息正在处理中，跳过此消息 (ID: 149034)
2025-04-15 23:08:29,201 - root - INFO - 处理新消息，当前处理状态: 正在处理中
2025-04-15 23:08:29,201 - root - INFO - 已有消息正在处理中，跳过此消息 (ID: 149035)
2025-04-15 23:08:43,464 - telethon.client.updates - INFO - Got difference for channel 2285829348 updates
2025-04-15 23:08:43,465 - root - INFO - 处理新消息，当前处理状态: 正在处理中
2025-04-15 23:08:43,466 - root - INFO - 已有消息正在处理中，跳过此消息 (ID: 149036)
2025-04-15 23:09:09,685 - telethon.client.updates - INFO - Got difference for channel 2285829348 updates
2025-04-15 23:09:09,686 - root - INFO - 处理新消息，当前处理状态: 正在处理中
2025-04-15 23:09:09,686 - root - INFO - 已有消息正在处理中，跳过此消息 (ID: 149037)
2025-04-15 23:15:45,783 - root - INFO - 根据消息类型和长度，模拟真实阅读延迟: 21.9秒
2025-04-15 23:16:07,663 - root - INFO - 模拟转发前的思考/处理时间: 3.2秒
2025-04-15 23:16:10,846 - root - INFO - 处理来自「深圳最全动态榜」的媒体消息
2025-04-15 23:16:10,846 - root - INFO - 模拟媒体上传准备时间: 1.6秒
2025-04-15 22:36:40,278 - root - INFO - ==================================================
2025-04-15 22:36:40,279 - root - INFO - 高级转发机器人启动 - 2025-04-15 22:36:40
2025-04-15 22:36:40,280 - root - INFO - ==================================================
2025-04-15 22:36:40,284 - root - INFO - 使用已有会话登录...
2025-04-15 22:36:40,284 - root - INFO - 初始化转发时间为 None，确保启动时无冷却限制
2025-04-15 22:36:40,285 - root - INFO - 程序重启后重置今日消息计数: 0/100
2025-04-15 22:36:40,285 - root - INFO - 上次运行的消息计数为: 3 (日期: 2025-04-15)，已忽略并重置为0
2025-04-15 22:36:40,286 - telethon.network.mtprotosender - INFO - Connecting to 91.108.56.183:443/TcpFull...
2025-04-15 22:36:40,288 - telethon.network.mtprotosender - INFO - Connection to 91.108.56.183:443/TcpFull complete!
2025-04-15 22:36:42,198 - root - INFO - 登录成功!
2025-04-15 22:36:42,199 - root - INFO - 已加载 3 个已加入频道的记录
2025-04-15 22:36:42,199 - root - INFO - 尝试自动加入配置的源频道...
2025-04-15 22:36:42,200 - root - INFO - 跳过已记录加入的频道: https://t.me/szzqdt
2025-04-15 22:36:42,723 - root - INFO - 已从记录中恢复频道: 「深圳最全动态榜」
2025-04-15 22:36:42,723 - root - INFO - 跳过已记录加入的频道: https://t.me/+yXL4uZgD7p1jZGZl
2025-04-15 22:36:42,876 - root - INFO - 已从记录中恢复频道: 「深圳修车大队」
2025-04-15 22:36:42,876 - root - INFO - 跳过已记录加入的频道: https://t.me/beifuzhiqunzu
2025-04-15 22:36:43,043 - root - INFO - 已从记录中恢复频道: 「被复制的群组-1」
2025-04-15 22:36:43,044 - root - INFO - 准备加入 0 个频道，将模拟人类操作速度...
2025-04-15 22:36:43,044 - root - INFO - 频道加入结果摘要:
2025-04-15 22:36:43,044 - root - INFO - ✅ 已从记录中恢复: 深圳最全动态榜
2025-04-15 22:36:43,045 - root - INFO - ✅ 已从记录中恢复: 深圳修车大队
2025-04-15 22:36:43,045 - root - INFO - ✅ 已从记录中恢复: 被复制的群组-1
2025-04-15 22:36:43,045 - root - INFO - 原始SOURCE_CHANNELS长度: 3
2025-04-15 22:36:43,045 - root - INFO - 尝试修正频道ID格式: 2285829348 -> -1002285829348
2025-04-15 22:36:43,186 - root - INFO - 使用修正后的ID格式成功连接频道: 「深圳最全动态榜」
2025-04-15 22:36:43,186 - root - INFO - 尝试修正频道ID格式: 1598335961 -> -1001598335961
2025-04-15 22:36:43,314 - root - INFO - 使用修正后的ID格式成功连接频道: 「深圳修车大队」
2025-04-15 22:36:43,314 - root - INFO - 尝试修正频道ID格式: 2559453784 -> -1002559453784
2025-04-15 22:36:43,529 - root - INFO - 使用修正后的ID格式成功连接频道: 「被复制的群组-1」
2025-04-15 22:36:43,530 - root - INFO - 尝试连接目标频道: -1001915427892
2025-04-15 22:36:43,835 - root - INFO - 已连接到目标频道: 「👩🏻‍🦰深圳乐逍遥楼凤频道」
2025-04-15 22:36:44,032 - root - INFO - 已发送测试消息到目标频道，连接正常
2025-04-15 22:36:44,033 - root - INFO - === 开始监控以下频道 ===
2025-04-15 22:36:44,033 - root - INFO - 1. 「深圳最全动态榜」
2025-04-15 22:36:44,034 - root - INFO - 2. 「深圳修车大队」
2025-04-15 22:36:44,034 - root - INFO - 3. 「被复制的群组-1」
2025-04-15 22:36:44,034 - root - INFO - ========================
2025-04-15 22:36:44,035 - root - INFO - 高级转发机器人已启动，正在监控频道...
2025-04-15 22:36:44,035 - root - INFO - 监控的频道: [<telethon.tl.types.Channel object at 0x0000024AB1F1E690>, <telethon.tl.types.Channel object at 0x0000024AB1F1E890>, <telethon.tl.types.Channel object at 0x0000024AB1F1E650>]
2025-04-15 22:36:44,036 - root - INFO - 目标频道: -1001915427892
2025-04-15 22:36:44,036 - root - INFO - 每日消息配额: 100条，今日已发送: 0条，剩余: 100条
2025-04-15 22:51:42,210 - telethon.client.updates - INFO - Got difference for account updates
2025-04-15 22:51:42,211 - root - INFO - 处理新消息，当前处理状态: 空闲
2025-04-15 22:51:42,211 - root - INFO - 收到来自频道「深圳最全动态榜」的新消息: 149029
2025-04-15 22:51:42,213 - root - INFO - 消息 (ID: 149029) 完整文本内容: 『20250314124638』
🆔艺名： 佳梦
📍地址：#深圳 #龙岗
💲价格：#700p #1400pp
🚀私聊： @jiameng123666
💬报告：0
『20250314124638』
🆔艺名： 佳梦
📍地址：#深圳 #龙岗
💲价格：#700p #1400pp
🚀私聊： @jiameng123666
💬报告：0
『20250314124638』
🆔艺名： 佳梦
📍地址：#深圳 #龙岗
💲价格：#700p #1400pp
🚀私聊： @jiameng123666
💬报告：0
2025-04-15 22:51:42,215 - root - INFO - 找到关键词匹配: '私聊'
2025-04-15 22:51:42,215 - root - INFO - 消息 (ID: 149029) 包含媒体且文本包含关键词，将进行转发
2025-04-15 22:51:42,216 - root - INFO - 首次转发消息，无需等待冷却时间
2025-04-15 22:51:42,216 - root - INFO - 根据消息类型和长度，模拟真实阅读延迟: 10.5秒
2025-04-15 22:51:42,473 - telethon.client.updates - INFO - Got difference for channel 1598335961 updates
2025-04-15 22:51:42,475 - root - INFO - 处理新消息，当前处理状态: 正在处理中
2025-04-15 22:51:42,475 - root - INFO - 已有消息正在处理中，跳过此消息 (ID: 4245702)
2025-04-15 22:51:42,476 - root - INFO - 处理新消息，当前处理状态: 正在处理中
2025-04-15 22:51:42,476 - root - INFO - 已有消息正在处理中，跳过此消息 (ID: 4245704)
2025-04-15 22:51:42,477 - root - INFO - 处理新消息，当前处理状态: 正在处理中
2025-04-15 22:51:42,477 - root - INFO - 已有消息正在处理中，跳过此消息 (ID: 4245706)
2025-04-15 22:51:42,477 - root - INFO - 处理新消息，当前处理状态: 正在处理中
2025-04-15 22:51:42,478 - root - INFO - 已有消息正在处理中，跳过此消息 (ID: 4245707)
2025-04-15 22:51:42,478 - root - INFO - 处理新消息，当前处理状态: 正在处理中
2025-04-15 22:51:42,478 - root - INFO - 已有消息正在处理中，跳过此消息 (ID: 4245708)
2025-04-15 22:51:42,479 - root - INFO - 处理新消息，当前处理状态: 正在处理中
2025-04-15 22:51:42,479 - root - INFO - 已有消息正在处理中，跳过此消息 (ID: 4245709)
2025-04-15 22:51:42,479 - root - INFO - 处理新消息，当前处理状态: 正在处理中
2025-04-15 22:51:42,480 - root - INFO - 已有消息正在处理中，跳过此消息 (ID: 4245710)
2025-04-15 22:51:42,480 - root - INFO - 处理新消息，当前处理状态: 正在处理中
2025-04-15 22:51:42,480 - root - INFO - 已有消息正在处理中，跳过此消息 (ID: 4245711)
2025-04-15 22:51:42,481 - root - INFO - 处理新消息，当前处理状态: 正在处理中
2025-04-15 22:51:42,481 - root - INFO - 已有消息正在处理中，跳过此消息 (ID: 4245712)
2025-04-15 22:51:42,481 - root - INFO - 处理新消息，当前处理状态: 正在处理中
2025-04-15 22:51:42,481 - root - INFO - 已有消息正在处理中，跳过此消息 (ID: 4245713)
2025-04-15 22:51:42,482 - root - INFO - 处理新消息，当前处理状态: 正在处理中
2025-04-15 22:51:42,483 - root - INFO - 已有消息正在处理中，跳过此消息 (ID: 4245714)
2025-04-15 22:51:42,485 - root - INFO - 处理新消息，当前处理状态: 正在处理中
2025-04-15 22:51:42,485 - root - INFO - 已有消息正在处理中，跳过此消息 (ID: 4245715)
2025-04-15 22:51:42,485 - root - INFO - 处理新消息，当前处理状态: 正在处理中
2025-04-15 22:51:42,486 - root - INFO - 已有消息正在处理中，跳过此消息 (ID: 4245716)
2025-04-15 22:51:42,486 - root - INFO - 处理新消息，当前处理状态: 正在处理中
2025-04-15 22:51:42,486 - root - INFO - 已有消息正在处理中，跳过此消息 (ID: 4245717)
2025-04-15 22:51:42,487 - root - INFO - 处理新消息，当前处理状态: 正在处理中
2025-04-15 22:51:42,487 - root - INFO - 已有消息正在处理中，跳过此消息 (ID: 4245718)
2025-04-15 22:51:42,487 - root - INFO - 处理新消息，当前处理状态: 正在处理中
2025-04-15 22:51:42,487 - root - INFO - 已有消息正在处理中，跳过此消息 (ID: 4245719)
2025-04-15 22:51:42,488 - root - INFO - 处理新消息，当前处理状态: 正在处理中
2025-04-15 22:51:42,488 - root - INFO - 已有消息正在处理中，跳过此消息 (ID: 4245720)
2025-04-15 22:51:42,488 - root - INFO - 处理新消息，当前处理状态: 正在处理中
2025-04-15 22:51:42,489 - root - INFO - 已有消息正在处理中，跳过此消息 (ID: 4245721)
2025-04-15 22:51:42,489 - root - INFO - 处理新消息，当前处理状态: 正在处理中
2025-04-15 22:51:42,489 - root - INFO - 已有消息正在处理中，跳过此消息 (ID: 4245722)
2025-04-15 22:51:42,490 - root - INFO - 处理新消息，当前处理状态: 正在处理中
2025-04-15 22:51:42,490 - root - INFO - 已有消息正在处理中，跳过此消息 (ID: 4245723)
2025-04-15 22:51:42,490 - root - INFO - 处理新消息，当前处理状态: 正在处理中
2025-04-15 22:51:42,491 - root - INFO - 已有消息正在处理中，跳过此消息 (ID: 4245724)
2025-04-15 22:51:42,491 - root - INFO - 处理新消息，当前处理状态: 正在处理中
2025-04-15 22:51:42,491 - root - INFO - 已有消息正在处理中，跳过此消息 (ID: 4245725)
2025-04-15 22:51:42,491 - root - INFO - 处理新消息，当前处理状态: 正在处理中
2025-04-15 22:51:42,492 - root - INFO - 已有消息正在处理中，跳过此消息 (ID: 4245726)
2025-04-15 22:51:42,492 - root - INFO - 处理新消息，当前处理状态: 正在处理中
2025-04-15 22:51:42,492 - root - INFO - 已有消息正在处理中，跳过此消息 (ID: 4245727)
2025-04-15 22:51:42,493 - root - INFO - 处理新消息，当前处理状态: 正在处理中
2025-04-15 22:36:36,602 - root - INFO - 保存消息计数数据并退出...
2025-04-15 22:36:36,602 - telethon.network.mtprotosender - INFO - Disconnection from 91.108.56.183:443/TcpFull complete!
2025-04-15 22:36:36,600 - telethon.network.mtprotosender - INFO - Disconnecting from 91.108.56.183:443/TcpFull...
2025-04-15 22:34:54,380 - root - INFO - 已有消息正在处理中，跳过此消息 (ID: 4245658)
2025-04-15 22:34:54,380 - root - INFO - 处理新消息，当前处理状态: 正在处理中
2025-04-15 22:34:54,380 - root - INFO - 已有消息正在处理中，跳过此消息 (ID: 4245657)
2025-04-15 22:34:54,379 - root - INFO - 处理新消息，当前处理状态: 正在处理中
2025-04-15 22:34:54,379 - root - INFO - 已有消息正在处理中，跳过此消息 (ID: 4245656)
2025-04-15 22:34:54,378 - root - INFO - 处理新消息，当前处理状态: 正在处理中
2025-04-15 22:34:54,377 - root - INFO - 已有消息正在处理中，跳过此消息 (ID: 4245655)
2025-04-15 22:34:54,377 - root - INFO - 处理新消息，当前处理状态: 正在处理中
2025-04-15 22:34:54,377 - root - INFO - 已有消息正在处理中，跳过此消息 (ID: 4245654)
2025-04-15 22:34:54,377 - root - INFO - 处理新消息，当前处理状态: 正在处理中
2025-04-15 22:34:54,376 - root - INFO - 已有消息正在处理中，跳过此消息 (ID: 4245652)
2025-04-15 22:34:54,376 - root - INFO - 处理新消息，当前处理状态: 正在处理中
2025-04-15 22:34:54,376 - root - INFO - 已有消息正在处理中，跳过此消息 (ID: 4245651)
2025-04-15 22:34:54,375 - root - INFO - 处理新消息，当前处理状态: 正在处理中
2025-04-15 22:34:54,375 - root - INFO - 已有消息正在处理中，跳过此消息 (ID: 4245650)
2025-04-15 22:34:54,374 - root - INFO - 处理新消息，当前处理状态: 正在处理中
2025-04-15 22:34:54,374 - root - INFO - 已有消息正在处理中，跳过此消息 (ID: 4245649)
2025-04-15 22:34:54,374 - root - INFO - 处理新消息，当前处理状态: 正在处理中
2025-04-15 22:34:54,373 - root - INFO - 已有消息正在处理中，跳过此消息 (ID: 4245648)
2025-04-15 22:34:54,373 - root - INFO - 处理新消息，当前处理状态: 正在处理中
2025-04-15 22:34:54,372 - root - INFO - 已有消息正在处理中，跳过此消息 (ID: 4245647)
2025-04-15 22:34:54,372 - root - INFO - 处理新消息，当前处理状态: 正在处理中
2025-04-15 22:34:54,371 - root - INFO - 已有消息正在处理中，跳过此消息 (ID: 4245646)
2025-04-15 22:34:54,371 - root - INFO - 处理新消息，当前处理状态: 正在处理中
2025-04-15 22:34:54,370 - root - INFO - 已有消息正在处理中，跳过此消息 (ID: 4245645)
2025-04-15 22:34:54,370 - root - INFO - 处理新消息，当前处理状态: 正在处理中
2025-04-15 22:34:54,370 - root - INFO - 已有消息正在处理中，跳过此消息 (ID: 4245644)
2025-04-15 22:34:54,369 - root - INFO - 处理新消息，当前处理状态: 正在处理中
2025-04-15 22:34:54,369 - root - INFO - 已有消息正在处理中，跳过此消息 (ID: 4245643)
2025-04-15 22:34:54,369 - root - INFO - 处理新消息，当前处理状态: 正在处理中
2025-04-15 22:34:54,369 - root - INFO - 已有消息正在处理中，跳过此消息 (ID: 4245642)
2025-04-15 22:34:54,368 - root - INFO - 处理新消息，当前处理状态: 正在处理中
2025-04-15 22:34:54,366 - root - INFO - 已有消息正在处理中，跳过此消息 (ID: 4245641)
2025-04-15 22:34:54,366 - root - INFO - 处理新消息，当前处理状态: 正在处理中
2025-04-15 22:34:54,365 - root - INFO - 已有消息正在处理中，跳过此消息 (ID: 4245640)
2025-04-15 22:34:54,365 - root - INFO - 处理新消息，当前处理状态: 正在处理中
2025-04-15 22:34:54,364 - root - INFO - 已有消息正在处理中，跳过此消息 (ID: 4245639)
2025-04-15 22:34:54,364 - root - INFO - 处理新消息，当前处理状态: 正在处理中
2025-04-15 22:34:54,364 - root - INFO - 已有消息正在处理中，跳过此消息 (ID: 4245638)
2025-04-15 22:34:54,363 - root - INFO - 处理新消息，当前处理状态: 正在处理中
2025-04-15 22:34:54,363 - root - INFO - 已有消息正在处理中，跳过此消息 (ID: 4245637)
2025-04-15 22:34:54,363 - root - INFO - 处理新消息，当前处理状态: 正在处理中
2025-04-15 22:34:54,362 - root - INFO - 已有消息正在处理中，跳过此消息 (ID: 4245636)
2025-04-15 22:34:54,362 - root - INFO - 处理新消息，当前处理状态: 正在处理中
2025-04-15 22:34:54,361 - root - INFO - 已有消息正在处理中，跳过此消息 (ID: 4245635)
2025-04-15 22:34:54,361 - root - INFO - 处理新消息，当前处理状态: 正在处理中
2025-04-15 22:34:54,360 - root - INFO - 已有消息正在处理中，跳过此消息 (ID: 4245634)
2025-04-15 22:34:54,360 - root - INFO - 处理新消息，当前处理状态: 正在处理中
2025-04-15 22:34:54,358 - root - INFO - 已有消息正在处理中，跳过此消息 (ID: 4245633)
2025-04-15 22:34:54,358 - root - INFO - 处理新消息，当前处理状态: 正在处理中
2025-04-15 22:34:54,357 - root - INFO - 已有消息正在处理中，跳过此消息 (ID: 4245632)
2025-04-15 22:34:54,357 - root - INFO - 处理新消息，当前处理状态: 正在处理中
2025-04-15 22:34:54,356 - root - INFO - 已有消息正在处理中，跳过此消息 (ID: 4245631)
2025-04-15 22:34:54,355 - root - INFO - 处理新消息，当前处理状态: 正在处理中
2025-04-15 22:34:54,355 - root - INFO - 已有消息正在处理中，跳过此消息 (ID: 4245630)
2025-04-15 22:34:54,355 - root - INFO - 处理新消息，当前处理状态: 正在处理中
2025-04-15 22:34:54,353 - root - INFO - 已有消息正在处理中，跳过此消息 (ID: 4245629)
2025-04-15 22:34:54,353 - root - INFO - 处理新消息，当前处理状态: 正在处理中
2025-04-15 22:34:54,352 - root - INFO - 已有消息正在处理中，跳过此消息 (ID: 4245628)
2025-04-15 22:27:34,639 - root - INFO - 处理新消息，当前处理状态: 正在处理中
2025-04-15 22:27:34,640 - root - INFO - 已有消息正在处理中，跳过此消息 (ID: 4245578)
2025-04-15 22:27:34,640 - root - INFO - 处理新消息，当前处理状态: 正在处理中
2025-04-15 22:27:34,640 - root - INFO - 已有消息正在处理中，跳过此消息 (ID: 4245579)
2025-04-15 22:27:34,641 - root - INFO - 处理新消息，当前处理状态: 正在处理中
2025-04-15 22:27:34,641 - root - INFO - 已有消息正在处理中，跳过此消息 (ID: 4245580)
2025-04-15 22:27:34,641 - root - INFO - 处理新消息，当前处理状态: 正在处理中
2025-04-15 22:27:34,641 - root - INFO - 已有消息正在处理中，跳过此消息 (ID: 4245581)
2025-04-15 22:27:34,641 - root - INFO - 处理新消息，当前处理状态: 正在处理中
2025-04-15 22:27:34,641 - root - INFO - 已有消息正在处理中，跳过此消息 (ID: 4245582)
2025-04-15 22:27:34,642 - root - INFO - 处理新消息，当前处理状态: 正在处理中
2025-04-15 22:27:34,642 - root - INFO - 已有消息正在处理中，跳过此消息 (ID: 4245583)
2025-04-15 22:27:34,642 - root - INFO - 处理新消息，当前处理状态: 正在处理中
2025-04-15 22:27:34,642 - root - INFO - 已有消息正在处理中，跳过此消息 (ID: 4245584)
2025-04-15 22:27:34,642 - root - INFO - 处理新消息，当前处理状态: 正在处理中
2025-04-15 22:27:34,643 - root - INFO - 已有消息正在处理中，跳过此消息 (ID: 4245585)
2025-04-15 22:27:34,644 - root - INFO - 处理新消息，当前处理状态: 正在处理中
2025-04-15 22:27:34,644 - root - INFO - 已有消息正在处理中，跳过此消息 (ID: 4245586)
2025-04-15 22:27:34,645 - root - INFO - 处理新消息，当前处理状态: 正在处理中
2025-04-15 22:27:34,645 - root - INFO - 已有消息正在处理中，跳过此消息 (ID: 4245587)
2025-04-15 22:27:34,645 - root - INFO - 处理新消息，当前处理状态: 正在处理中
2025-04-15 22:27:34,645 - root - INFO - 已有消息正在处理中，跳过此消息 (ID: 4245588)
2025-04-15 22:27:34,646 - root - INFO - 处理新消息，当前处理状态: 正在处理中
2025-04-15 22:27:34,646 - root - INFO - 已有消息正在处理中，跳过此消息 (ID: 4245591)
2025-04-15 22:27:34,646 - root - INFO - 处理新消息，当前处理状态: 正在处理中
2025-04-15 22:27:34,646 - root - INFO - 已有消息正在处理中，跳过此消息 (ID: 4245592)
2025-04-15 22:27:34,646 - root - INFO - 处理新消息，当前处理状态: 正在处理中
2025-04-15 22:27:34,647 - root - INFO - 已有消息正在处理中，跳过此消息 (ID: 4245593)
2025-04-15 22:27:34,647 - root - INFO - 处理新消息，当前处理状态: 正在处理中
2025-04-15 22:27:34,647 - root - INFO - 已有消息正在处理中，跳过此消息 (ID: 4245594)
2025-04-15 22:27:34,647 - root - INFO - 处理新消息，当前处理状态: 正在处理中
2025-04-15 22:27:34,647 - root - INFO - 已有消息正在处理中，跳过此消息 (ID: 4245595)
2025-04-15 22:27:34,647 - root - INFO - 处理新消息，当前处理状态: 正在处理中
2025-04-15 22:27:34,648 - root - INFO - 已有消息正在处理中，跳过此消息 (ID: 4245596)
2025-04-15 22:27:34,648 - root - INFO - 处理新消息，当前处理状态: 正在处理中
2025-04-15 22:27:34,648 - root - INFO - 已有消息正在处理中，跳过此消息 (ID: 4245597)
2025-04-15 22:27:34,648 - root - INFO - 处理新消息，当前处理状态: 正在处理中
2025-04-15 22:27:34,649 - root - INFO - 已有消息正在处理中，跳过此消息 (ID: 4245598)
2025-04-15 22:27:34,649 - root - INFO - 处理新消息，当前处理状态: 正在处理中
2025-04-15 22:27:34,649 - root - INFO - 已有消息正在处理中，跳过此消息 (ID: 4245599)
2025-04-15 22:27:34,650 - root - INFO - 处理新消息，当前处理状态: 正在处理中
2025-04-15 22:27:34,650 - root - INFO - 已有消息正在处理中，跳过此消息 (ID: 4245600)
2025-04-15 22:27:34,650 - root - INFO - 处理新消息，当前处理状态: 正在处理中
2025-04-15 22:27:34,650 - root - INFO - 已有消息正在处理中，跳过此消息 (ID: 4245601)
2025-04-15 22:27:34,650 - root - INFO - 处理新消息，当前处理状态: 正在处理中
2025-04-15 22:27:34,651 - root - INFO - 已有消息正在处理中，跳过此消息 (ID: 4245602)
2025-04-15 22:27:34,651 - root - INFO - 处理新消息，当前处理状态: 正在处理中
2025-04-15 22:27:34,651 - root - INFO - 已有消息正在处理中，跳过此消息 (ID: 4245603)
2025-04-15 22:27:34,652 - root - INFO - 处理新消息，当前处理状态: 正在处理中
2025-04-15 22:27:34,652 - root - INFO - 已有消息正在处理中，跳过此消息 (ID: 4245604)
2025-04-15 22:27:34,652 - root - INFO - 处理新消息，当前处理状态: 正在处理中
2025-04-15 22:27:34,652 - root - INFO - 已有消息正在处理中，跳过此消息 (ID: 4245605)
2025-04-15 22:27:34,653 - root - INFO - 处理新消息，当前处理状态: 正在处理中
2025-04-15 22:27:34,653 - root - INFO - 已有消息正在处理中，跳过此消息 (ID: 4245608)
2025-04-15 22:27:34,653 - root - INFO - 处理新消息，当前处理状态: 正在处理中
2025-04-15 22:27:34,653 - root - INFO - 已有消息正在处理中，跳过此消息 (ID: 4245609)
2025-04-15 22:27:34,654 - root - INFO - 处理新消息，当前处理状态: 正在处理中
2025-04-15 22:27:34,654 - root - INFO - 已有消息正在处理中，跳过此消息 (ID: 4245610)
2025-04-15 22:27:34,655 - root - INFO - 处理新消息，当前处理状态: 正在处理中
2025-04-15 22:27:34,655 - root - INFO - 已有消息正在处理中，跳过此消息 (ID: 4245611)
2025-04-15 22:27:34,655 - root - INFO - 处理新消息，当前处理状态: 正在处理中
2025-04-15 22:27:34,655 - root - INFO - 已有消息正在处理中，跳过此消息 (ID: 4245612)
2025-04-15 22:27:34,656 - root - INFO - 处理新消息，当前处理状态: 正在处理中
2025-04-15 22:27:34,656 - root - INFO - 已有消息正在处理中，跳过此消息 (ID: 4245613)
2025-04-15 22:27:34,656 - root - INFO - 处理新消息，当前处理状态: 正在处理中
2025-04-15 22:27:34,656 - root - INFO - 已有消息正在处理中，跳过此消息 (ID: 4245614)
2025-04-15 22:27:34,656 - root - INFO - 处理新消息，当前处理状态: 正在处理中
2025-04-15 22:27:34,656 - root - INFO - 已有消息正在处理中，跳过此消息 (ID: 4245615)
2025-04-15 22:32:09,818 - root - INFO - 根据消息类型和长度，模拟真实阅读延迟: 9.2秒
2025-04-15 22:32:18,996 - root - INFO - 模拟转发前的思考/处理时间: 3.1秒
2025-04-15 22:32:22,136 - root - INFO - 处理来自「深圳修车大队」的媒体消息
2025-04-15 22:32:22,137 - root - INFO - 模拟媒体上传准备时间: 1.3秒
2025-04-15 22:32:23,664 - root - INFO - 已转发媒体消息 (ID: 4245572) 到目标频道，新消息ID: 1243
2025-04-15 22:32:23,665 - root - INFO - 今日已转发 3/100 条消息，剩余配额: 97 条
2025-04-15 22:32:23,665 - root - INFO - 已启动 5 分钟冷却时间，下次可转发时间: 22:37:23
2025-04-15 22:32:23,666 - root - INFO - 下次可转发时间: 22:37:23
2025-04-15 22:32:23,666 - root - INFO - 消息处理完成，等待 2.3 秒...
2025-04-15 22:34:54,341 - telethon.client.updates - INFO - Got difference for channel 1598335961 updates
2025-04-15 22:34:54,342 - root - INFO - 跳过编辑的纯文本消息 (ID: 4245525) - 根据设置只转发包含媒体的消息
2025-04-15 22:34:54,343 - root - INFO - 处理新消息，当前处理状态: 正在处理中
2025-04-15 22:34:54,343 - root - INFO - 已有消息正在处理中，跳过此消息 (ID: 4245616)
2025-04-15 22:34:54,343 - root - INFO - 处理新消息，当前处理状态: 正在处理中
2025-04-15 22:34:54,344 - root - INFO - 已有消息正在处理中，跳过此消息 (ID: 4245617)
2025-04-15 22:34:54,344 - root - INFO - 处理新消息，当前处理状态: 正在处理中
2025-04-15 22:34:54,344 - root - INFO - 已有消息正在处理中，跳过此消息 (ID: 4245618)
2025-04-15 22:34:54,345 - root - INFO - 处理新消息，当前处理状态: 正在处理中
2025-04-15 22:34:54,345 - root - INFO - 已有消息正在处理中，跳过此消息 (ID: 4245621)
2025-04-15 22:34:54,346 - root - INFO - 处理新消息，当前处理状态: 正在处理中
2025-04-15 22:34:54,346 - root - INFO - 已有消息正在处理中，跳过此消息 (ID: 4245622)
2025-04-15 22:34:54,346 - root - INFO - 处理新消息，当前处理状态: 正在处理中
2025-04-15 22:34:54,347 - root - INFO - 已有消息正在处理中，跳过此消息 (ID: 4245623)
2025-04-15 22:34:54,347 - root - INFO - 处理新消息，当前处理状态: 正在处理中
2025-04-15 22:34:54,347 - root - INFO - 已有消息正在处理中，跳过此消息 (ID: 4245624)
2025-04-15 22:34:54,348 - root - INFO - 处理新消息，当前处理状态: 正在处理中
2025-04-15 22:34:54,348 - root - INFO - 已有消息正在处理中，跳过此消息 (ID: 4245625)
2025-04-15 22:34:54,348 - root - INFO - 处理新消息，当前处理状态: 正在处理中
2025-04-15 22:34:54,349 - root - INFO - 已有消息正在处理中，跳过此消息 (ID: 4245626)
2025-04-15 22:34:54,349 - root - INFO - 处理新消息，当前处理状态: 正在处理中
2025-04-15 22:34:54,349 - root - INFO - 已有消息正在处理中，跳过此消息 (ID: 4245627)
2025-04-15 22:34:54,350 - root - INFO - 处理新消息，当前处理状态: 正在处理中
2025-04-15 22:04:52,544 - root - INFO - ==================================================
2025-04-15 22:04:52,544 - root - INFO - 高级转发机器人启动 - 2025-04-15 22:04:52
2025-04-15 22:04:52,544 - root - INFO - ==================================================
2025-04-15 22:04:52,551 - root - INFO - 使用已有会话登录...
2025-04-15 22:04:52,552 - root - INFO - 初始化转发时间为 None，确保启动时无冷却限制
2025-04-15 22:04:52,552 - root - INFO - 程序重启后重置今日消息计数: 0/100
2025-04-15 22:04:52,554 - root - INFO - 上次运行的消息计数为: 0 (日期: 2025-04-15)，已忽略并重置为0
2025-04-15 22:04:52,554 - telethon.network.mtprotosender - INFO - Connecting to 91.108.56.183:443/TcpFull...
2025-04-15 22:04:52,558 - telethon.network.mtprotosender - INFO - Connection to 91.108.56.183:443/TcpFull complete!
2025-04-15 22:04:53,544 - root - INFO - 登录成功!
2025-04-15 22:04:53,544 - root - INFO - 已加载 3 个已加入频道的记录
2025-04-15 22:04:53,544 - root - INFO - 尝试自动加入配置的源频道...
2025-04-15 22:04:53,544 - root - INFO - 跳过已记录加入的频道: https://t.me/szzqdt
2025-04-15 22:04:53,718 - root - INFO - 已从记录中恢复频道: 「深圳最全动态榜」
2025-04-15 22:04:53,718 - root - INFO - 跳过已记录加入的频道: https://t.me/+yXL4uZgD7p1jZGZl
2025-04-15 22:04:53,894 - root - INFO - 已从记录中恢复频道: 「深圳修车大队」
2025-04-15 22:04:53,894 - root - INFO - 跳过已记录加入的频道: https://t.me/beifuzhiqunzu
2025-04-15 22:04:54,096 - root - INFO - 已从记录中恢复频道: 「被复制的群组-1」
2025-04-15 22:04:54,097 - root - INFO - 准备加入 0 个频道，将模拟人类操作速度...
2025-04-15 22:04:54,097 - root - INFO - 频道加入结果摘要:
2025-04-15 22:04:54,098 - root - INFO - ✅ 已从记录中恢复: 深圳最全动态榜
2025-04-15 22:04:54,098 - root - INFO - ✅ 已从记录中恢复: 深圳修车大队
2025-04-15 22:04:54,098 - root - INFO - ✅ 已从记录中恢复: 被复制的群组-1
2025-04-15 22:04:54,098 - root - INFO - 原始SOURCE_CHANNELS长度: 3
2025-04-15 22:04:54,098 - root - INFO - 尝试修正频道ID格式: 2285829348 -> -1002285829348
2025-04-15 22:04:54,349 - root - INFO - 使用修正后的ID格式成功连接频道: 「深圳最全动态榜」
2025-04-15 22:04:54,349 - root - INFO - 尝试修正频道ID格式: 1598335961 -> -1001598335961
2025-04-15 22:04:54,577 - root - INFO - 使用修正后的ID格式成功连接频道: 「深圳修车大队」
2025-04-15 22:04:54,577 - root - INFO - 尝试修正频道ID格式: 2559453784 -> -1002559453784
2025-04-15 22:04:54,758 - root - INFO - 使用修正后的ID格式成功连接频道: 「被复制的群组-1」
2025-04-15 22:04:54,758 - root - INFO - 尝试连接目标频道: -1001915427892
2025-04-15 22:04:55,474 - root - INFO - 已连接到目标频道: 「👩🏻‍🦰深圳乐逍遥楼凤频道」
2025-04-15 22:04:55,743 - root - INFO - 已发送测试消息到目标频道，连接正常
2025-04-15 22:04:55,743 - root - INFO - === 开始监控以下频道 ===
2025-04-15 22:04:55,743 - root - INFO - 1. 「深圳最全动态榜」
2025-04-15 22:04:55,743 - root - INFO - 2. 「深圳修车大队」
2025-04-15 22:04:55,743 - root - INFO - 3. 「被复制的群组-1」
2025-04-15 22:04:55,743 - root - INFO - ========================
2025-04-15 22:04:55,743 - root - INFO - 高级转发机器人已启动，正在监控频道...
2025-04-15 22:04:55,746 - root - INFO - 监控的频道: [<telethon.tl.types.Channel object at 0x0000024BB2CDE510>, <telethon.tl.types.Channel object at 0x0000024BB2CDE710>, <telethon.tl.types.Channel object at 0x0000024BB2CDE4D0>]
2025-04-15 22:04:55,747 - root - INFO - 目标频道: -1001915427892
2025-04-15 22:04:55,747 - root - INFO - 每日消息配额: 100条，今日已发送: 0条，剩余: 100条
2025-04-15 22:19:53,738 - telethon.client.updates - INFO - Got difference for account updates
2025-04-15 22:19:53,742 - root - INFO - 处理新消息，当前处理状态: 空闲
2025-04-15 22:19:53,744 - root - INFO - 收到来自频道「深圳最全动态榜」的新消息: 149012
2025-04-15 22:19:53,747 - root - INFO - 消息 (ID: 149012) 完整文本内容: 『20250408115101』
🆔艺名： 阿狸
📍地址： #南山
💲价格：#1200p #2000pp
🚀私聊： @ali889988
『20250408115101』
🆔艺名： 阿狸
📍地址： #南山
💲价格：#1200p #2000pp
🚀私聊： @ali889988
『20250408115101』
🆔艺名： 阿狸
📍地址： #南山
💲价格：#1200p #2000pp
🚀私聊： @ali889988
2025-04-15 22:19:53,751 - root - INFO - 找到关键词匹配: '私聊'
2025-04-15 22:19:53,751 - root - INFO - 消息 (ID: 149012) 包含媒体且文本包含关键词，将进行转发
2025-04-15 22:19:53,752 - root - INFO - 首次转发消息，无需等待冷却时间
2025-04-15 22:19:53,752 - root - INFO - 根据消息类型和长度，模拟真实阅读延迟: 7.7秒
2025-04-15 22:19:54,422 - telethon.client.updates - INFO - Got difference for channel 2285829348 updates
2025-04-15 22:19:54,424 - root - INFO - 处理新消息，当前处理状态: 正在处理中
2025-04-15 22:19:54,425 - root - INFO - 已有消息正在处理中，跳过此消息 (ID: 149013)
2025-04-15 22:19:54,426 - root - INFO - 处理新消息，当前处理状态: 正在处理中
2025-04-15 22:19:54,426 - root - INFO - 已有消息正在处理中，跳过此消息 (ID: 149014)
2025-04-15 22:20:01,429 - root - INFO - 模拟转发前的思考/处理时间: 3.5秒
2025-04-15 22:20:04,974 - root - INFO - 处理来自「深圳最全动态榜」的媒体消息
2025-04-15 22:20:04,974 - root - INFO - 模拟媒体上传准备时间: 1.3秒
2025-04-15 22:20:06,616 - root - INFO - 已转发媒体消息 (ID: 149012) 到目标频道，新消息ID: 1241
2025-04-15 22:20:06,617 - root - INFO - 今日已转发 1/100 条消息，剩余配额: 99 条
2025-04-15 22:20:06,617 - root - INFO - 已启动 5 分钟冷却时间，下次可转发时间: 22:25:06
2025-04-15 22:20:06,618 - root - INFO - 下次可转发时间: 22:25:06
2025-04-15 22:20:06,618 - root - INFO - 消息处理完成，等待 2.3 秒...
2025-04-15 22:26:57,995 - telethon.client.updates - INFO - Got difference for channel 2285829348 updates
2025-04-15 22:26:57,996 - root - INFO - 处理新消息，当前处理状态: 空闲
2025-04-15 22:26:57,997 - root - INFO - 收到来自频道「深圳最全动态榜」的新消息: 149015
2025-04-15 22:26:57,998 - root - INFO - 消息 (ID: 149015) 完整文本内容: 『20250410150154』
🆔艺名： 小糯米
📍地址： #罗湖
💲价格：#1500p #2800pp
🚀私聊： @nuomi060
『20250410150154』
🆔艺名： 小糯米
📍地址： #罗湖
💲价格：#1500p #2800pp
🚀私聊： @nuomi060
『20250410150154』
🆔艺名： 小糯米
📍地址： #罗湖
💲价格：#1500p #2800pp
🚀私聊： @nuomi060
2025-04-15 22:26:57,999 - root - INFO - 找到关键词匹配: '私聊'
2025-04-15 22:26:58,000 - root - INFO - 消息 (ID: 149015) 包含媒体且文本包含关键词，将进行转发
2025-04-15 22:26:58,000 - root - INFO - 根据消息类型和长度，模拟真实阅读延迟: 8.0秒
2025-04-15 22:26:58,001 - root - INFO - 处理新消息，当前处理状态: 正在处理中
2025-04-15 22:26:58,001 - root - INFO - 已有消息正在处理中，跳过此消息 (ID: 149016)
2025-04-15 22:26:58,001 - root - INFO - 处理新消息，当前处理状态: 正在处理中
2025-04-15 22:26:58,002 - root - INFO - 已有消息正在处理中，跳过此消息 (ID: 149017)
2025-04-15 22:27:06,056 - root - INFO - 模拟转发前的思考/处理时间: 1.9秒
2025-04-15 22:27:07,926 - root - INFO - 处理来自「深圳最全动态榜」的媒体消息
2025-04-15 22:27:07,926 - root - INFO - 模拟媒体上传准备时间: 1.7秒
2025-04-15 22:27:09,823 - root - INFO - 已转发媒体消息 (ID: 149015) 到目标频道，新消息ID: 1242
2025-04-15 22:27:09,824 - root - INFO - 今日已转发 2/100 条消息，剩余配额: 98 条
2025-04-15 22:27:09,824 - root - INFO - 已启动 5 分钟冷却时间，下次可转发时间: 22:32:09
2025-04-15 22:27:09,825 - root - INFO - 下次可转发时间: 22:32:09
2025-04-15 22:27:09,825 - root - INFO - 消息处理完成，等待 1.9 秒...
2025-04-15 22:27:34,631 - telethon.client.updates - INFO - Got difference for channel 1598335961 updates
2025-04-15 22:27:34,632 - root - INFO - 处理新消息，当前处理状态: 空闲
2025-04-15 22:27:34,633 - root - INFO - 收到来自频道「深圳修车大队」的新消息: 4245572
2025-04-15 22:27:34,633 - root - INFO - 消息 (ID: 4245572) 完整文本内容: 位置：福田
名字：依依

有水床

私聊：@yujia5656
频道：https://t.me/httpsyujia56566
双向机器人 @yujia56_bot
位置：福田
名字：依依

有水床

私聊：@yujia5656
频道：https://t.me/httpsyujia56566
双向机器人 @yujia56_bot
位置：福田
名字：依依

有水床

私聊：@yujia5656
频道：https://t.me/httpsyujia56566
双向机器人 @yujia56_bot
2025-04-15 22:27:34,635 - root - INFO - 找到关键词匹配: 'https://t.me/'
2025-04-15 22:27:34,635 - root - INFO - 消息 (ID: 4245572) 包含媒体且文本包含关键词，将进行转发
2025-04-15 22:27:34,635 - root - INFO - 冷却时间未到，还需等待 4.6 分钟后才能转发此消息
2025-04-15 22:27:34,635 - root - INFO - 消息 (ID: 4245572) 将在 4.6 分钟后尝试转发
2025-04-15 22:27:34,635 - root - INFO - 处理新消息，当前处理状态: 正在处理中
2025-04-15 22:27:34,635 - root - INFO - 已有消息正在处理中，跳过此消息 (ID: 4245573)
2025-04-15 22:27:34,635 - root - INFO - 处理新消息，当前处理状态: 正在处理中
2025-04-15 22:27:34,636 - root - INFO - 已有消息正在处理中，跳过此消息 (ID: 4245574)
2025-04-15 22:27:34,637 - root - INFO - 处理新消息，当前处理状态: 正在处理中
2025-04-15 22:27:34,637 - root - INFO - 已有消息正在处理中，跳过此消息 (ID: 4245575)
2025-04-15 22:27:34,637 - root - INFO - 处理新消息，当前处理状态: 正在处理中
2025-04-15 22:27:34,637 - root - INFO - 已有消息正在处理中，跳过此消息 (ID: 4245576)
2025-04-15 22:27:34,637 - root - INFO - 处理新消息，当前处理状态: 正在处理中
2025-04-15 22:27:34,637 - root - INFO - 已有消息正在处理中，跳过此消息 (ID: 4245577)
2025-04-15 21:59:58,451 - root - INFO - 保存消息计数数据并退出...
2025-04-15 21:59:58,450 - telethon.network.mtprotosender - INFO - Disconnection from 91.108.56.183:443/TcpFull complete!
2025-04-15 21:59:58,448 - telethon.network.mtprotosender - INFO - Disconnecting from 91.108.56.183:443/TcpFull...
2025-04-15 21:49:33,979 - root - INFO - 每日消息配额: 100条，今日已发送: 0条，剩余: 100条
2025-04-15 21:49:33,978 - root - INFO - 目标频道: -1001915427892
2025-04-15 21:49:33,978 - root - INFO - 监控的频道: [<telethon.tl.types.Channel object at 0x000001EF20B9E150>, <telethon.tl.types.Channel object at 0x000001EF20B9E350>, <telethon.tl.types.Channel object at 0x000001EF20B9E110>]
2025-04-15 21:49:33,977 - root - INFO - 高级转发机器人已启动，正在监控频道...
2025-04-15 21:49:33,977 - root - INFO - ========================
2025-04-15 21:49:33,976 - root - INFO - 3. 「被复制的群组-1」
2025-04-15 21:49:33,976 - root - INFO - 2. 「深圳修车大队」
2025-04-15 21:49:33,976 - root - INFO - 1. 「深圳最全动态榜」
2025-04-15 21:49:33,975 - root - INFO - === 开始监控以下频道 ===
2025-04-15 21:49:33,975 - root - INFO - 已发送测试消息到目标频道，连接正常
2025-04-15 21:49:33,740 - root - INFO - 已连接到目标频道: 「👩🏻‍🦰深圳乐逍遥楼凤频道」
2025-04-15 21:49:33,455 - root - INFO - 尝试连接目标频道: -1001915427892
2025-04-15 21:49:33,455 - root - INFO - 使用修正后的ID格式成功连接频道: 「被复制的群组-1」
2025-04-15 21:49:33,321 - root - INFO - 尝试修正频道ID格式: 2559453784 -> -1002559453784
2025-04-15 21:49:33,321 - root - INFO - 使用修正后的ID格式成功连接频道: 「深圳修车大队」
2025-04-15 21:49:33,188 - root - INFO - 尝试修正频道ID格式: 1598335961 -> -1001598335961
2025-04-15 21:49:33,188 - root - INFO - 使用修正后的ID格式成功连接频道: 「深圳最全动态榜」
2025-04-15 21:49:33,045 - root - INFO - 尝试修正频道ID格式: 2285829348 -> -1002285829348
2025-04-15 21:49:33,045 - root - INFO - 原始SOURCE_CHANNELS长度: 3
2025-04-15 21:49:33,045 - root - INFO - ✅ 已从记录中恢复: 被复制的群组-1
2025-04-15 21:49:33,045 - root - INFO - ✅ 已从记录中恢复: 深圳修车大队
2025-04-15 21:49:33,042 - root - INFO - ✅ 已从记录中恢复: 深圳最全动态榜
2025-04-15 21:49:33,042 - root - INFO - 频道加入结果摘要:
2025-04-15 21:49:33,042 - root - INFO - 准备加入 0 个频道，将模拟人类操作速度...
2025-04-15 21:49:33,042 - root - INFO - 已从记录中恢复频道: 「被复制的群组-1」
2025-04-15 21:49:32,898 - root - INFO - 跳过已记录加入的频道: https://t.me/beifuzhiqunzu
2025-04-15 21:49:32,898 - root - INFO - 已从记录中恢复频道: 「深圳修车大队」
2025-04-15 21:49:32,751 - root - INFO - 跳过已记录加入的频道: https://t.me/+yXL4uZgD7p1jZGZl
2025-04-15 21:49:32,750 - root - INFO - 已从记录中恢复频道: 「深圳最全动态榜」
2025-04-15 21:49:32,609 - root - INFO - 跳过已记录加入的频道: https://t.me/szzqdt
2025-04-15 21:49:32,609 - root - INFO - 尝试自动加入配置的源频道...
2025-04-15 21:49:32,608 - root - INFO - 已加载 3 个已加入频道的记录
2025-04-15 21:49:32,606 - root - INFO - 登录成功!
2025-04-15 21:49:31,600 - telethon.network.mtprotosender - INFO - Connection to 91.108.56.183:443/TcpFull complete!
2025-04-15 21:49:31,597 - telethon.network.mtprotosender - INFO - Connecting to 91.108.56.183:443/TcpFull...
2025-04-15 21:49:31,597 - root - INFO - 上次运行的消息计数为: 21 (日期: 2025-04-15)，已忽略并重置为0
2025-04-15 21:49:31,596 - root - INFO - 程序重启后重置今日消息计数: 0/100
2025-04-15 21:49:31,595 - root - INFO - 初始化转发时间为 None，确保启动时无冷却限制
2025-04-15 21:49:31,594 - root - INFO - 使用已有会话登录...
2025-04-15 21:49:31,586 - root - INFO - ==================================================
2025-04-15 21:49:31,586 - root - INFO - 高级转发机器人启动 - 2025-04-15 21:49:31
2025-04-15 21:49:31,586 - root - INFO - ==================================================
2025-04-15 21:44:22,837 - root - INFO - 保存消息计数数据并退出...
2025-04-15 21:44:22,836 - telethon.network.mtprotosender - INFO - Disconnection from 91.108.56.183:443/TcpFull complete!
2025-04-15 21:44:22,830 - telethon.network.mtprotosender - INFO - Disconnecting from 91.108.56.183:443/TcpFull...
2025-04-15 21:42:53,022 - root - INFO - 消息处理完成，等待 2.3 秒...
2025-04-15 21:42:53,022 - root - INFO - 下次可转发时间: 21:48:53
2025-04-15 21:42:53,021 - root - INFO - 已启动 6 分钟冷却时间，下次可转发时间: 21:48:53
2025-04-15 21:42:53,020 - root - INFO - 今日已转发 21/100 条消息，剩余配额: 79 条
2025-04-15 21:42:53,020 - root - INFO - 已转发媒体消息 (ID: 149005) 到目标频道，新消息ID: 1238
2025-04-15 21:42:52,167 - root - INFO - 模拟媒体上传准备时间: 0.6秒
2025-04-15 21:42:52,166 - root - INFO - 处理来自「深圳最全动态榜」的媒体消息
2025-04-15 21:42:50,241 - root - INFO - 消息处理完成，等待 1.9 秒...
2025-04-15 21:42:50,240 - root - INFO - 下次可转发时间: 21:48:50
2025-04-15 21:42:50,236 - root - INFO - 已启动 6 分钟冷却时间，下次可转发时间: 21:48:50
2025-04-15 21:42:50,236 - root - INFO - 今日已转发 20/100 条消息，剩余配额: 80 条
2025-04-15 21:42:50,236 - root - INFO - 已转发媒体消息 (ID: 148997) 到目标频道，新消息ID: 1237
2025-04-15 21:42:49,537 - root - INFO - 消息处理完成，等待 1.2 秒...
2025-04-15 21:42:49,535 - root - INFO - 下次可转发时间: 21:48:49
2025-04-15 21:42:49,535 - root - INFO - 已启动 6 分钟冷却时间，下次可转发时间: 21:48:49
2025-04-15 21:42:49,535 - root - INFO - 今日已转发 19/100 条消息，剩余配额: 81 条
2025-04-15 21:42:49,535 - root - INFO - 已转发媒体消息 (ID: 148998) 到目标频道，新消息ID: 1236
2025-04-15 21:42:49,468 - root - INFO - 模拟媒体上传准备时间: 0.6秒
2025-04-15 21:42:49,468 - root - INFO - 处理来自「深圳最全动态榜」的媒体消息
2025-04-15 21:42:48,832 - root - INFO - 模拟转发前的思考/处理时间: 3.3秒
2025-04-15 21:42:48,743 - root - INFO - 消息处理完成，等待 1.1 秒...
2025-04-15 21:42:48,743 - root - INFO - 下次可转发时间: 21:48:48
2025-04-15 21:42:48,742 - root - INFO - 已启动 6 分钟冷却时间，下次可转发时间: 21:48:48
2025-04-15 21:42:48,742 - root - INFO - 今日已转发 18/100 条消息，剩余配额: 82 条
2025-04-15 21:42:48,741 - root - INFO - 已转发媒体消息 (ID: 149003) 到目标频道，新消息ID: 1235
2025-04-15 21:42:48,474 - root - INFO - 消息处理完成，等待 2.4 秒...
2025-04-15 21:42:48,474 - root - INFO - 下次可转发时间: 21:48:48
2025-04-15 21:42:48,470 - root - INFO - 已启动 6 分钟冷却时间，下次可转发时间: 21:48:48
2025-04-15 21:42:33,390 - root - INFO - 根据消息类型和长度，模拟真实阅读延迟: 15.4秒
2025-04-15 21:42:33,391 - root - INFO - 收到来自频道「深圳最全动态榜」的新消息: 149006
2025-04-15 21:42:33,392 - root - INFO - 消息 (ID: 149006) 完整文本内容: 『20250402153339』
🆔艺名： 小雨儿
📍地址:   #宝安
💲价格：#688p #1288pp
🚀私聊:  @xiaoyureg
『20250402153339』
🆔艺名： 小雨儿
📍地址:   #宝安
💲价格：#688p #1288pp
🚀私聊:  @xiaoyureg
『20250402153339』
🆔艺名： 小雨儿
📍地址:   #宝安
💲价格：#688p #1288pp
🚀私聊:  @xiaoyureg
2025-04-15 21:42:33,395 - root - INFO - 找到关键词匹配: '私聊'
2025-04-15 21:42:33,395 - root - INFO - 消息 (ID: 149006) 包含媒体且文本包含关键词，将进行转发
2025-04-15 21:42:33,395 - root - INFO - 根据消息类型和长度，模拟真实阅读延迟: 9.5秒
2025-04-15 21:42:33,395 - root - INFO - 收到来自频道「深圳最全动态榜」的新消息: 149007
2025-04-15 21:42:33,395 - root - INFO - 消息 (ID: 149007) 完整文本内容: 『20250402162445』
🆔艺名： 小西瓜
📍地址:   #龙岗
💲价格：#1000p #1800pp
🚀私聊:  @jkp393988
『20250402162445』
🆔艺名： 小西瓜
📍地址:   #龙岗
💲价格：#1000p #1800pp
🚀私聊:  @jkp393988
『20250402162445』
🆔艺名： 小西瓜
📍地址:   #龙岗
💲价格：#1000p #1800pp
🚀私聊:  @jkp393988
2025-04-15 21:42:33,400 - root - INFO - 找到关键词匹配: '私聊'
2025-04-15 21:42:33,400 - root - INFO - 消息 (ID: 149007) 包含媒体且文本包含关键词，将进行转发
2025-04-15 21:42:33,400 - root - INFO - 根据消息类型和长度，模拟真实阅读延迟: 10.1秒
2025-04-15 21:42:33,402 - root - INFO - 收到来自频道「深圳最全动态榜」的新消息: 149008
2025-04-15 21:42:33,402 - root - INFO - 消息 (ID: 149008) 完整文本内容: 『20250402171453』
🆔艺名： 小贝  #抓龙筋
📍地址:   #南山 科创
💲价格：#500起
🚀私聊:  @TG315L
『20250402171453』
🆔艺名： 小贝  #抓龙筋
📍地址:   #南山 科创
💲价格：#500起
🚀私聊:  @TG315L
『20250402171453』
🆔艺名： 小贝  #抓龙筋
📍地址:   #南山 科创
💲价格：#500起
🚀私聊:  @TG315L
2025-04-15 21:42:33,405 - root - INFO - 找到关键词匹配: '私聊'
2025-04-15 21:42:33,405 - root - INFO - 消息 (ID: 149008) 包含媒体且文本包含关键词，将进行转发
2025-04-15 21:42:33,405 - root - INFO - 根据消息类型和长度，模拟真实阅读延迟: 10.6秒
2025-04-15 21:42:39,474 - root - INFO - 模拟转发前的思考/处理时间: 2.0秒
2025-04-15 21:42:39,808 - root - INFO - 模拟转发前的思考/处理时间: 2.4秒
2025-04-15 21:42:40,147 - root - INFO - 模拟转发前的思考/处理时间: 2.1秒
2025-04-15 21:42:40,664 - root - INFO - 模拟转发前的思考/处理时间: 2.5秒
2025-04-15 21:42:41,004 - root - INFO - 模拟转发前的思考/处理时间: 2.6秒
2025-04-15 21:42:41,467 - root - INFO - 处理来自「深圳最全动态榜」的媒体消息
2025-04-15 21:42:41,468 - root - INFO - 模拟媒体上传准备时间: 1.0秒
2025-04-15 21:42:42,212 - root - INFO - 处理来自「深圳最全动态榜」的媒体消息
2025-04-15 21:42:42,213 - root - INFO - 模拟媒体上传准备时间: 1.4秒
2025-04-15 21:42:42,214 - root - INFO - 处理来自「深圳最全动态榜」的媒体消息
2025-04-15 21:42:42,214 - root - INFO - 模拟媒体上传准备时间: 1.6秒
2025-04-15 21:42:42,635 - root - INFO - 已转发媒体消息 (ID: 148995) 到目标频道，新消息ID: 1225
2025-04-15 21:42:42,635 - root - INFO - 今日已转发 8/100 条消息，剩余配额: 92 条
2025-04-15 21:42:42,635 - root - INFO - 已启动 6 分钟冷却时间，下次可转发时间: 21:48:42
2025-04-15 21:42:42,639 - root - INFO - 下次可转发时间: 21:48:42
2025-04-15 21:42:42,639 - root - INFO - 消息处理完成，等待 0.9 秒...
2025-04-15 21:42:42,914 - root - INFO - 模拟转发前的思考/处理时间: 1.7秒
2025-04-15 21:42:43,201 - root - INFO - 处理来自「深圳最全动态榜」的媒体消息
2025-04-15 21:42:43,202 - root - INFO - 模拟媒体上传准备时间: 1.3秒
2025-04-15 21:42:43,274 - root - INFO - 模拟转发前的思考/处理时间: 2.9秒
2025-04-15 21:42:43,506 - root - INFO - 模拟转发前的思考/处理时间: 2.9秒
2025-04-15 21:42:43,625 - root - INFO - 处理来自「深圳最全动态榜」的媒体消息
2025-04-15 21:42:43,626 - root - INFO - 模拟媒体上传准备时间: 1.1秒
2025-04-15 21:42:43,903 - root - INFO - 已转发媒体消息 (ID: 149000) 到目标频道，新消息ID: 1226
2025-04-15 21:42:43,903 - root - INFO - 今日已转发 9/100 条消息，剩余配额: 91 条
2025-04-15 21:42:43,905 - root - INFO - 已启动 6 分钟冷却时间，下次可转发时间: 21:48:43
2025-04-15 21:42:43,907 - root - INFO - 下次可转发时间: 21:48:43
2025-04-15 21:42:43,907 - root - INFO - 消息处理完成，等待 1.9 秒...
2025-04-15 21:42:44,009 - root - INFO - 模拟转发前的思考/处理时间: 2.3秒
2025-04-15 21:42:44,069 - root - INFO - 已转发媒体消息 (ID: 148996) 到目标频道，新消息ID: 1227
2025-04-15 21:42:44,069 - root - INFO - 今日已转发 10/100 条消息，剩余配额: 90 条
2025-04-15 21:42:44,069 - root - INFO - 已启动 6 分钟冷却时间，下次可转发时间: 21:48:44
2025-04-15 21:42:44,072 - root - INFO - 下次可转发时间: 21:48:44
2025-04-15 21:42:44,072 - root - INFO - 消息处理完成，等待 1.2 秒...
2025-04-15 21:42:44,638 - root - INFO - 处理来自「深圳最全动态榜」的媒体消息
2025-04-15 21:42:44,639 - root - INFO - 模拟媒体上传准备时间: 0.9秒
2025-04-15 21:42:44,696 - root - INFO - 已转发媒体消息 (ID: 149002) 到目标频道，新消息ID: 1228
2025-04-15 21:42:44,696 - root - INFO - 今日已转发 11/100 条消息，剩余配额: 89 条
2025-04-15 21:42:44,697 - root - INFO - 已启动 6 分钟冷却时间，下次可转发时间: 21:48:44
2025-04-15 21:42:44,699 - root - INFO - 下次可转发时间: 21:48:44
2025-04-15 21:42:44,699 - root - INFO - 消息处理完成，等待 1.6 秒...
2025-04-15 21:42:44,879 - root - INFO - 模拟转发前的思考/处理时间: 2.7秒
2025-04-15 21:42:45,043 - root - INFO - 已转发媒体消息 (ID: 149001) 到目标频道，新消息ID: 1229
2025-04-15 21:42:45,043 - root - INFO - 今日已转发 12/100 条消息，剩余配额: 88 条
2025-04-15 21:42:45,043 - root - INFO - 已启动 6 分钟冷却时间，下次可转发时间: 21:48:45
2025-04-15 21:42:45,047 - root - INFO - 下次可转发时间: 21:48:45
2025-04-15 21:42:45,047 - root - INFO - 消息处理完成，等待 2.0 秒...
2025-04-15 21:42:45,665 - root - INFO - 模拟转发前的思考/处理时间: 3.8秒
2025-04-15 21:42:45,693 - root - INFO - 模拟转发前的思考/处理时间: 1.9秒
2025-04-15 21:42:45,823 - root - INFO - 已转发媒体消息 (ID: 149006) 到目标频道，新消息ID: 1230
2025-04-15 21:42:45,823 - root - INFO - 今日已转发 13/100 条消息，剩余配额: 87 条
2025-04-15 21:42:45,823 - root - INFO - 已启动 6 分钟冷却时间，下次可转发时间: 21:48:45
2025-04-15 21:42:45,823 - root - INFO - 下次可转发时间: 21:48:45
2025-04-15 21:42:45,823 - root - INFO - 消息处理完成，等待 2.2 秒...
2025-04-15 21:42:45,874 - root - INFO - 模拟转发前的思考/处理时间: 1.9秒
2025-04-15 21:42:46,208 - root - INFO - 处理来自「深圳最全动态榜」的媒体消息
2025-04-15 21:42:46,208 - root - INFO - 模拟媒体上传准备时间: 1.9秒
2025-04-15 21:42:46,269 - root - INFO - 处理来自「深圳最全动态榜」的媒体消息
2025-04-15 21:42:46,269 - root - INFO - 模拟媒体上传准备时间: 0.7秒
2025-04-15 21:42:46,424 - root - INFO - 处理来自「深圳最全动态榜」的媒体消息
2025-04-15 21:42:46,425 - root - INFO - 模拟媒体上传准备时间: 1.0秒
2025-04-15 21:42:47,181 - root - INFO - 已转发媒体消息 (ID: 149008) 到目标频道，新消息ID: 1231
2025-04-15 21:42:47,202 - root - INFO - 今日已转发 14/100 条消息，剩余配额: 86 条
2025-04-15 21:42:47,202 - root - INFO - 已启动 6 分钟冷却时间，下次可转发时间: 21:48:47
2025-04-15 21:42:47,203 - root - INFO - 下次可转发时间: 21:48:47
2025-04-15 21:42:47,204 - root - INFO - 消息处理完成，等待 1.4 秒...
2025-04-15 21:42:47,587 - root - INFO - 处理来自「深圳最全动态榜」的媒体消息
2025-04-15 21:42:47,587 - root - INFO - 模拟媒体上传准备时间: 0.6秒
2025-04-15 21:42:47,588 - root - INFO - 处理来自「深圳最全动态榜」的媒体消息
2025-04-15 21:42:47,588 - root - INFO - 模拟媒体上传准备时间: 0.9秒
2025-04-15 21:42:47,808 - root - INFO - 处理来自「深圳最全动态榜」的媒体消息
2025-04-15 21:42:47,809 - root - INFO - 模拟媒体上传准备时间: 1.5秒
2025-04-15 21:42:47,816 - root - INFO - 已转发媒体消息 (ID: 149007) 到目标频道，新消息ID: 1232
2025-04-15 21:42:47,816 - root - INFO - 今日已转发 15/100 条消息，剩余配额: 85 条
2025-04-15 21:42:47,817 - root - INFO - 已启动 6 分钟冷却时间，下次可转发时间: 21:48:47
2025-04-15 21:42:47,818 - root - INFO - 下次可转发时间: 21:48:47
2025-04-15 21:42:47,819 - root - INFO - 消息处理完成，等待 1.0 秒...
2025-04-15 21:42:48,324 - root - INFO - 已转发媒体消息 (ID: 149004) 到目标频道，新消息ID: 1233
2025-04-15 21:42:48,324 - root - INFO - 今日已转发 16/100 条消息，剩余配额: 84 条
2025-04-15 21:42:48,324 - root - INFO - 已启动 6 分钟冷却时间，下次可转发时间: 21:48:48
2025-04-15 21:42:48,328 - root - INFO - 下次可转发时间: 21:48:48
2025-04-15 21:42:48,328 - root - INFO - 消息处理完成，等待 1.9 秒...
2025-04-15 21:42:48,466 - root - INFO - 已转发媒体消息 (ID: 148999) 到目标频道，新消息ID: 1234
2025-04-15 21:42:48,470 - root - INFO - 今日已转发 17/100 条消息，剩余配额: 83 条
2025-04-15 21:27:44,617 - root - INFO - 下次可转发时间: 21:33:44
2025-04-15 21:27:44,617 - root - INFO - 消息处理完成，等待 1.1 秒...
2025-04-15 21:27:44,656 - root - INFO - 已转发媒体消息 (ID: 148990) 到目标频道，新消息ID: 1219
2025-04-15 21:27:44,657 - root - INFO - 今日已转发 2/100 条消息，剩余配额: 98 条
2025-04-15 21:27:44,657 - root - INFO - 已启动 6 分钟冷却时间，下次可转发时间: 21:33:44
2025-04-15 21:27:44,658 - root - INFO - 下次可转发时间: 21:33:44
2025-04-15 21:27:44,659 - root - INFO - 消息处理完成，等待 1.5 秒...
2025-04-15 21:27:45,969 - root - INFO - 已转发媒体消息 (ID: 148991) 到目标频道，新消息ID: 1220
2025-04-15 21:27:45,969 - root - INFO - 今日已转发 3/100 条消息，剩余配额: 97 条
2025-04-15 21:27:45,973 - root - INFO - 已启动 6 分钟冷却时间，下次可转发时间: 21:33:45
2025-04-15 21:27:45,974 - root - INFO - 下次可转发时间: 21:33:45
2025-04-15 21:27:45,974 - root - INFO - 消息处理完成，等待 1.4 秒...
2025-04-15 21:27:46,047 - root - INFO - 模拟转发前的思考/处理时间: 3.2秒
2025-04-15 21:27:46,562 - root - INFO - 模拟转发前的思考/处理时间: 2.0秒
2025-04-15 21:27:47,731 - root - INFO - 处理来自「深圳最全动态榜」的媒体消息
2025-04-15 21:27:47,732 - root - INFO - 模拟媒体上传准备时间: 1.3秒
2025-04-15 21:27:48,555 - root - INFO - 处理来自「深圳最全动态榜」的媒体消息
2025-04-15 21:27:48,555 - root - INFO - 模拟媒体上传准备时间: 1.4秒
2025-04-15 21:27:49,235 - root - INFO - 处理来自「深圳最全动态榜」的媒体消息
2025-04-15 21:27:49,236 - root - INFO - 模拟媒体上传准备时间: 1.5秒
2025-04-15 21:27:49,290 - root - INFO - 已转发媒体消息 (ID: 148993) 到目标频道，新消息ID: 1221
2025-04-15 21:27:49,290 - root - INFO - 今日已转发 4/100 条消息，剩余配额: 96 条
2025-04-15 21:27:49,290 - root - INFO - 已启动 6 分钟冷却时间，下次可转发时间: 21:33:49
2025-04-15 21:27:49,294 - root - INFO - 下次可转发时间: 21:33:49
2025-04-15 21:27:49,294 - root - INFO - 消息处理完成，等待 1.6 秒...
2025-04-15 21:27:50,213 - root - INFO - 已转发媒体消息 (ID: 148988) 到目标频道，新消息ID: 1222
2025-04-15 21:27:50,213 - root - INFO - 今日已转发 5/100 条消息，剩余配额: 95 条
2025-04-15 21:27:50,214 - root - INFO - 已启动 6 分钟冷却时间，下次可转发时间: 21:33:50
2025-04-15 21:27:50,215 - root - INFO - 下次可转发时间: 21:33:50
2025-04-15 21:27:50,216 - root - INFO - 消息处理完成，等待 1.8 秒...
2025-04-15 21:27:51,028 - root - INFO - 已转发媒体消息 (ID: 148992) 到目标频道，新消息ID: 1223
2025-04-15 21:27:51,028 - root - INFO - 今日已转发 6/100 条消息，剩余配额: 94 条
2025-04-15 21:27:51,028 - root - INFO - 已启动 6 分钟冷却时间，下次可转发时间: 21:33:51
2025-04-15 21:27:51,033 - root - INFO - 下次可转发时间: 21:33:51
2025-04-15 21:27:51,033 - root - INFO - 消息处理完成，等待 1.1 秒...
2025-04-15 21:28:01,351 - root - INFO - 模拟转发前的思考/处理时间: 2.7秒
2025-04-15 21:28:04,076 - root - INFO - 处理来自「深圳最全动态榜」的媒体消息
2025-04-15 21:28:04,077 - root - INFO - 模拟媒体上传准备时间: 0.9秒
2025-04-15 21:28:05,264 - root - INFO - 已转发媒体消息 (ID: 148989) 到目标频道，新消息ID: 1224
2025-04-15 21:28:05,264 - root - INFO - 今日已转发 7/100 条消息，剩余配额: 93 条
2025-04-15 21:28:05,265 - root - INFO - 已启动 6 分钟冷却时间，下次可转发时间: 21:34:05
2025-04-15 21:28:05,267 - root - INFO - 下次可转发时间: 21:34:05
2025-04-15 21:28:05,267 - root - INFO - 消息处理完成，等待 1.8 秒...
2025-04-15 21:42:32,960 - telethon.client.updates - INFO - Got difference for account updates
2025-04-15 21:42:33,095 - telethon.client.updates - INFO - Got difference for channel 2173079946 updates
2025-04-15 21:42:33,333 - telethon.client.updates - INFO - Got difference for channel 2285829348 updates
2025-04-15 21:42:33,335 - root - INFO - 收到来自频道「深圳最全动态榜」的新消息: 148995
2025-04-15 21:42:33,335 - root - INFO - 消息 (ID: 148995) 完整文本内容: 『20250329175232』
🆔艺名： 星星
📍地址：#龙岗
💲价格：#1200p #2000pp
🚀私聊：@AA258580
『20250329175232』
🆔艺名： 星星
📍地址：#龙岗
💲价格：#1200p #2000pp
🚀私聊：@AA258580
『20250329175232』
🆔艺名： 星星
📍地址：#龙岗
💲价格：#1200p #2000pp
🚀私聊：@AA258580
2025-04-15 21:42:33,339 - root - INFO - 找到关键词匹配: '私聊'
2025-04-15 21:42:33,339 - root - INFO - 消息 (ID: 148995) 包含媒体且文本包含关键词，将进行转发
2025-04-15 21:42:33,339 - root - INFO - 根据消息类型和长度，模拟真实阅读延迟: 6.1秒
2025-04-15 21:42:33,339 - root - INFO - 收到来自频道「深圳最全动态榜」的新消息: 148996
2025-04-15 21:42:33,339 - root - INFO - 消息 (ID: 148996) 完整文本内容: 『20250329231905』
🆔艺名： 萌萌
📍地址：#深圳 #宝安
💲价格：#800p #1500pp
🚀私聊： @mengmengob
『20250329231905』
🆔艺名： 萌萌
📍地址：#深圳 #宝安
💲价格：#800p #1500pp
🚀私聊： @mengmengob
『20250329231905』
🆔艺名： 萌萌
📍地址：#深圳 #宝安
💲价格：#800p #1500pp
🚀私聊： @mengmengob
2025-04-15 21:42:33,344 - root - INFO - 找到关键词匹配: '私聊'
2025-04-15 21:42:33,344 - root - INFO - 消息 (ID: 148996) 包含媒体且文本包含关键词，将进行转发
2025-04-15 21:42:33,345 - root - INFO - 根据消息类型和长度，模拟真实阅读延迟: 6.5秒
2025-04-15 21:42:33,347 - root - INFO - 收到来自频道「深圳最全动态榜」的新消息: 148997
2025-04-15 21:42:33,348 - root - INFO - 消息 (ID: 148997) 完整文本内容: 『20250330122813』
🆔艺名： 加菲猫
📍地址：#罗湖
💲价格：#800p #1500pp
🚀私聊：@mao_maomi
『20250330122813』
🆔艺名： 加菲猫
📍地址：#罗湖
💲价格：#800p #1500pp
🚀私聊：@mao_maomi
『20250330122813』
🆔艺名： 加菲猫
📍地址：#罗湖
💲价格：#800p #1500pp
🚀私聊：@mao_maomi
2025-04-15 21:42:33,349 - root - INFO - 找到关键词匹配: '私聊'
2025-04-15 21:42:33,350 - root - INFO - 消息 (ID: 148997) 包含媒体且文本包含关键词，将进行转发
2025-04-15 21:42:33,350 - root - INFO - 根据消息类型和长度，模拟真实阅读延迟: 12.3秒
2025-04-15 21:42:33,351 - root - INFO - 收到来自频道「深圳最全动态榜」的新消息: 148998
2025-04-15 21:42:33,351 - root - INFO - 消息 (ID: 148998) 完整文本内容: 『20250331141357』
🆔艺名： 莎莎
📍地址：#龙岗
💲价格：#900p #1600pp
🚀私聊：@xiaoG221
『20250331141357』
🆔艺名： 莎莎
📍地址：#龙岗
💲价格：#900p #1600pp
🚀私聊：@xiaoG221
『20250331141357』
🆔艺名： 莎莎
📍地址：#龙岗
💲价格：#900p #1600pp
🚀私聊：@xiaoG221
2025-04-15 21:42:33,354 - root - INFO - 找到关键词匹配: '私聊'
2025-04-15 21:42:33,355 - root - INFO - 消息 (ID: 148998) 包含媒体且文本包含关键词，将进行转发
2025-04-15 21:42:33,355 - root - INFO - 根据消息类型和长度，模拟真实阅读延迟: 12.5秒
2025-04-15 21:42:33,356 - root - INFO - 收到来自频道「深圳最全动态榜」的新消息: 148999
2025-04-15 21:42:33,356 - root - INFO - 消息 (ID: 148999) 完整文本内容: 『20250401154359』
🆔艺名： 桐桐
📍地址：#宝安
💲价格：#700p #1300pp
🚀私聊：@xiouxiang3
『20250401154359』
🆔艺名： 桐桐
📍地址：#宝安
💲价格：#700p #1300pp
🚀私聊：@xiouxiang3
『20250401154359』
🆔艺名： 桐桐
📍地址：#宝安
💲价格：#700p #1300pp
🚀私聊：@xiouxiang3
2025-04-15 21:42:33,357 - root - INFO - 找到关键词匹配: '私聊'
2025-04-15 21:42:33,357 - root - INFO - 消息 (ID: 148999) 包含媒体且文本包含关键词，将进行转发
2025-04-15 21:42:33,357 - root - INFO - 根据消息类型和长度，模拟真实阅读延迟: 12.3秒
2025-04-15 21:42:33,357 - root - INFO - 收到来自频道「深圳最全动态榜」的新消息: 149000
2025-04-15 21:42:33,357 - root - INFO - 消息 (ID: 149000) 完整文本内容: 『20250401165718』
🆔艺名： 瑶瑶
📍地址：#南山
💲价格：#1000p #1800pp
🚀私聊：@gzbyyaoyao
『20250401165718』
🆔艺名： 瑶瑶
📍地址：#南山
💲价格：#1000p #1800pp
🚀私聊：@gzbyyaoyao
『20250401165718』
🆔艺名： 瑶瑶
📍地址：#南山
💲价格：#1000p #1800pp
🚀私聊：@gzbyyaoyao
2025-04-15 21:42:33,361 - root - INFO - 找到关键词匹配: '私聊'
2025-04-15 21:42:33,362 - root - INFO - 消息 (ID: 149000) 包含媒体且文本包含关键词，将进行转发
2025-04-15 21:42:33,362 - root - INFO - 根据消息类型和长度，模拟真实阅读延迟: 6.8秒
2025-04-15 21:42:33,363 - root - INFO - 收到来自频道「深圳最全动态榜」的新消息: 149001
2025-04-15 21:42:33,364 - root - INFO - 消息 (ID: 149001) 完整文本内容: 『20250401200425』
🆔艺名： 大乔
📍地址：#南山
💲价格：#1000p #1800pp
🚀私聊：@g86596
『20250401200425』
🆔艺名： 大乔
📍地址：#南山
💲价格：#1000p #1800pp
🚀私聊：@g86596
『20250401200425』
🆔艺名： 大乔
📍地址：#南山
💲价格：#1000p #1800pp
🚀私聊：@g86596
2025-04-15 21:42:33,365 - root - INFO - 找到关键词匹配: '私聊'
2025-04-15 21:42:33,365 - root - INFO - 消息 (ID: 149001) 包含媒体且文本包含关键词，将进行转发
2025-04-15 21:42:33,365 - root - INFO - 根据消息类型和长度，模拟真实阅读延迟: 7.6秒
2025-04-15 21:42:33,365 - root - INFO - 收到来自频道「深圳最全动态榜」的新消息: 149002
2025-04-15 21:42:33,365 - root - INFO - 消息 (ID: 149002) 完整文本内容: 『20250401210716』
🆔艺名： 微微
📍地址：#福田
💲价格：#1200p #2000pp
🚀私聊：@sjnbgl
『20250401210716』
🆔艺名： 微微
📍地址：#福田
💲价格：#1200p #2000pp
🚀私聊：@sjnbgl
『20250401210716』
🆔艺名： 微微
📍地址：#福田
💲价格：#1200p #2000pp
🚀私聊：@sjnbgl
2025-04-15 21:42:33,369 - root - INFO - 找到关键词匹配: '私聊'
2025-04-15 21:42:33,369 - root - INFO - 消息 (ID: 149002) 包含媒体且文本包含关键词，将进行转发
2025-04-15 21:42:33,369 - root - INFO - 根据消息类型和长度，模拟真实阅读延迟: 7.3秒
2025-04-15 21:42:33,369 - root - INFO - 收到来自频道「深圳最全动态榜」的新消息: 149003
2025-04-15 21:42:33,369 - root - INFO - 消息 (ID: 149003) 完整文本内容: 『20250402140224』
🔮 缺个女伴儿？
出差 商务 应酬 或者单纯无聊？
欢迎来到纯白之歌全国包养频道
你想要的类型都在这 🧸
👉BY联络专员：  [迷你白](https://t.me/HappyTvT)
https://t.me/+Dm3jmqv8MXI5ZGY1
『20250402140224』
🔮 缺个女伴儿？
出差 商务 应酬 或者单纯无聊？
欢迎来到纯白之歌全国包养频道
你想要的类型都在这 🧸
👉BY联络专员：  迷你白
https://t.me/+Dm3jmqv8MXI5ZGY1
『20250402140224』
🔮 缺个女伴儿？
出差 商务 应酬 或者单纯无聊？
欢迎来到纯白之歌全国包养频道
你想要的类型都在这 🧸
👉BY联络专员：  迷你白
https://t.me/+Dm3jmqv8MXI5ZGY1
2025-04-15 21:42:33,375 - root - INFO - 找到关键词匹配: 'https://t.me/'
2025-04-15 21:42:33,375 - root - INFO - 消息 (ID: 149003) 包含媒体且文本包含关键词，将进行转发
2025-04-15 21:42:33,375 - root - INFO - 根据消息类型和长度，模拟真实阅读延迟: 11.5秒
2025-04-15 21:42:33,375 - root - INFO - 收到来自频道「深圳最全动态榜」的新消息: 149004
2025-04-15 21:42:33,375 - root - INFO - 消息 (ID: 149004) 完整文本内容: 『20250402143021』
🆔艺名： 杨园
📍地址:   #龙华
💲价格：#800p #1600pp
🚀私聊:  @yangyangjk
『20250402143021』
🆔艺名： 杨园
📍地址:   #龙华
💲价格：#800p #1600pp
🚀私聊:  @yangyangjk
『20250402143021』
🆔艺名： 杨园
📍地址:   #龙华
💲价格：#800p #1600pp
🚀私聊:  @yangyangjk
2025-04-15 21:42:33,380 - root - INFO - 找到关键词匹配: '私聊'
2025-04-15 21:42:33,380 - root - INFO - 消息 (ID: 149004) 包含媒体且文本包含关键词，将进行转发
2025-04-15 21:42:33,380 - root - INFO - 根据消息类型和长度，模拟真实阅读延迟: 9.9秒
2025-04-15 21:42:33,380 - root - INFO - 收到来自频道「深圳最全动态榜」的新消息: 149005
2025-04-15 21:42:33,380 - root - INFO - 消息 (ID: 149005) 完整文本内容: 『20250402152800』
古法抓龙筋，通过特定手法运用于男性的龙筋部位，生殖器及其周围的筋脉，有助于疏通经脉，提升气血循环，改善生殖器官系统健康，从而提升男性的性生活质量。同时，结合三起三落，寸止，龟责等手法，使人达到保养效果之余还可以体验到飘飘欲仙的感觉😍
【花名】：小桃老师
【位置】：＃南山
【抓龙筋】：600# 900#
【联系方式】qq:1243704066
微信：a1501256780
电报：@X18899
电报频道：@X1668888888
『20250402152800』
古法抓龙筋，通过特定手法运用于男性的龙筋部位，生殖器及其周围的筋脉，有助于疏通经脉，提升气血循环，改善生殖器官系统健康，从而提升男性的性生活质量。同时，结合三起三落，寸止，龟责等手法，使人达到保养效果之余还可以体验到飘飘欲仙的感觉😍
【花名】：小桃老师
【位置】：＃南山
【抓龙筋】：600# 900#
【联系方式】qq:1243704066
微信：a1501256780
电报：@X18899
电报频道：@X1668888888
『20250402152800』
古法抓龙筋，通过特定手法运用于男性的龙筋部位，生殖器及其周围的筋脉，有助于疏通经脉，提升气血循环，改善生殖器官系统健康，从而提升男性的性生活质量。同时，结合三起三落，寸止，龟责等手法，使人达到保养效果之余还可以体验到飘飘欲仙的感觉😍
【花名】：小桃老师
【位置】：＃南山
【抓龙筋】：600# 900#
【联系方式】qq:1243704066
微信：a1501256780
电报：@X18899
电报频道：@X1668888888
2025-04-15 21:42:33,384 - root - INFO - 找到关键词匹配: '频道'
2025-04-15 21:42:33,384 - root - INFO - 消息 (ID: 149005) 包含媒体且文本包含关键词，将进行转发
2025-04-15 21:12:32,200 - root - INFO - ==================================================
2025-04-15 21:12:32,200 - root - INFO - 高级转发机器人启动 - 2025-04-15 21:12:32
2025-04-15 21:12:32,200 - root - INFO - ==================================================
2025-04-15 21:12:32,208 - root - INFO - 使用已有会话登录...
2025-04-15 21:12:32,208 - root - INFO - 初始化转发时间为 None，确保启动时无冷却限制
2025-04-15 21:12:32,210 - root - INFO - 程序重启后重置今日消息计数: 0/100
2025-04-15 21:12:32,212 - root - INFO - 上次运行的消息计数为: 0 (日期: 2025-04-15)，已忽略并重置为0
2025-04-15 21:12:32,213 - telethon.network.mtprotosender - INFO - Connecting to 91.108.56.183:443/TcpFull...
2025-04-15 21:12:32,216 - telethon.network.mtprotosender - INFO - Connection to 91.108.56.183:443/TcpFull complete!
2025-04-15 21:12:33,019 - root - INFO - 登录成功!
2025-04-15 21:12:33,021 - root - INFO - 已加载 3 个已加入频道的记录
2025-04-15 21:12:33,021 - root - INFO - 尝试自动加入配置的源频道...
2025-04-15 21:12:33,021 - root - INFO - 跳过已记录加入的频道: https://t.me/szzqdt
2025-04-15 21:12:33,154 - root - INFO - 已从记录中恢复频道: 「深圳最全动态榜」
2025-04-15 21:12:33,154 - root - INFO - 跳过已记录加入的频道: https://t.me/+yXL4uZgD7p1jZGZl
2025-04-15 21:12:33,375 - root - INFO - 已从记录中恢复频道: 「深圳修车大队」
2025-04-15 21:12:33,376 - root - INFO - 跳过已记录加入的频道: https://t.me/beifuzhiqunzu
2025-04-15 21:12:33,502 - root - INFO - 已从记录中恢复频道: 「被复制的群组-1」
2025-04-15 21:12:33,502 - root - INFO - 准备加入 0 个频道，将模拟人类操作速度...
2025-04-15 21:12:33,502 - root - INFO - 频道加入结果摘要:
2025-04-15 21:12:33,502 - root - INFO - ✅ 已从记录中恢复: 深圳最全动态榜
2025-04-15 21:12:33,502 - root - INFO - ✅ 已从记录中恢复: 深圳修车大队
2025-04-15 21:12:33,502 - root - INFO - ✅ 已从记录中恢复: 被复制的群组-1
2025-04-15 21:12:33,502 - root - INFO - 原始SOURCE_CHANNELS长度: 3
2025-04-15 21:12:33,502 - root - INFO - 尝试修正频道ID格式: 2285829348 -> -1002285829348
2025-04-15 21:12:33,634 - root - INFO - 使用修正后的ID格式成功连接频道: 「深圳最全动态榜」
2025-04-15 21:12:33,634 - root - INFO - 尝试修正频道ID格式: 1598335961 -> -1001598335961
2025-04-15 21:12:33,763 - root - INFO - 使用修正后的ID格式成功连接频道: 「深圳修车大队」
2025-04-15 21:12:33,763 - root - INFO - 尝试修正频道ID格式: 2559453784 -> -1002559453784
2025-04-15 21:12:33,881 - root - INFO - 使用修正后的ID格式成功连接频道: 「被复制的群组-1」
2025-04-15 21:12:33,881 - root - INFO - 尝试连接目标频道: -1001915427892
2025-04-15 21:12:34,297 - root - INFO - 已连接到目标频道: 「👩🏻‍🦰深圳乐逍遥楼凤频道」
2025-04-15 21:12:34,537 - root - INFO - 已发送测试消息到目标频道，连接正常
2025-04-15 21:12:34,537 - root - INFO - === 开始监控以下频道 ===
2025-04-15 21:12:34,537 - root - INFO - 1. 「深圳最全动态榜」
2025-04-15 21:12:34,539 - root - INFO - 2. 「深圳修车大队」
2025-04-15 21:12:34,539 - root - INFO - 3. 「被复制的群组-1」
2025-04-15 21:12:34,539 - root - INFO - ========================
2025-04-15 21:12:34,539 - root - INFO - 高级转发机器人已启动，正在监控频道...
2025-04-15 21:12:34,541 - root - INFO - 监控的频道: [<telethon.tl.types.Channel object at 0x000002197EC023D0>, <telethon.tl.types.Channel object at 0x000002197EC025D0>, <telethon.tl.types.Channel object at 0x000002197EC028D0>]
2025-04-15 21:12:34,541 - root - INFO - 目标频道: -1001915427892
2025-04-15 21:12:34,541 - root - INFO - 每日消息配额: 100条，今日已发送: 0条，剩余: 100条
2025-04-15 21:27:32,948 - telethon.client.updates - INFO - Got difference for account updates
2025-04-15 21:27:33,743 - telethon.client.updates - INFO - Got difference for channel 2285829348 updates
2025-04-15 21:27:33,743 - root - INFO - 收到来自频道「深圳最全动态榜」的新消息: 148988
2025-04-15 21:27:33,751 - root - INFO - 消息 (ID: 148988) 完整文本内容: 『20250326155750』
🆔艺名： 安可儿
📍地址：#南山
💲价格：#1000p #1600pp
🚀私聊：@keer3939
『20250326155750』
🆔艺名： 安可儿
📍地址：#南山
💲价格：#1000p #1600pp
🚀私聊：@keer3939
『20250326155750』
🆔艺名： 安可儿
📍地址：#南山
💲价格：#1000p #1600pp
🚀私聊：@keer3939
2025-04-15 21:27:33,755 - root - INFO - 找到关键词匹配: '私聊'
2025-04-15 21:27:33,755 - root - INFO - 消息 (ID: 148988) 包含媒体且文本包含关键词，将进行转发
2025-04-15 21:27:33,755 - root - INFO - 首次转发消息，无需等待冷却时间
2025-04-15 21:27:33,755 - root - INFO - 根据消息类型和长度，模拟真实阅读延迟: 12.8秒
2025-04-15 21:27:33,755 - root - INFO - 收到来自频道「深圳最全动态榜」的新消息: 148989
2025-04-15 21:27:33,755 - root - INFO - 消息 (ID: 148989) 完整文本内容: 『20250326171235』
🆔艺名： 花椰椰
📍地址：#南山
💲价格：#700p #1400pp
🚀私聊：@Fa_caiyeTG
『20250326171235』
🆔艺名： 花椰椰
📍地址：#南山
💲价格：#700p #1400pp
🚀私聊：@Fa_caiyeTG
『20250326171235』
🆔艺名： 花椰椰
📍地址：#南山
💲价格：#700p #1400pp
🚀私聊：@Fa_caiyeTG
2025-04-15 21:27:33,759 - root - INFO - 找到关键词匹配: '私聊'
2025-04-15 21:27:33,759 - root - INFO - 消息 (ID: 148989) 包含媒体且文本包含关键词，将进行转发
2025-04-15 21:27:33,759 - root - INFO - 首次转发消息，无需等待冷却时间
2025-04-15 21:27:33,759 - root - INFO - 模拟人类分心行为，暂停 17.5 秒
2025-04-15 21:27:33,759 - root - INFO - 根据消息类型和长度，模拟真实阅读延迟: 27.6秒
2025-04-15 21:27:33,759 - root - INFO - 收到来自频道「深圳最全动态榜」的新消息: 148990
2025-04-15 21:27:33,759 - root - INFO - 消息 (ID: 148990) 完整文本内容: 『20250327170220』
🆔艺名： 陈小影
📍地址：#宝安
💲价格：#800p #1500pp
🚀私聊：@xiaoying3311
『20250327170220』
🆔艺名： 陈小影
📍地址：#宝安
💲价格：#800p #1500pp
🚀私聊：@xiaoying3311
『20250327170220』
🆔艺名： 陈小影
📍地址：#宝安
💲价格：#800p #1500pp
🚀私聊：@xiaoying3311
2025-04-15 21:27:33,764 - root - INFO - 找到关键词匹配: '私聊'
2025-04-15 21:27:33,764 - root - INFO - 消息 (ID: 148990) 包含媒体且文本包含关键词，将进行转发
2025-04-15 21:27:33,764 - root - INFO - 首次转发消息，无需等待冷却时间
2025-04-15 21:27:33,766 - root - INFO - 根据消息类型和长度，模拟真实阅读延迟: 8.4秒
2025-04-15 21:27:33,766 - root - INFO - 收到来自频道「深圳最全动态榜」的新消息: 148991
2025-04-15 21:27:33,766 - root - INFO - 消息 (ID: 148991) 完整文本内容: 『20250327195100』
🆔艺名： 小赵丽颖
📍地址：#宝安
💲价格：#800p #1500pp
🚀私聊：@yy2005123
『20250327195100』
🆔艺名： 小赵丽颖
📍地址：#宝安
💲价格：#800p #1500pp
🚀私聊：@yy2005123
『20250327195100』
🆔艺名： 小赵丽颖
📍地址：#宝安
💲价格：#800p #1500pp
🚀私聊：@yy2005123
2025-04-15 21:27:33,767 - root - INFO - 找到关键词匹配: '私聊'
2025-04-15 21:27:33,767 - root - INFO - 消息 (ID: 148991) 包含媒体且文本包含关键词，将进行转发
2025-04-15 21:27:33,767 - root - INFO - 首次转发消息，无需等待冷却时间
2025-04-15 21:27:33,767 - root - INFO - 根据消息类型和长度，模拟真实阅读延迟: 8.4秒
2025-04-15 21:27:33,771 - root - INFO - 收到来自频道「深圳最全动态榜」的新消息: 148992
2025-04-15 21:27:33,771 - root - INFO - 消息 (ID: 148992) 完整文本内容: 『20250328172150』
🆔艺名： 金珍妮
📍地址：#龙岗
💲价格：#600p #1200pp
🚀私聊：@jinzhenni1123
💬报告：0
『20250328172150』
🆔艺名： 金珍妮
📍地址：#龙岗
💲价格：#600p #1200pp
🚀私聊：@jinzhenni1123
💬报告：0
『20250328172150』
🆔艺名： 金珍妮
📍地址：#龙岗
💲价格：#600p #1200pp
🚀私聊：@jinzhenni1123
💬报告：0
2025-04-15 21:27:33,774 - root - INFO - 找到关键词匹配: '私聊'
2025-04-15 21:27:33,774 - root - INFO - 消息 (ID: 148992) 包含媒体且文本包含关键词，将进行转发
2025-04-15 21:27:33,774 - root - INFO - 首次转发消息，无需等待冷却时间
2025-04-15 21:27:33,776 - root - INFO - 根据消息类型和长度，模拟真实阅读延迟: 12.3秒
2025-04-15 21:27:33,777 - root - INFO - 收到来自频道「深圳最全动态榜」的新消息: 148993
2025-04-15 21:27:33,777 - root - INFO - 消息 (ID: 148993) 完整文本内容: 『20250328184118』
🆔艺名： 嘉嘉
📍地址：#福田
💲价格：#1000p #1700pp
🚀私聊：@jiajia6530
『20250328184118』
🆔艺名： 嘉嘉
📍地址：#福田
💲价格：#1000p #1700pp
🚀私聊：@jiajia6530
『20250328184118』
🆔艺名： 嘉嘉
📍地址：#福田
💲价格：#1000p #1700pp
🚀私聊：@jiajia6530
2025-04-15 21:27:33,777 - root - INFO - 找到关键词匹配: '私聊'
2025-04-15 21:27:33,777 - root - INFO - 消息 (ID: 148993) 包含媒体且文本包含关键词，将进行转发
2025-04-15 21:27:33,777 - root - INFO - 首次转发消息，无需等待冷却时间
2025-04-15 21:27:33,781 - root - INFO - 根据消息类型和长度，模拟真实阅读延迟: 10.5秒
2025-04-15 21:27:33,781 - root - INFO - 收到来自频道「深圳最全动态榜」的新消息: 148994
2025-04-15 21:27:33,781 - root - INFO - 消息 (ID: 148994) 完整文本内容: 『20250329000517』
🆔艺名： 琳可儿
📍地址：#龙岗
💲价格：#800p #1600pp
🚀私聊：@mmo1342
『20250329000517』
🆔艺名： 琳可儿
📍地址：#龙岗
💲价格：#800p #1600pp
🚀私聊：@mmo1342
『20250329000517』
🆔艺名： 琳可儿
📍地址：#龙岗
💲价格：#800p #1600pp
🚀私聊：@mmo1342
2025-04-15 21:27:33,781 - root - INFO - 找到关键词匹配: '私聊'
2025-04-15 21:27:33,785 - root - INFO - 消息 (ID: 148994) 包含媒体且文本包含关键词，将进行转发
2025-04-15 21:27:33,785 - root - INFO - 首次转发消息，无需等待冷却时间
2025-04-15 21:27:33,785 - root - INFO - 根据消息类型和长度，模拟真实阅读延迟: 7.2秒
2025-04-15 21:27:40,949 - root - INFO - 模拟转发前的思考/处理时间: 1.8秒
2025-04-15 21:27:42,119 - root - INFO - 模拟转发前的思考/处理时间: 1.7秒
2025-04-15 21:27:42,186 - root - INFO - 模拟转发前的思考/处理时间: 1.7秒
2025-04-15 21:27:42,760 - root - INFO - 处理来自「深圳最全动态榜」的媒体消息
2025-04-15 21:27:42,760 - root - INFO - 模拟媒体上传准备时间: 1.6秒
2025-04-15 21:27:43,774 - root - INFO - 处理来自「深圳最全动态榜」的媒体消息
2025-04-15 21:27:43,775 - root - INFO - 模拟媒体上传准备时间: 2.0秒
2025-04-15 21:27:43,902 - root - INFO - 处理来自「深圳最全动态榜」的媒体消息
2025-04-15 21:27:43,904 - root - INFO - 模拟媒体上传准备时间: 0.5秒
2025-04-15 21:27:44,305 - root - INFO - 模拟转发前的思考/处理时间: 3.4秒
2025-04-15 21:27:44,612 - root - INFO - 已转发媒体消息 (ID: 148994) 到目标频道，新消息ID: 1218
2025-04-15 21:27:44,613 - root - INFO - 今日已转发 1/100 条消息，剩余配额: 99 条
2025-04-15 21:27:44,614 - root - INFO - 已启动 6 分钟冷却时间，下次可转发时间: 21:33:44
2025-04-15 21:12:05,926 - root - INFO - 保存消息计数数据并退出...
2025-04-15 21:12:05,925 - telethon.network.mtprotosender - INFO - Disconnection from 91.108.56.183:443/TcpFull complete!
2025-04-15 21:12:05,923 - telethon.network.mtprotosender - INFO - Disconnecting from 91.108.56.183:443/TcpFull...
2025-04-15 21:04:52,274 - root - INFO - 每日消息配额: 100条，今日已发送: 0条，剩余: 100条
2025-04-15 21:04:52,274 - root - INFO - 目标频道: -1001915427892
2025-04-15 21:04:52,274 - root - INFO - 监控的频道: [<telethon.tl.types.Channel object at 0x0000016C0F40D750>, <telethon.tl.types.Channel object at 0x0000016C0F40D950>, <telethon.tl.types.Channel object at 0x0000016C0F40DC50>]
2025-04-15 21:04:52,274 - root - INFO - 高级转发机器人已启动，正在监控频道...
2025-04-15 21:04:52,274 - root - INFO - ========================
2025-04-15 21:04:52,274 - root - INFO - 3. 「被复制的群组-1」
2025-04-15 21:04:52,274 - root - INFO - 2. 「深圳修车大队」
2025-04-15 21:04:52,274 - root - INFO - 1. 「深圳最全动态榜」
2025-04-15 21:04:52,274 - root - INFO - === 开始监控以下频道 ===
2025-04-15 21:04:52,270 - root - INFO - 已发送测试消息到目标频道，连接正常
2025-04-15 21:04:52,023 - root - INFO - 已连接到目标频道: 「👩🏻‍🦰深圳乐逍遥楼凤频道」
2025-04-15 21:04:51,794 - root - INFO - 尝试连接目标频道: -1001915427892
2025-04-15 21:04:51,794 - root - INFO - 使用修正后的ID格式成功连接频道: 「被复制的群组-1」
2025-04-15 21:04:51,680 - root - INFO - 尝试修正频道ID格式: 2559453784 -> -1002559453784
2025-04-15 21:04:51,680 - root - INFO - 使用修正后的ID格式成功连接频道: 「深圳修车大队」
2025-04-15 21:04:51,568 - root - INFO - 尝试修正频道ID格式: 1598335961 -> -1001598335961
2025-04-15 21:04:51,568 - root - INFO - 使用修正后的ID格式成功连接频道: 「深圳最全动态榜」
2025-04-15 21:04:51,454 - root - INFO - 尝试修正频道ID格式: 2285829348 -> -1002285829348
2025-04-15 21:04:51,454 - root - INFO - 原始SOURCE_CHANNELS长度: 3
2025-04-15 21:04:51,454 - root - INFO - ✅ 已从记录中恢复: 被复制的群组-1
2025-04-15 21:04:51,454 - root - INFO - ✅ 已从记录中恢复: 深圳修车大队
2025-04-15 21:04:51,454 - root - INFO - ✅ 已从记录中恢复: 深圳最全动态榜
2025-04-15 21:04:51,453 - root - INFO - 频道加入结果摘要:
2025-04-15 21:04:51,453 - root - INFO - 准备加入 0 个频道，将模拟人类操作速度...
2025-04-15 21:04:51,453 - root - INFO - 已从记录中恢复频道: 「被复制的群组-1」
2025-04-15 21:04:51,332 - root - INFO - 跳过已记录加入的频道: https://t.me/beifuzhiqunzu
2025-04-15 21:04:51,332 - root - INFO - 已从记录中恢复频道: 「深圳修车大队」
2025-04-15 21:04:51,184 - root - INFO - 跳过已记录加入的频道: https://t.me/+yXL4uZgD7p1jZGZl
2025-04-15 21:04:51,184 - root - INFO - 已从记录中恢复频道: 「深圳最全动态榜」
2025-04-15 21:04:51,066 - root - INFO - 跳过已记录加入的频道: https://t.me/szzqdt
2025-04-15 21:04:51,066 - root - INFO - 尝试自动加入配置的源频道...
2025-04-15 21:04:51,066 - root - INFO - 已加载 3 个已加入频道的记录
2025-04-15 21:04:51,062 - root - INFO - 登录成功!
2025-04-15 21:04:50,331 - telethon.network.mtprotosender - INFO - Connection to 91.108.56.183:443/TcpFull complete!
2025-04-15 21:04:50,328 - telethon.network.mtprotosender - INFO - Connecting to 91.108.56.183:443/TcpFull...
2025-04-15 21:04:50,328 - root - INFO - 上次运行的消息计数为: 2 (日期: 2025-04-13)，已忽略并重置为0
2025-04-15 21:04:50,325 - root - INFO - 程序重启后重置今日消息计数: 0/100
2025-04-15 21:04:50,325 - root - INFO - 使用已有会话登录...
2025-04-15 21:04:50,315 - root - INFO - ==================================================
2025-04-15 21:04:50,315 - root - INFO - 高级转发机器人启动 - 2025-04-15 21:04:50
2025-04-15 21:04:50,315 - root - INFO - ==================================================
